CRITICAL - 2022-09-14 09:57:48 --> Call to a member function where() on null
#0 C:\laragon\www\Project\helpme\system\CodeIgniter.php(832): App\Controllers\PdfController->pdfview('ClientFiles', 'LaptopAceer', 'WB-ANS KEY-FUND...')
#1 C:\laragon\www\Project\helpme\system\CodeIgniter.php(419): CodeIgniter\CodeIgniter->runController(Object(App\Controllers\PdfController))
#2 C:\laragon\www\Project\helpme\system\CodeIgniter.php(326): CodeIgniter\CodeIgniter->handleRequest(NULL, Object(Config\Cache), false)
#3 C:\laragon\www\Project\index.php(37): CodeIgniter\CodeIgniter->run()
#4 {main}
CRITICAL - 2022-09-14 09:58:00 --> Call to a member function where() on null
#0 C:\laragon\www\Project\helpme\system\CodeIgniter.php(832): App\Controllers\PdfController->pdfview('2')
#1 C:\laragon\www\Project\helpme\system\CodeIgniter.php(419): CodeIgniter\CodeIgniter->runController(Object(App\Controllers\PdfController))
#2 C:\laragon\www\Project\helpme\system\CodeIgniter.php(326): CodeIgniter\CodeIgniter->handleRequest(NULL, Object(Config\Cache), false)
#3 C:\laragon\www\Project\index.php(37): CodeIgniter\CodeIgniter->run()
#4 {main}
CRITICAL - 2022-09-14 09:58:17 --> readfile(): Filename cannot be empty
#0 [internal function]: CodeIgniter\Debug\Exceptions->errorHandler(2, 'readfile(): Fil...', 'C:\\laragon\\www\\...', 55, Array)
#1 C:\laragon\www\Project\helpme\app\Controllers\PdfController.php(55): readfile('')
#2 C:\laragon\www\Project\helpme\system\CodeIgniter.php(832): App\Controllers\PdfController->pdfview('2')
#3 C:\laragon\www\Project\helpme\system\CodeIgniter.php(419): CodeIgniter\CodeIgniter->runController(Object(App\Controllers\PdfController))
#4 C:\laragon\www\Project\helpme\system\CodeIgniter.php(326): CodeIgniter\CodeIgniter->handleRequest(NULL, Object(Config\Cache), false)
#5 C:\laragon\www\Project\index.php(37): CodeIgniter\CodeIgniter->run()
#6 {main}
CRITICAL - 2022-09-14 09:58:19 --> readfile(): Filename cannot be empty
#0 [internal function]: CodeIgniter\Debug\Exceptions->errorHandler(2, 'readfile(): Fil...', 'C:\\laragon\\www\\...', 55, Array)
#1 C:\laragon\www\Project\helpme\app\Controllers\PdfController.php(55): readfile('')
#2 C:\laragon\www\Project\helpme\system\CodeIgniter.php(832): App\Controllers\PdfController->pdfview('2')
#3 C:\laragon\www\Project\helpme\system\CodeIgniter.php(419): CodeIgniter\CodeIgniter->runController(Object(App\Controllers\PdfController))
#4 C:\laragon\www\Project\helpme\system\CodeIgniter.php(326): CodeIgniter\CodeIgniter->handleRequest(NULL, Object(Config\Cache), false)
#5 C:\laragon\www\Project\index.php(37): CodeIgniter\CodeIgniter->run()
#6 {main}
CRITICAL - 2022-09-14 09:58:36 --> readfile(): Filename cannot be empty
#0 [internal function]: CodeIgniter\Debug\Exceptions->errorHandler(2, 'readfile(): Fil...', 'C:\\laragon\\www\\...', 55, Array)
#1 C:\laragon\www\Project\helpme\app\Controllers\PdfController.php(55): readfile('')
#2 C:\laragon\www\Project\helpme\system\CodeIgniter.php(832): App\Controllers\PdfController->pdfview('ClientFiles', 'LaptopAceer', 'WB-ANS KEY-FUND...')
#3 C:\laragon\www\Project\helpme\system\CodeIgniter.php(419): CodeIgniter\CodeIgniter->runController(Object(App\Controllers\PdfController))
#4 C:\laragon\www\Project\helpme\system\CodeIgniter.php(326): CodeIgniter\CodeIgniter->handleRequest(NULL, Object(Config\Cache), false)
#5 C:\laragon\www\Project\index.php(37): CodeIgniter\CodeIgniter->run()
#6 {main}
CRITICAL - 2022-09-14 09:58:39 --> readfile(): Filename cannot be empty
#0 [internal function]: CodeIgniter\Debug\Exceptions->errorHandler(2, 'readfile(): Fil...', 'C:\\laragon\\www\\...', 55, Array)
#1 C:\laragon\www\Project\helpme\app\Controllers\PdfController.php(55): readfile('')
#2 C:\laragon\www\Project\helpme\system\CodeIgniter.php(832): App\Controllers\PdfController->pdfview('ClientFiles', 'LaptopAceer', 'WB-ANS KEY-FUND...')
#3 C:\laragon\www\Project\helpme\system\CodeIgniter.php(419): CodeIgniter\CodeIgniter->runController(Object(App\Controllers\PdfController))
#4 C:\laragon\www\Project\helpme\system\CodeIgniter.php(326): CodeIgniter\CodeIgniter->handleRequest(NULL, Object(Config\Cache), false)
#5 C:\laragon\www\Project\index.php(37): CodeIgniter\CodeIgniter->run()
#6 {main}
CRITICAL - 2022-09-14 09:58:49 --> readfile(): Filename cannot be empty
#0 [internal function]: CodeIgniter\Debug\Exceptions->errorHandler(2, 'readfile(): Fil...', 'C:\\laragon\\www\\...', 55, Array)
#1 C:\laragon\www\Project\helpme\app\Controllers\PdfController.php(55): readfile('')
#2 C:\laragon\www\Project\helpme\system\CodeIgniter.php(832): App\Controllers\PdfController->pdfview('ClientFiles', 'LaptopAceer', 'WB-ANS KEY-FUND...')
#3 C:\laragon\www\Project\helpme\system\CodeIgniter.php(419): CodeIgniter\CodeIgniter->runController(Object(App\Controllers\PdfController))
#4 C:\laragon\www\Project\helpme\system\CodeIgniter.php(326): CodeIgniter\CodeIgniter->handleRequest(NULL, Object(Config\Cache), false)
#5 C:\laragon\www\Project\index.php(37): CodeIgniter\CodeIgniter->run()
#6 {main}
CRITICAL - 2022-09-14 09:58:51 --> readfile(): Filename cannot be empty
#0 [internal function]: CodeIgniter\Debug\Exceptions->errorHandler(2, 'readfile(): Fil...', 'C:\\laragon\\www\\...', 55, Array)
#1 C:\laragon\www\Project\helpme\app\Controllers\PdfController.php(55): readfile('')
#2 C:\laragon\www\Project\helpme\system\CodeIgniter.php(832): App\Controllers\PdfController->pdfview('ClientFiles', 'LaptopAceer', 'WB-ANS KEY-FUND...')
#3 C:\laragon\www\Project\helpme\system\CodeIgniter.php(419): CodeIgniter\CodeIgniter->runController(Object(App\Controllers\PdfController))
#4 C:\laragon\www\Project\helpme\system\CodeIgniter.php(326): CodeIgniter\CodeIgniter->handleRequest(NULL, Object(Config\Cache), false)
#5 C:\laragon\www\Project\index.php(37): CodeIgniter\CodeIgniter->run()
#6 {main}
CRITICAL - 2022-09-14 09:59:00 --> readfile(): Filename cannot be empty
#0 [internal function]: CodeIgniter\Debug\Exceptions->errorHandler(2, 'readfile(): Fil...', 'C:\\laragon\\www\\...', 55, Array)
#1 C:\laragon\www\Project\helpme\app\Controllers\PdfController.php(55): readfile('')
#2 C:\laragon\www\Project\helpme\system\CodeIgniter.php(832): App\Controllers\PdfController->pdfview('ClientFiles', 'LaptopAceer', 'WB-ANS KEY-FUND...')
#3 C:\laragon\www\Project\helpme\system\CodeIgniter.php(419): CodeIgniter\CodeIgniter->runController(Object(App\Controllers\PdfController))
#4 C:\laragon\www\Project\helpme\system\CodeIgniter.php(326): CodeIgniter\CodeIgniter->handleRequest(NULL, Object(Config\Cache), false)
#5 C:\laragon\www\Project\index.php(37): CodeIgniter\CodeIgniter->run()
#6 {main}
CRITICAL - 2022-09-14 10:02:18 --> readfile(): Filename cannot be empty
#0 [internal function]: CodeIgniter\Debug\Exceptions->errorHandler(2, 'readfile(): Fil...', 'C:\\laragon\\www\\...', 55, Array)
#1 C:\laragon\www\Project\helpme\app\Controllers\PdfController.php(55): readfile('')
#2 C:\laragon\www\Project\helpme\system\CodeIgniter.php(832): App\Controllers\PdfController->pdfview('ClientFiles', 'LaptopAceer', 'WB-ANS KEY-FUND...')
#3 C:\laragon\www\Project\helpme\system\CodeIgniter.php(419): CodeIgniter\CodeIgniter->runController(Object(App\Controllers\PdfController))
#4 C:\laragon\www\Project\helpme\system\CodeIgniter.php(326): CodeIgniter\CodeIgniter->handleRequest(NULL, Object(Config\Cache), false)
#5 C:\laragon\www\Project\index.php(37): CodeIgniter\CodeIgniter->run()
#6 {main}
CRITICAL - 2022-09-14 22:26:19 --> readfile(): Filename cannot be empty
#0 [internal function]: CodeIgniter\Debug\Exceptions->errorHandler(2, 'readfile(): Fil...', 'C:\\laragon\\www\\...', 55, Array)
#1 C:\laragon\www\Project\helpme\app\Controllers\PdfController.php(55): readfile('')
#2 C:\laragon\www\Project\helpme\system\CodeIgniter.php(832): App\Controllers\PdfController->pdfview('ClientFiles', 'LaptopAceer', 'WB-ANS KEY-FUND...')
#3 C:\laragon\www\Project\helpme\system\CodeIgniter.php(419): CodeIgniter\CodeIgniter->runController(Object(App\Controllers\PdfController))
#4 C:\laragon\www\Project\helpme\system\CodeIgniter.php(326): CodeIgniter\CodeIgniter->handleRequest(NULL, Object(Config\Cache), false)
#5 C:\laragon\www\Project\index.php(37): CodeIgniter\CodeIgniter->run()
#6 {main}
CRITICAL - 2022-09-14 22:26:23 --> readfile(): Filename cannot be empty
#0 [internal function]: CodeIgniter\Debug\Exceptions->errorHandler(2, 'readfile(): Fil...', 'C:\\laragon\\www\\...', 55, Array)
#1 C:\laragon\www\Project\helpme\app\Controllers\PdfController.php(55): readfile('')
#2 C:\laragon\www\Project\helpme\system\CodeIgniter.php(832): App\Controllers\PdfController->pdfview('ClientFiles', 'LaptopAceer', 'WB-ANS KEY-FUND...')
#3 C:\laragon\www\Project\helpme\system\CodeIgniter.php(419): CodeIgniter\CodeIgniter->runController(Object(App\Controllers\PdfController))
#4 C:\laragon\www\Project\helpme\system\CodeIgniter.php(326): CodeIgniter\CodeIgniter->handleRequest(NULL, Object(Config\Cache), false)
#5 C:\laragon\www\Project\index.php(37): CodeIgniter\CodeIgniter->run()
#6 {main}
CRITICAL - 2022-09-14 22:26:24 --> readfile(): Filename cannot be empty
#0 [internal function]: CodeIgniter\Debug\Exceptions->errorHandler(2, 'readfile(): Fil...', 'C:\\laragon\\www\\...', 55, Array)
#1 C:\laragon\www\Project\helpme\app\Controllers\PdfController.php(55): readfile('')
#2 C:\laragon\www\Project\helpme\system\CodeIgniter.php(832): App\Controllers\PdfController->pdfview('ClientFiles', 'LaptopAceer', 'WB-ANS KEY-FUND...')
#3 C:\laragon\www\Project\helpme\system\CodeIgniter.php(419): CodeIgniter\CodeIgniter->runController(Object(App\Controllers\PdfController))
#4 C:\laragon\www\Project\helpme\system\CodeIgniter.php(326): CodeIgniter\CodeIgniter->handleRequest(NULL, Object(Config\Cache), false)
#5 C:\laragon\www\Project\index.php(37): CodeIgniter\CodeIgniter->run()
#6 {main}
CRITICAL - 2022-09-14 22:29:15 --> Call to undefined function App\Controllers\read_file()
#0 C:\laragon\www\Project\helpme\system\CodeIgniter.php(832): App\Controllers\PdfController->pdfview('ClientFiles', 'LaptopAceer', 'WB-ANS KEY-FUND...')
#1 C:\laragon\www\Project\helpme\system\CodeIgniter.php(419): CodeIgniter\CodeIgniter->runController(Object(App\Controllers\PdfController))
#2 C:\laragon\www\Project\helpme\system\CodeIgniter.php(326): CodeIgniter\CodeIgniter->handleRequest(NULL, Object(Config\Cache), false)
#3 C:\laragon\www\Project\index.php(37): CodeIgniter\CodeIgniter->run()
#4 {main}
CRITICAL - 2022-09-14 22:29:45 --> Call to undefined function App\Controllers\read_file()
#0 C:\laragon\www\Project\helpme\system\CodeIgniter.php(832): App\Controllers\PdfController->pdfview('ClientFiles', 'LaptopAceer', 'WB-ANS KEY-FUND...')
#1 C:\laragon\www\Project\helpme\system\CodeIgniter.php(419): CodeIgniter\CodeIgniter->runController(Object(App\Controllers\PdfController))
#2 C:\laragon\www\Project\helpme\system\CodeIgniter.php(326): CodeIgniter\CodeIgniter->handleRequest(NULL, Object(Config\Cache), false)
#3 C:\laragon\www\Project\index.php(37): CodeIgniter\CodeIgniter->run()
#4 {main}
CRITICAL - 2022-09-14 22:30:01 --> Call to undefined function App\Controllers\read_file()
#0 C:\laragon\www\Project\helpme\system\CodeIgniter.php(832): App\Controllers\PdfController->pdfview('ClientFiles', 'LaptopAceer', 'WB-ANS KEY-FUND...')
#1 C:\laragon\www\Project\helpme\system\CodeIgniter.php(419): CodeIgniter\CodeIgniter->runController(Object(App\Controllers\PdfController))
#2 C:\laragon\www\Project\helpme\system\CodeIgniter.php(326): CodeIgniter\CodeIgniter->handleRequest(NULL, Object(Config\Cache), false)
#3 C:\laragon\www\Project\index.php(37): CodeIgniter\CodeIgniter->run()
#4 {main}
CRITICAL - 2022-09-14 22:30:10 --> readfile(): Filename cannot be empty
#0 [internal function]: CodeIgniter\Debug\Exceptions->errorHandler(2, 'readfile(): Fil...', 'C:\\laragon\\www\\...', 55, Array)
#1 C:\laragon\www\Project\helpme\app\Controllers\PdfController.php(55): readfile('')
#2 C:\laragon\www\Project\helpme\system\CodeIgniter.php(832): App\Controllers\PdfController->pdfview('ClientFiles', 'LaptopAceer', 'WB-ANS KEY-FUND...')
#3 C:\laragon\www\Project\helpme\system\CodeIgniter.php(419): CodeIgniter\CodeIgniter->runController(Object(App\Controllers\PdfController))
#4 C:\laragon\www\Project\helpme\system\CodeIgniter.php(326): CodeIgniter\CodeIgniter->handleRequest(NULL, Object(Config\Cache), false)
#5 C:\laragon\www\Project\index.php(37): CodeIgniter\CodeIgniter->run()
#6 {main}
