CRITICAL - 2022-10-06 00:03:02 --> Object of class CodeIgniter\Session\Session could not be converted to string
#0 C:\laragon\www\Project\helpme\system\Database\Query.php(318): strtr('SELECT *\nFROM `...', Array)
#1 C:\laragon\www\Project\helpme\system\Database\Query.php(293): CodeIgniter\Database\Query->matchNamedBinds('SELECT *\nFROM `...', Array)
#2 C:\laragon\www\Project\helpme\system\Database\Query.php(150): CodeIgniter\Database\Query->compileBinds()
#3 C:\laragon\www\Project\helpme\system\Database\BaseConnection.php(598): CodeIgniter\Database\Query->getQuery()
#4 C:\laragon\www\Project\helpme\system\Database\BaseBuilder.php(1455): CodeIgniter\Database\BaseConnection->query('SELECT *\nFROM `...', Array, false)
#5 C:\laragon\www\Project\helpme\system\Model.php(183): CodeIgniter\Database\BaseBuilder->get()
#6 C:\laragon\www\Project\helpme\system\BaseModel.php(584): CodeIgniter\Model->doFindAll(0, 0)
#7 C:\laragon\www\Project\helpme\app\Controllers\RequestController.php(122): CodeIgniter\BaseModel->findAll()
#8 C:\laragon\www\Project\helpme\system\CodeIgniter.php(832): App\Controllers\RequestController->rtable()
#9 C:\laragon\www\Project\helpme\system\CodeIgniter.php(419): CodeIgniter\CodeIgniter->runController(Object(App\Controllers\RequestController))
#10 C:\laragon\www\Project\helpme\system\CodeIgniter.php(326): CodeIgniter\CodeIgniter->handleRequest(NULL, Object(Config\Cache), false)
#11 C:\laragon\www\Project\index.php(37): CodeIgniter\CodeIgniter->run()
#12 {main}
CRITICAL - 2022-10-06 00:21:42 --> Call to a member function where() on null
#0 C:\laragon\www\Project\helpme\system\CodeIgniter.php(832): App\Controllers\RequestController->reqform()
#1 C:\laragon\www\Project\helpme\system\CodeIgniter.php(419): CodeIgniter\CodeIgniter->runController(Object(App\Controllers\RequestController))
#2 C:\laragon\www\Project\helpme\system\CodeIgniter.php(326): CodeIgniter\CodeIgniter->handleRequest(NULL, Object(Config\Cache), false)
#3 C:\laragon\www\Project\index.php(37): CodeIgniter\CodeIgniter->run()
#4 {main}
CRITICAL - 2022-10-06 00:22:03 --> Call to a member function where() on null
#0 C:\laragon\www\Project\helpme\system\CodeIgniter.php(832): App\Controllers\RequestController->reqform()
#1 C:\laragon\www\Project\helpme\system\CodeIgniter.php(419): CodeIgniter\CodeIgniter->runController(Object(App\Controllers\RequestController))
#2 C:\laragon\www\Project\helpme\system\CodeIgniter.php(326): CodeIgniter\CodeIgniter->handleRequest(NULL, Object(Config\Cache), false)
#3 C:\laragon\www\Project\index.php(37): CodeIgniter\CodeIgniter->run()
#4 {main}
CRITICAL - 2022-10-06 00:26:15 --> Call to undefined function now()
#0 C:\laragon\www\Project\helpme\system\View\View.php(210): include()
#1 C:\laragon\www\Project\helpme\system\View\View.php(213): CodeIgniter\View\View->CodeIgniter\View\{closure}()
#2 C:\laragon\www\Project\helpme\system\Common.php(1089): CodeIgniter\View\View->render('ClientUser/Requ...', Array, true)
#3 C:\laragon\www\Project\helpme\app\Controllers\RequestController.php(53): view('ClientUser/Requ...', Array)
#4 C:\laragon\www\Project\helpme\system\CodeIgniter.php(832): App\Controllers\RequestController->reqform()
#5 C:\laragon\www\Project\helpme\system\CodeIgniter.php(419): CodeIgniter\CodeIgniter->runController(Object(App\Controllers\RequestController))
#6 C:\laragon\www\Project\helpme\system\CodeIgniter.php(326): CodeIgniter\CodeIgniter->handleRequest(NULL, Object(Config\Cache), false)
#7 C:\laragon\www\Project\index.php(37): CodeIgniter\CodeIgniter->run()
#8 {main}
CRITICAL - 2022-10-06 00:29:13 --> Object of class DateInterval could not be converted to string
#0 C:\laragon\www\Project\helpme\system\View\View.php(210): include()
#1 C:\laragon\www\Project\helpme\system\View\View.php(213): CodeIgniter\View\View->CodeIgniter\View\{closure}()
#2 C:\laragon\www\Project\helpme\system\Common.php(1089): CodeIgniter\View\View->render('ClientUser/Requ...', Array, true)
#3 C:\laragon\www\Project\helpme\app\Controllers\RequestController.php(53): view('ClientUser/Requ...', Array)
#4 C:\laragon\www\Project\helpme\system\CodeIgniter.php(832): App\Controllers\RequestController->reqform()
#5 C:\laragon\www\Project\helpme\system\CodeIgniter.php(419): CodeIgniter\CodeIgniter->runController(Object(App\Controllers\RequestController))
#6 C:\laragon\www\Project\helpme\system\CodeIgniter.php(326): CodeIgniter\CodeIgniter->handleRequest(NULL, Object(Config\Cache), false)
#7 C:\laragon\www\Project\index.php(37): CodeIgniter\CodeIgniter->run()
#8 {main}
CRITICAL - 2022-10-06 00:30:25 --> Object of class DateTime could not be converted to string
#0 C:\laragon\www\Project\helpme\system\View\View.php(210): include()
#1 C:\laragon\www\Project\helpme\system\View\View.php(213): CodeIgniter\View\View->CodeIgniter\View\{closure}()
#2 C:\laragon\www\Project\helpme\system\Common.php(1089): CodeIgniter\View\View->render('ClientUser/Requ...', Array, true)
#3 C:\laragon\www\Project\helpme\app\Controllers\RequestController.php(53): view('ClientUser/Requ...', Array)
#4 C:\laragon\www\Project\helpme\system\CodeIgniter.php(832): App\Controllers\RequestController->reqform()
#5 C:\laragon\www\Project\helpme\system\CodeIgniter.php(419): CodeIgniter\CodeIgniter->runController(Object(App\Controllers\RequestController))
#6 C:\laragon\www\Project\helpme\system\CodeIgniter.php(326): CodeIgniter\CodeIgniter->handleRequest(NULL, Object(Config\Cache), false)
#7 C:\laragon\www\Project\index.php(37): CodeIgniter\CodeIgniter->run()
#8 {main}
CRITICAL - 2022-10-06 00:30:26 --> Object of class DateTime could not be converted to string
#0 C:\laragon\www\Project\helpme\system\View\View.php(210): include()
#1 C:\laragon\www\Project\helpme\system\View\View.php(213): CodeIgniter\View\View->CodeIgniter\View\{closure}()
#2 C:\laragon\www\Project\helpme\system\Common.php(1089): CodeIgniter\View\View->render('ClientUser/Requ...', Array, true)
#3 C:\laragon\www\Project\helpme\app\Controllers\RequestController.php(53): view('ClientUser/Requ...', Array)
#4 C:\laragon\www\Project\helpme\system\CodeIgniter.php(832): App\Controllers\RequestController->reqform()
#5 C:\laragon\www\Project\helpme\system\CodeIgniter.php(419): CodeIgniter\CodeIgniter->runController(Object(App\Controllers\RequestController))
#6 C:\laragon\www\Project\helpme\system\CodeIgniter.php(326): CodeIgniter\CodeIgniter->handleRequest(NULL, Object(Config\Cache), false)
#7 C:\laragon\www\Project\index.php(37): CodeIgniter\CodeIgniter->run()
#8 {main}
CRITICAL - 2022-10-06 00:30:34 --> Object of class DateTime could not be converted to string
#0 C:\laragon\www\Project\helpme\system\View\View.php(210): include()
#1 C:\laragon\www\Project\helpme\system\View\View.php(213): CodeIgniter\View\View->CodeIgniter\View\{closure}()
#2 C:\laragon\www\Project\helpme\system\Common.php(1089): CodeIgniter\View\View->render('ClientUser/Requ...', Array, true)
#3 C:\laragon\www\Project\helpme\app\Controllers\RequestController.php(53): view('ClientUser/Requ...', Array)
#4 C:\laragon\www\Project\helpme\system\CodeIgniter.php(832): App\Controllers\RequestController->reqform()
#5 C:\laragon\www\Project\helpme\system\CodeIgniter.php(419): CodeIgniter\CodeIgniter->runController(Object(App\Controllers\RequestController))
#6 C:\laragon\www\Project\helpme\system\CodeIgniter.php(326): CodeIgniter\CodeIgniter->handleRequest(NULL, Object(Config\Cache), false)
#7 C:\laragon\www\Project\index.php(37): CodeIgniter\CodeIgniter->run()
#8 {main}
CRITICAL - 2022-10-06 00:31:12 --> Call to a member function diff() on string
#0 C:\laragon\www\Project\helpme\system\View\View.php(210): include()
#1 C:\laragon\www\Project\helpme\system\View\View.php(213): CodeIgniter\View\View->CodeIgniter\View\{closure}()
#2 C:\laragon\www\Project\helpme\system\Common.php(1089): CodeIgniter\View\View->render('ClientUser/Requ...', Array, true)
#3 C:\laragon\www\Project\helpme\app\Controllers\RequestController.php(53): view('ClientUser/Requ...', Array)
#4 C:\laragon\www\Project\helpme\system\CodeIgniter.php(832): App\Controllers\RequestController->reqform()
#5 C:\laragon\www\Project\helpme\system\CodeIgniter.php(419): CodeIgniter\CodeIgniter->runController(Object(App\Controllers\RequestController))
#6 C:\laragon\www\Project\helpme\system\CodeIgniter.php(326): CodeIgniter\CodeIgniter->handleRequest(NULL, Object(Config\Cache), false)
#7 C:\laragon\www\Project\index.php(37): CodeIgniter\CodeIgniter->run()
#8 {main}
CRITICAL - 2022-10-06 00:44:08 --> syntax error, unexpected 'days' (T_STRING)
#0 C:\laragon\www\Project\helpme\system\View\View.php(213): CodeIgniter\View\View->CodeIgniter\View\{closure}()
#1 C:\laragon\www\Project\helpme\system\Common.php(1089): CodeIgniter\View\View->render('ClientUser/Requ...', Array, true)
#2 C:\laragon\www\Project\helpme\app\Controllers\RequestController.php(53): view('ClientUser/Requ...', Array)
#3 C:\laragon\www\Project\helpme\system\CodeIgniter.php(832): App\Controllers\RequestController->reqform()
#4 C:\laragon\www\Project\helpme\system\CodeIgniter.php(419): CodeIgniter\CodeIgniter->runController(Object(App\Controllers\RequestController))
#5 C:\laragon\www\Project\helpme\system\CodeIgniter.php(326): CodeIgniter\CodeIgniter->handleRequest(NULL, Object(Config\Cache), false)
#6 C:\laragon\www\Project\index.php(37): CodeIgniter\CodeIgniter->run()
#7 {main}
CRITICAL - 2022-10-06 00:47:43 --> syntax error, unexpected ''days'' (T_CONSTANT_ENCAPSED_STRING)
#0 C:\laragon\www\Project\helpme\system\View\View.php(213): CodeIgniter\View\View->CodeIgniter\View\{closure}()
#1 C:\laragon\www\Project\helpme\system\Common.php(1089): CodeIgniter\View\View->render('ClientUser/Requ...', Array, true)
#2 C:\laragon\www\Project\helpme\app\Controllers\RequestController.php(53): view('ClientUser/Requ...', Array)
#3 C:\laragon\www\Project\helpme\system\CodeIgniter.php(832): App\Controllers\RequestController->reqform()
#4 C:\laragon\www\Project\helpme\system\CodeIgniter.php(419): CodeIgniter\CodeIgniter->runController(Object(App\Controllers\RequestController))
#5 C:\laragon\www\Project\helpme\system\CodeIgniter.php(326): CodeIgniter\CodeIgniter->handleRequest(NULL, Object(Config\Cache), false)
#6 C:\laragon\www\Project\index.php(37): CodeIgniter\CodeIgniter->run()
#7 {main}
CRITICAL - 2022-10-06 00:51:17 --> Use of undefined constant pending - assumed 'pending' (this will throw an Error in a future version of PHP)
#0 C:\laragon\www\Project\helpme\app\Controllers\RequestController.php(106): CodeIgniter\Debug\Exceptions->errorHandler(2, 'Use of undefine...', 'C:\\laragon\\www\\...', 106, Array)
#1 C:\laragon\www\Project\helpme\system\CodeIgniter.php(832): App\Controllers\RequestController->FileStore()
#2 C:\laragon\www\Project\helpme\system\CodeIgniter.php(419): CodeIgniter\CodeIgniter->runController(Object(App\Controllers\RequestController))
#3 C:\laragon\www\Project\helpme\system\CodeIgniter.php(326): CodeIgniter\CodeIgniter->handleRequest(NULL, Object(Config\Cache), false)
#4 C:\laragon\www\Project\index.php(37): CodeIgniter\CodeIgniter->run()
#5 {main}
CRITICAL - 2022-10-06 00:52:00 --> Use of undefined constant pending - assumed 'pending' (this will throw an Error in a future version of PHP)
#0 C:\laragon\www\Project\helpme\app\Controllers\RequestController.php(106): CodeIgniter\Debug\Exceptions->errorHandler(2, 'Use of undefine...', 'C:\\laragon\\www\\...', 106, Array)
#1 C:\laragon\www\Project\helpme\system\CodeIgniter.php(832): App\Controllers\RequestController->FileStore()
#2 C:\laragon\www\Project\helpme\system\CodeIgniter.php(419): CodeIgniter\CodeIgniter->runController(Object(App\Controllers\RequestController))
#3 C:\laragon\www\Project\helpme\system\CodeIgniter.php(326): CodeIgniter\CodeIgniter->handleRequest(NULL, Object(Config\Cache), false)
#4 C:\laragon\www\Project\index.php(37): CodeIgniter\CodeIgniter->run()
#5 {main}
CRITICAL - 2022-10-06 00:55:25 --> Use of undefined constant pending - assumed 'pending' (this will throw an Error in a future version of PHP)
#0 C:\laragon\www\Project\helpme\app\Controllers\RequestController.php(108): CodeIgniter\Debug\Exceptions->errorHandler(2, 'Use of undefine...', 'C:\\laragon\\www\\...', 108, Array)
#1 C:\laragon\www\Project\helpme\system\CodeIgniter.php(832): App\Controllers\RequestController->FileStore()
#2 C:\laragon\www\Project\helpme\system\CodeIgniter.php(419): CodeIgniter\CodeIgniter->runController(Object(App\Controllers\RequestController))
#3 C:\laragon\www\Project\helpme\system\CodeIgniter.php(326): CodeIgniter\CodeIgniter->handleRequest(NULL, Object(Config\Cache), false)
#4 C:\laragon\www\Project\index.php(37): CodeIgniter\CodeIgniter->run()
#5 {main}
CRITICAL - 2022-10-06 00:55:48 --> Use of undefined constant pending - assumed 'pending' (this will throw an Error in a future version of PHP)
#0 C:\laragon\www\Project\helpme\app\Controllers\RequestController.php(108): CodeIgniter\Debug\Exceptions->errorHandler(2, 'Use of undefine...', 'C:\\laragon\\www\\...', 108, Array)
#1 C:\laragon\www\Project\helpme\system\CodeIgniter.php(832): App\Controllers\RequestController->FileStore()
#2 C:\laragon\www\Project\helpme\system\CodeIgniter.php(419): CodeIgniter\CodeIgniter->runController(Object(App\Controllers\RequestController))
#3 C:\laragon\www\Project\helpme\system\CodeIgniter.php(326): CodeIgniter\CodeIgniter->handleRequest(NULL, Object(Config\Cache), false)
#4 C:\laragon\www\Project\index.php(37): CodeIgniter\CodeIgniter->run()
#5 {main}
CRITICAL - 2022-10-06 01:00:34 --> Use of undefined constant pending - assumed 'pending' (this will throw an Error in a future version of PHP)
#0 C:\laragon\www\Project\helpme\app\Controllers\RequestController.php(108): CodeIgniter\Debug\Exceptions->errorHandler(2, 'Use of undefine...', 'C:\\laragon\\www\\...', 108, Array)
#1 C:\laragon\www\Project\helpme\system\CodeIgniter.php(832): App\Controllers\RequestController->FileStore()
#2 C:\laragon\www\Project\helpme\system\CodeIgniter.php(419): CodeIgniter\CodeIgniter->runController(Object(App\Controllers\RequestController))
#3 C:\laragon\www\Project\helpme\system\CodeIgniter.php(326): CodeIgniter\CodeIgniter->handleRequest(NULL, Object(Config\Cache), false)
#4 C:\laragon\www\Project\index.php(37): CodeIgniter\CodeIgniter->run()
#5 {main}
ERROR - 2022-10-06 01:02:27 --> Unknown column 'updated_at' in 'order clause'
CRITICAL - 2022-10-06 01:02:27 --> Call to a member function getFirstRow() on bool
#0 C:\laragon\www\Project\helpme\system\BaseModel.php(622): CodeIgniter\Model->doFirst()
#1 C:\laragon\www\Project\helpme\app\Controllers\RequestController.php(44): CodeIgniter\BaseModel->first()
#2 C:\laragon\www\Project\helpme\system\CodeIgniter.php(832): App\Controllers\RequestController->reqform()
#3 C:\laragon\www\Project\helpme\system\CodeIgniter.php(419): CodeIgniter\CodeIgniter->runController(Object(App\Controllers\RequestController))
#4 C:\laragon\www\Project\helpme\system\CodeIgniter.php(326): CodeIgniter\CodeIgniter->handleRequest(NULL, Object(Config\Cache), false)
#5 C:\laragon\www\Project\index.php(37): CodeIgniter\CodeIgniter->run()
#6 {main}
ERROR - 2022-10-06 01:02:28 --> Unknown column 'updated_at' in 'order clause'
CRITICAL - 2022-10-06 01:02:28 --> Call to a member function getFirstRow() on bool
#0 C:\laragon\www\Project\helpme\system\BaseModel.php(622): CodeIgniter\Model->doFirst()
#1 C:\laragon\www\Project\helpme\app\Controllers\RequestController.php(44): CodeIgniter\BaseModel->first()
#2 C:\laragon\www\Project\helpme\system\CodeIgniter.php(832): App\Controllers\RequestController->reqform()
#3 C:\laragon\www\Project\helpme\system\CodeIgniter.php(419): CodeIgniter\CodeIgniter->runController(Object(App\Controllers\RequestController))
#4 C:\laragon\www\Project\helpme\system\CodeIgniter.php(326): CodeIgniter\CodeIgniter->handleRequest(NULL, Object(Config\Cache), false)
#5 C:\laragon\www\Project\index.php(37): CodeIgniter\CodeIgniter->run()
#6 {main}
ERROR - 2022-10-06 01:02:32 --> Unknown column 'updated_at' in 'order clause'
CRITICAL - 2022-10-06 01:02:32 --> Call to a member function getFirstRow() on bool
#0 C:\laragon\www\Project\helpme\system\BaseModel.php(622): CodeIgniter\Model->doFirst()
#1 C:\laragon\www\Project\helpme\app\Controllers\RequestController.php(44): CodeIgniter\BaseModel->first()
#2 C:\laragon\www\Project\helpme\system\CodeIgniter.php(832): App\Controllers\RequestController->reqform()
#3 C:\laragon\www\Project\helpme\system\CodeIgniter.php(419): CodeIgniter\CodeIgniter->runController(Object(App\Controllers\RequestController))
#4 C:\laragon\www\Project\helpme\system\CodeIgniter.php(326): CodeIgniter\CodeIgniter->handleRequest(NULL, Object(Config\Cache), false)
#5 C:\laragon\www\Project\index.php(37): CodeIgniter\CodeIgniter->run()
#6 {main}
ERROR - 2022-10-06 01:03:25 --> Unknown column 'updated_at' in 'order clause'
CRITICAL - 2022-10-06 01:03:25 --> Call to a member function getFirstRow() on bool
#0 C:\laragon\www\Project\helpme\system\BaseModel.php(622): CodeIgniter\Model->doFirst()
#1 C:\laragon\www\Project\helpme\app\Controllers\RequestController.php(44): CodeIgniter\BaseModel->first()
#2 C:\laragon\www\Project\helpme\system\CodeIgniter.php(832): App\Controllers\RequestController->reqform()
#3 C:\laragon\www\Project\helpme\system\CodeIgniter.php(419): CodeIgniter\CodeIgniter->runController(Object(App\Controllers\RequestController))
#4 C:\laragon\www\Project\helpme\system\CodeIgniter.php(326): CodeIgniter\CodeIgniter->handleRequest(NULL, Object(Config\Cache), false)
#5 C:\laragon\www\Project\index.php(37): CodeIgniter\CodeIgniter->run()
#6 {main}
CRITICAL - 2022-10-06 01:03:45 --> Use of undefined constant pending - assumed 'pending' (this will throw an Error in a future version of PHP)
#0 C:\laragon\www\Project\helpme\app\Controllers\RequestController.php(108): CodeIgniter\Debug\Exceptions->errorHandler(2, 'Use of undefine...', 'C:\\laragon\\www\\...', 108, Array)
#1 C:\laragon\www\Project\helpme\system\CodeIgniter.php(832): App\Controllers\RequestController->FileStore()
#2 C:\laragon\www\Project\helpme\system\CodeIgniter.php(419): CodeIgniter\CodeIgniter->runController(Object(App\Controllers\RequestController))
#3 C:\laragon\www\Project\helpme\system\CodeIgniter.php(326): CodeIgniter\CodeIgniter->handleRequest(NULL, Object(Config\Cache), false)
#4 C:\laragon\www\Project\index.php(37): CodeIgniter\CodeIgniter->run()
#5 {main}
CRITICAL - 2022-10-06 01:11:51 --> Call to undefined function isEmpty()
#0 C:\laragon\www\Project\helpme\system\View\View.php(210): include()
#1 C:\laragon\www\Project\helpme\system\View\View.php(213): CodeIgniter\View\View->CodeIgniter\View\{closure}()
#2 C:\laragon\www\Project\helpme\system\Common.php(1089): CodeIgniter\View\View->render('ClientUser/Requ...', Array, true)
#3 C:\laragon\www\Project\helpme\app\Controllers\RequestController.php(54): view('ClientUser/Requ...', Array)
#4 C:\laragon\www\Project\helpme\system\CodeIgniter.php(832): App\Controllers\RequestController->reqform()
#5 C:\laragon\www\Project\helpme\system\CodeIgniter.php(419): CodeIgniter\CodeIgniter->runController(Object(App\Controllers\RequestController))
#6 C:\laragon\www\Project\helpme\system\CodeIgniter.php(326): CodeIgniter\CodeIgniter->handleRequest(NULL, Object(Config\Cache), false)
#7 C:\laragon\www\Project\index.php(37): CodeIgniter\CodeIgniter->run()
#8 {main}
CRITICAL - 2022-10-06 01:13:26 --> syntax error, unexpected '}'
#0 C:\laragon\www\Project\helpme\system\View\View.php(213): CodeIgniter\View\View->CodeIgniter\View\{closure}()
#1 C:\laragon\www\Project\helpme\system\Common.php(1089): CodeIgniter\View\View->render('ClientUser/Requ...', Array, true)
#2 C:\laragon\www\Project\helpme\app\Controllers\RequestController.php(54): view('ClientUser/Requ...', Array)
#3 C:\laragon\www\Project\helpme\system\CodeIgniter.php(832): App\Controllers\RequestController->reqform()
#4 C:\laragon\www\Project\helpme\system\CodeIgniter.php(419): CodeIgniter\CodeIgniter->runController(Object(App\Controllers\RequestController))
#5 C:\laragon\www\Project\helpme\system\CodeIgniter.php(326): CodeIgniter\CodeIgniter->handleRequest(NULL, Object(Config\Cache), false)
#6 C:\laragon\www\Project\index.php(37): CodeIgniter\CodeIgniter->run()
#7 {main}
CRITICAL - 2022-10-06 01:13:37 --> Use of undefined constant pending - assumed 'pending' (this will throw an Error in a future version of PHP)
#0 C:\laragon\www\Project\helpme\app\Controllers\RequestController.php(109): CodeIgniter\Debug\Exceptions->errorHandler(2, 'Use of undefine...', 'C:\\laragon\\www\\...', 109, Array)
#1 C:\laragon\www\Project\helpme\system\CodeIgniter.php(832): App\Controllers\RequestController->FileStore()
#2 C:\laragon\www\Project\helpme\system\CodeIgniter.php(419): CodeIgniter\CodeIgniter->runController(Object(App\Controllers\RequestController))
#3 C:\laragon\www\Project\helpme\system\CodeIgniter.php(326): CodeIgniter\CodeIgniter->handleRequest(NULL, Object(Config\Cache), false)
#4 C:\laragon\www\Project\index.php(37): CodeIgniter\CodeIgniter->run()
#5 {main}
