CRITICAL - 2022-08-31 21:54:24 --> Invalid file: ClientUser/Feedback.php
#0 C:\laragon\www\Project\helpme\system\View\View.php(198): CodeIgniter\Exceptions\FrameworkException::forInvalidFile('ClientUser/Feed...')
#1 C:\laragon\www\Project\helpme\system\Common.php(1089): CodeIgniter\View\View->render('ClientUser/Feed...', Array, true)
#2 C:\laragon\www\Project\helpme\app\Controllers\RequestController.php(84): view('ClientUser/Feed...')
#3 C:\laragon\www\Project\helpme\system\CodeIgniter.php(832): App\Controllers\RequestController->Feed()
#4 C:\laragon\www\Project\helpme\system\CodeIgniter.php(419): CodeIgniter\CodeIgniter->runController(Object(App\Controllers\RequestController))
#5 C:\laragon\www\Project\helpme\system\CodeIgniter.php(326): CodeIgniter\CodeIgniter->handleRequest(NULL, Object(Config\Cache), false)
#6 C:\laragon\www\Project\index.php(37): CodeIgniter\CodeIgniter->run()
#7 {main}
CRITICAL - 2022-08-31 21:54:30 --> Invalid file: ClientUser/Feedback.php
#0 C:\laragon\www\Project\helpme\system\View\View.php(198): CodeIgniter\Exceptions\FrameworkException::forInvalidFile('ClientUser/Feed...')
#1 C:\laragon\www\Project\helpme\system\Common.php(1089): CodeIgniter\View\View->render('ClientUser/Feed...', Array, true)
#2 C:\laragon\www\Project\helpme\app\Controllers\RequestController.php(84): view('ClientUser/Feed...')
#3 C:\laragon\www\Project\helpme\system\CodeIgniter.php(832): App\Controllers\RequestController->Feed()
#4 C:\laragon\www\Project\helpme\system\CodeIgniter.php(419): CodeIgniter\CodeIgniter->runController(Object(App\Controllers\RequestController))
#5 C:\laragon\www\Project\helpme\system\CodeIgniter.php(326): CodeIgniter\CodeIgniter->handleRequest(NULL, Object(Config\Cache), false)
#6 C:\laragon\www\Project\index.php(37): CodeIgniter\CodeIgniter->run()
#7 {main}
CRITICAL - 2022-08-31 21:54:37 --> Invalid file: ClientUser/Feedback.php
#0 C:\laragon\www\Project\helpme\system\View\View.php(198): CodeIgniter\Exceptions\FrameworkException::forInvalidFile('ClientUser/Feed...')
#1 C:\laragon\www\Project\helpme\system\Common.php(1089): CodeIgniter\View\View->render('ClientUser/Feed...', Array, true)
#2 C:\laragon\www\Project\helpme\app\Controllers\RequestController.php(84): view('ClientUser/Feed...')
#3 C:\laragon\www\Project\helpme\system\CodeIgniter.php(832): App\Controllers\RequestController->Feed()
#4 C:\laragon\www\Project\helpme\system\CodeIgniter.php(419): CodeIgniter\CodeIgniter->runController(Object(App\Controllers\RequestController))
#5 C:\laragon\www\Project\helpme\system\CodeIgniter.php(326): CodeIgniter\CodeIgniter->handleRequest(NULL, Object(Config\Cache), false)
#6 C:\laragon\www\Project\index.php(37): CodeIgniter\CodeIgniter->run()
#7 {main}
