CRITICAL - 2022-08-08 00:53:10 --> Invalid file: add_todo .php
#0 C:\laragon\www\Project\helpme\system\View\View.php(198): CodeIgniter\Exceptions\FrameworkException::forInvalidFile('add_todo .php')
#1 C:\laragon\www\Project\helpme\system\View\View.php(424): CodeIgniter\View\View->render('add_todo ', NULL, true)
#2 C:\laragon\www\Project\helpme\app\Views\FirstDistrict\Dashboard\Dashboard.php(9): CodeIgniter\View\View->include('add_todo ')
#3 C:\laragon\www\Project\helpme\system\View\View.php(210): include('C:\\laragon\\www\\...')
#4 C:\laragon\www\Project\helpme\system\View\View.php(213): CodeIgniter\View\View->CodeIgniter\View\{closure}()
#5 C:\laragon\www\Project\helpme\system\Common.php(1089): CodeIgniter\View\View->render('FirstDistrict/D...', Array, true)
#6 C:\laragon\www\Project\helpme\app\Controllers\Home.php(9): view('FirstDistrict/D...')
#7 C:\laragon\www\Project\helpme\system\CodeIgniter.php(832): App\Controllers\Home->index()
#8 C:\laragon\www\Project\helpme\system\CodeIgniter.php(419): CodeIgniter\CodeIgniter->runController(Object(App\Controllers\Home))
#9 C:\laragon\www\Project\helpme\system\CodeIgniter.php(326): CodeIgniter\CodeIgniter->handleRequest(NULL, Object(Config\Cache), false)
#10 C:\laragon\www\Project\index.php(37): CodeIgniter\CodeIgniter->run()
#11 {main}
CRITICAL - 2022-08-08 00:53:38 --> Invalid file: add_todo .php
#0 C:\laragon\www\Project\helpme\system\View\View.php(198): CodeIgniter\Exceptions\FrameworkException::forInvalidFile('add_todo .php')
#1 C:\laragon\www\Project\helpme\system\View\View.php(424): CodeIgniter\View\View->render('add_todo ', NULL, true)
#2 C:\laragon\www\Project\helpme\app\Views\FirstDistrict\Dashboard\Dashboard.php(9): CodeIgniter\View\View->include('add_todo ')
#3 C:\laragon\www\Project\helpme\system\View\View.php(210): include('C:\\laragon\\www\\...')
#4 C:\laragon\www\Project\helpme\system\View\View.php(213): CodeIgniter\View\View->CodeIgniter\View\{closure}()
#5 C:\laragon\www\Project\helpme\system\Common.php(1089): CodeIgniter\View\View->render('FirstDistrict/D...', Array, true)
#6 C:\laragon\www\Project\helpme\app\Controllers\Home.php(9): view('FirstDistrict/D...')
#7 C:\laragon\www\Project\helpme\system\CodeIgniter.php(832): App\Controllers\Home->index()
#8 C:\laragon\www\Project\helpme\system\CodeIgniter.php(419): CodeIgniter\CodeIgniter->runController(Object(App\Controllers\Home))
#9 C:\laragon\www\Project\helpme\system\CodeIgniter.php(326): CodeIgniter\CodeIgniter->handleRequest(NULL, Object(Config\Cache), false)
#10 C:\laragon\www\Project\index.php(37): CodeIgniter\CodeIgniter->run()
#11 {main}
CRITICAL - 2022-08-08 00:53:48 --> Invalid file: add_todo .php
#0 C:\laragon\www\Project\helpme\system\View\View.php(198): CodeIgniter\Exceptions\FrameworkException::forInvalidFile('add_todo .php')
#1 C:\laragon\www\Project\helpme\system\View\View.php(424): CodeIgniter\View\View->render('add_todo ', NULL, true)
#2 C:\laragon\www\Project\helpme\app\Views\FirstDistrict\Dashboard\Dashboard.php(9): CodeIgniter\View\View->include('add_todo ')
#3 C:\laragon\www\Project\helpme\system\View\View.php(210): include('C:\\laragon\\www\\...')
#4 C:\laragon\www\Project\helpme\system\View\View.php(213): CodeIgniter\View\View->CodeIgniter\View\{closure}()
#5 C:\laragon\www\Project\helpme\system\Common.php(1089): CodeIgniter\View\View->render('FirstDistrict/D...', Array, true)
#6 C:\laragon\www\Project\helpme\app\Controllers\Home.php(9): view('FirstDistrict/D...')
#7 C:\laragon\www\Project\helpme\system\CodeIgniter.php(832): App\Controllers\Home->index()
#8 C:\laragon\www\Project\helpme\system\CodeIgniter.php(419): CodeIgniter\CodeIgniter->runController(Object(App\Controllers\Home))
#9 C:\laragon\www\Project\helpme\system\CodeIgniter.php(326): CodeIgniter\CodeIgniter->handleRequest(NULL, Object(Config\Cache), false)
#10 C:\laragon\www\Project\index.php(37): CodeIgniter\CodeIgniter->run()
#11 {main}
CRITICAL - 2022-08-08 00:54:08 --> Invalid file: add_todo .php
#0 C:\laragon\www\Project\helpme\system\View\View.php(198): CodeIgniter\Exceptions\FrameworkException::forInvalidFile('add_todo .php')
#1 C:\laragon\www\Project\helpme\system\View\View.php(424): CodeIgniter\View\View->render('add_todo ', NULL, true)
#2 C:\laragon\www\Project\helpme\app\Views\FirstDistrict\Dashboard\Dashboard.php(9): CodeIgniter\View\View->include('add_todo ')
#3 C:\laragon\www\Project\helpme\system\View\View.php(210): include('C:\\laragon\\www\\...')
#4 C:\laragon\www\Project\helpme\system\View\View.php(213): CodeIgniter\View\View->CodeIgniter\View\{closure}()
#5 C:\laragon\www\Project\helpme\system\Common.php(1089): CodeIgniter\View\View->render('FirstDistrict/D...', Array, true)
#6 C:\laragon\www\Project\helpme\app\Controllers\Home.php(9): view('FirstDistrict/D...')
#7 C:\laragon\www\Project\helpme\system\CodeIgniter.php(832): App\Controllers\Home->index()
#8 C:\laragon\www\Project\helpme\system\CodeIgniter.php(419): CodeIgniter\CodeIgniter->runController(Object(App\Controllers\Home))
#9 C:\laragon\www\Project\helpme\system\CodeIgniter.php(326): CodeIgniter\CodeIgniter->handleRequest(NULL, Object(Config\Cache), false)
#10 C:\laragon\www\Project\index.php(37): CodeIgniter\CodeIgniter->run()
#11 {main}
CRITICAL - 2022-08-08 00:55:23 --> Invalid file: add_todo .php
#0 C:\laragon\www\Project\helpme\system\View\View.php(198): CodeIgniter\Exceptions\FrameworkException::forInvalidFile('add_todo .php')
#1 C:\laragon\www\Project\helpme\system\View\View.php(424): CodeIgniter\View\View->render('add_todo ', NULL, true)
#2 C:\laragon\www\Project\helpme\app\Views\FirstDistrict\Dashboard\Dashboard.php(9): CodeIgniter\View\View->include('add_todo ')
#3 C:\laragon\www\Project\helpme\system\View\View.php(210): include('C:\\laragon\\www\\...')
#4 C:\laragon\www\Project\helpme\system\View\View.php(213): CodeIgniter\View\View->CodeIgniter\View\{closure}()
#5 C:\laragon\www\Project\helpme\system\Common.php(1089): CodeIgniter\View\View->render('FirstDistrict/D...', Array, true)
#6 C:\laragon\www\Project\helpme\app\Controllers\Home.php(9): view('FirstDistrict/D...')
#7 C:\laragon\www\Project\helpme\system\CodeIgniter.php(832): App\Controllers\Home->index()
#8 C:\laragon\www\Project\helpme\system\CodeIgniter.php(419): CodeIgniter\CodeIgniter->runController(Object(App\Controllers\Home))
#9 C:\laragon\www\Project\helpme\system\CodeIgniter.php(326): CodeIgniter\CodeIgniter->handleRequest(NULL, Object(Config\Cache), false)
#10 C:\laragon\www\Project\index.php(37): CodeIgniter\CodeIgniter->run()
#11 {main}
CRITICAL - 2022-08-08 00:55:24 --> Invalid file: add_todo .php
#0 C:\laragon\www\Project\helpme\system\View\View.php(198): CodeIgniter\Exceptions\FrameworkException::forInvalidFile('add_todo .php')
#1 C:\laragon\www\Project\helpme\system\View\View.php(424): CodeIgniter\View\View->render('add_todo ', NULL, true)
#2 C:\laragon\www\Project\helpme\app\Views\FirstDistrict\Dashboard\Dashboard.php(9): CodeIgniter\View\View->include('add_todo ')
#3 C:\laragon\www\Project\helpme\system\View\View.php(210): include('C:\\laragon\\www\\...')
#4 C:\laragon\www\Project\helpme\system\View\View.php(213): CodeIgniter\View\View->CodeIgniter\View\{closure}()
#5 C:\laragon\www\Project\helpme\system\Common.php(1089): CodeIgniter\View\View->render('FirstDistrict/D...', Array, true)
#6 C:\laragon\www\Project\helpme\app\Controllers\Home.php(9): view('FirstDistrict/D...')
#7 C:\laragon\www\Project\helpme\system\CodeIgniter.php(832): App\Controllers\Home->index()
#8 C:\laragon\www\Project\helpme\system\CodeIgniter.php(419): CodeIgniter\CodeIgniter->runController(Object(App\Controllers\Home))
#9 C:\laragon\www\Project\helpme\system\CodeIgniter.php(326): CodeIgniter\CodeIgniter->handleRequest(NULL, Object(Config\Cache), false)
#10 C:\laragon\www\Project\index.php(37): CodeIgniter\CodeIgniter->run()
#11 {main}
CRITICAL - 2022-08-08 00:55:24 --> Invalid file: add_todo .php
#0 C:\laragon\www\Project\helpme\system\View\View.php(198): CodeIgniter\Exceptions\FrameworkException::forInvalidFile('add_todo .php')
#1 C:\laragon\www\Project\helpme\system\View\View.php(424): CodeIgniter\View\View->render('add_todo ', NULL, true)
#2 C:\laragon\www\Project\helpme\app\Views\FirstDistrict\Dashboard\Dashboard.php(9): CodeIgniter\View\View->include('add_todo ')
#3 C:\laragon\www\Project\helpme\system\View\View.php(210): include('C:\\laragon\\www\\...')
#4 C:\laragon\www\Project\helpme\system\View\View.php(213): CodeIgniter\View\View->CodeIgniter\View\{closure}()
#5 C:\laragon\www\Project\helpme\system\Common.php(1089): CodeIgniter\View\View->render('FirstDistrict/D...', Array, true)
#6 C:\laragon\www\Project\helpme\app\Controllers\Home.php(9): view('FirstDistrict/D...')
#7 C:\laragon\www\Project\helpme\system\CodeIgniter.php(832): App\Controllers\Home->index()
#8 C:\laragon\www\Project\helpme\system\CodeIgniter.php(419): CodeIgniter\CodeIgniter->runController(Object(App\Controllers\Home))
#9 C:\laragon\www\Project\helpme\system\CodeIgniter.php(326): CodeIgniter\CodeIgniter->handleRequest(NULL, Object(Config\Cache), false)
#10 C:\laragon\www\Project\index.php(37): CodeIgniter\CodeIgniter->run()
#11 {main}
CRITICAL - 2022-08-08 00:55:24 --> Invalid file: add_todo .php
#0 C:\laragon\www\Project\helpme\system\View\View.php(198): CodeIgniter\Exceptions\FrameworkException::forInvalidFile('add_todo .php')
#1 C:\laragon\www\Project\helpme\system\View\View.php(424): CodeIgniter\View\View->render('add_todo ', NULL, true)
#2 C:\laragon\www\Project\helpme\app\Views\FirstDistrict\Dashboard\Dashboard.php(9): CodeIgniter\View\View->include('add_todo ')
#3 C:\laragon\www\Project\helpme\system\View\View.php(210): include('C:\\laragon\\www\\...')
#4 C:\laragon\www\Project\helpme\system\View\View.php(213): CodeIgniter\View\View->CodeIgniter\View\{closure}()
#5 C:\laragon\www\Project\helpme\system\Common.php(1089): CodeIgniter\View\View->render('FirstDistrict/D...', Array, true)
#6 C:\laragon\www\Project\helpme\app\Controllers\Home.php(9): view('FirstDistrict/D...')
#7 C:\laragon\www\Project\helpme\system\CodeIgniter.php(832): App\Controllers\Home->index()
#8 C:\laragon\www\Project\helpme\system\CodeIgniter.php(419): CodeIgniter\CodeIgniter->runController(Object(App\Controllers\Home))
#9 C:\laragon\www\Project\helpme\system\CodeIgniter.php(326): CodeIgniter\CodeIgniter->handleRequest(NULL, Object(Config\Cache), false)
#10 C:\laragon\www\Project\index.php(37): CodeIgniter\CodeIgniter->run()
#11 {main}
CRITICAL - 2022-08-08 00:56:14 --> Invalid file: add_todo .php
#0 C:\laragon\www\Project\helpme\system\View\View.php(198): CodeIgniter\Exceptions\FrameworkException::forInvalidFile('add_todo .php')
#1 C:\laragon\www\Project\helpme\system\View\View.php(424): CodeIgniter\View\View->render('add_todo ', NULL, true)
#2 C:\laragon\www\Project\helpme\app\Views\FirstDistrict\Dashboard\Dashboard.php(9): CodeIgniter\View\View->include('add_todo ')
#3 C:\laragon\www\Project\helpme\system\View\View.php(210): include('C:\\laragon\\www\\...')
#4 C:\laragon\www\Project\helpme\system\View\View.php(213): CodeIgniter\View\View->CodeIgniter\View\{closure}()
#5 C:\laragon\www\Project\helpme\system\Common.php(1089): CodeIgniter\View\View->render('FirstDistrict/D...', Array, true)
#6 C:\laragon\www\Project\helpme\app\Controllers\Home.php(9): view('FirstDistrict/D...')
#7 C:\laragon\www\Project\helpme\system\CodeIgniter.php(832): App\Controllers\Home->index()
#8 C:\laragon\www\Project\helpme\system\CodeIgniter.php(419): CodeIgniter\CodeIgniter->runController(Object(App\Controllers\Home))
#9 C:\laragon\www\Project\helpme\system\CodeIgniter.php(326): CodeIgniter\CodeIgniter->handleRequest(NULL, Object(Config\Cache), false)
#10 C:\laragon\www\Project\index.php(37): CodeIgniter\CodeIgniter->run()
#11 {main}
CRITICAL - 2022-08-08 00:57:08 --> Invalid file: todo_view.php
#0 C:\laragon\www\Project\helpme\system\View\View.php(198): CodeIgniter\Exceptions\FrameworkException::forInvalidFile('todo_view.php')
#1 C:\laragon\www\Project\helpme\system\View\View.php(424): CodeIgniter\View\View->render('todo_view', NULL, true)
#2 C:\laragon\www\Project\helpme\app\Views\FirstDistrict\Dashboard\Dashboard.php(10): CodeIgniter\View\View->include('todo_view')
#3 C:\laragon\www\Project\helpme\system\View\View.php(210): include('C:\\laragon\\www\\...')
#4 C:\laragon\www\Project\helpme\system\View\View.php(213): CodeIgniter\View\View->CodeIgniter\View\{closure}()
#5 C:\laragon\www\Project\helpme\system\Common.php(1089): CodeIgniter\View\View->render('FirstDistrict/D...', Array, true)
#6 C:\laragon\www\Project\helpme\app\Controllers\Home.php(9): view('FirstDistrict/D...')
#7 C:\laragon\www\Project\helpme\system\CodeIgniter.php(832): App\Controllers\Home->index()
#8 C:\laragon\www\Project\helpme\system\CodeIgniter.php(419): CodeIgniter\CodeIgniter->runController(Object(App\Controllers\Home))
#9 C:\laragon\www\Project\helpme\system\CodeIgniter.php(326): CodeIgniter\CodeIgniter->handleRequest(NULL, Object(Config\Cache), false)
#10 C:\laragon\www\Project\index.php(37): CodeIgniter\CodeIgniter->run()
#11 {main}
