CRITICAL - 2022-10-01 00:12:45 --> Call to a member function get() on null
#0 C:\laragon\www\Project\helpme\system\CodeIgniter.php(832): App\Controllers\RequestController->rtable()
#1 C:\laragon\www\Project\helpme\system\CodeIgniter.php(419): CodeIgniter\CodeIgniter->runController(Object(App\Controllers\RequestController))
#2 C:\laragon\www\Project\helpme\system\CodeIgniter.php(326): CodeIgniter\CodeIgniter->handleRequest(NULL, Object(Config\Cache), false)
#3 C:\laragon\www\Project\index.php(37): CodeIgniter\CodeIgniter->run()
#4 {main}
CRITICAL - 2022-10-01 00:12:50 --> Call to a member function get() on null
#0 C:\laragon\www\Project\helpme\system\CodeIgniter.php(832): App\Controllers\RequestController->rtable()
#1 C:\laragon\www\Project\helpme\system\CodeIgniter.php(419): CodeIgniter\CodeIgniter->runController(Object(App\Controllers\RequestController))
#2 C:\laragon\www\Project\helpme\system\CodeIgniter.php(326): CodeIgniter\CodeIgniter->handleRequest(NULL, Object(Config\Cache), false)
#3 C:\laragon\www\Project\index.php(37): CodeIgniter\CodeIgniter->run()
#4 {main}
CRITICAL - 2022-10-01 00:18:08 --> Illegal string offset 'client_name'
#0 C:\laragon\www\Project\helpme\app\Views\ClientUser\RTable.php(25): CodeIgniter\Debug\Exceptions->errorHandler(2, 'Illegal string ...', 'C:\\laragon\\www\\...', 25, Array)
#1 C:\laragon\www\Project\helpme\system\View\View.php(210): include('C:\\laragon\\www\\...')
#2 C:\laragon\www\Project\helpme\system\View\View.php(213): CodeIgniter\View\View->CodeIgniter\View\{closure}()
#3 C:\laragon\www\Project\helpme\system\View\View.php(424): CodeIgniter\View\View->render('ClientUser/RTab...', NULL, true)
#4 C:\laragon\www\Project\helpme\app\Views\ClientUser\Request.php(55): CodeIgniter\View\View->include('ClientUser/RTab...')
#5 C:\laragon\www\Project\helpme\system\View\View.php(210): include('C:\\laragon\\www\\...')
#6 C:\laragon\www\Project\helpme\system\View\View.php(213): CodeIgniter\View\View->CodeIgniter\View\{closure}()
#7 C:\laragon\www\Project\helpme\system\Common.php(1089): CodeIgniter\View\View->render('ClientUser/Requ...', Array, true)
#8 C:\laragon\www\Project\helpme\app\Controllers\RequestController.php(122): view('ClientUser/Requ...', Array)
#9 C:\laragon\www\Project\helpme\system\CodeIgniter.php(832): App\Controllers\RequestController->rtable()
#10 C:\laragon\www\Project\helpme\system\CodeIgniter.php(419): CodeIgniter\CodeIgniter->runController(Object(App\Controllers\RequestController))
#11 C:\laragon\www\Project\helpme\system\CodeIgniter.php(326): CodeIgniter\CodeIgniter->handleRequest(NULL, Object(Config\Cache), false)
#12 C:\laragon\www\Project\index.php(37): CodeIgniter\CodeIgniter->run()
#13 {main}
CRITICAL - 2022-10-01 00:18:42 --> Illegal string offset 'email'
#0 C:\laragon\www\Project\helpme\app\Views\ClientUser\RTable.php(19): CodeIgniter\Debug\Exceptions->errorHandler(2, 'Illegal string ...', 'C:\\laragon\\www\\...', 19, Array)
#1 C:\laragon\www\Project\helpme\system\View\View.php(210): include('C:\\laragon\\www\\...')
#2 C:\laragon\www\Project\helpme\system\View\View.php(213): CodeIgniter\View\View->CodeIgniter\View\{closure}()
#3 C:\laragon\www\Project\helpme\system\View\View.php(424): CodeIgniter\View\View->render('ClientUser/RTab...', NULL, true)
#4 C:\laragon\www\Project\helpme\app\Views\ClientUser\Request.php(55): CodeIgniter\View\View->include('ClientUser/RTab...')
#5 C:\laragon\www\Project\helpme\system\View\View.php(210): include('C:\\laragon\\www\\...')
#6 C:\laragon\www\Project\helpme\system\View\View.php(213): CodeIgniter\View\View->CodeIgniter\View\{closure}()
#7 C:\laragon\www\Project\helpme\system\Common.php(1089): CodeIgniter\View\View->render('ClientUser/Requ...', Array, true)
#8 C:\laragon\www\Project\helpme\app\Controllers\RequestController.php(122): view('ClientUser/Requ...', Array)
#9 C:\laragon\www\Project\helpme\system\CodeIgniter.php(832): App\Controllers\RequestController->rtable()
#10 C:\laragon\www\Project\helpme\system\CodeIgniter.php(419): CodeIgniter\CodeIgniter->runController(Object(App\Controllers\RequestController))
#11 C:\laragon\www\Project\helpme\system\CodeIgniter.php(326): CodeIgniter\CodeIgniter->handleRequest(NULL, Object(Config\Cache), false)
#12 C:\laragon\www\Project\index.php(37): CodeIgniter\CodeIgniter->run()
#13 {main}
CRITICAL - 2022-10-01 00:29:23 --> syntax error, unexpected '' (T_ENCAPSED_AND_WHITESPACE), expecting '-' or identifier (T_STRING) or variable (T_VARIABLE) or number (T_NUM_STRING)
#0 C:\laragon\www\Project\helpme\system\View\View.php(213): CodeIgniter\View\View->CodeIgniter\View\{closure}()
#1 C:\laragon\www\Project\helpme\system\Common.php(1089): CodeIgniter\View\View->render('ClientUser/Requ...', Array, true)
#2 C:\laragon\www\Project\helpme\app\Controllers\RequestController.php(124): view('ClientUser/Requ...', Array)
#3 C:\laragon\www\Project\helpme\system\CodeIgniter.php(832): App\Controllers\RequestController->rtable()
#4 C:\laragon\www\Project\helpme\system\CodeIgniter.php(419): CodeIgniter\CodeIgniter->runController(Object(App\Controllers\RequestController))
#5 C:\laragon\www\Project\helpme\system\CodeIgniter.php(326): CodeIgniter\CodeIgniter->handleRequest(NULL, Object(Config\Cache), false)
#6 C:\laragon\www\Project\index.php(37): CodeIgniter\CodeIgniter->run()
#7 {main}
