CRITICAL - 2022-04-20 23:03:15 --> Invalid file: clientadd.php
#0 C:\Users\carpel\Desktop\Project\system\View\View.php(198): CodeIgniter\Exceptions\FrameworkException::forInvalidFile('clientadd.php')
#1 C:\Users\carpel\Desktop\Project\system\Common.php(1089): CodeIgniter\View\View->render('clientadd', Array, true)
#2 C:\Users\carpel\Desktop\Project\app\Controllers\ClientController.php(69): view('clientadd')
#3 C:\Users\carpel\Desktop\Project\system\CodeIgniter.php(832): App\Controllers\ClientController->addclient()
#4 C:\Users\carpel\Desktop\Project\system\CodeIgniter.php(419): CodeIgniter\CodeIgniter->runController(Object(App\Controllers\ClientController))
#5 C:\Users\carpel\Desktop\Project\system\CodeIgniter.php(326): CodeIgniter\CodeIgniter->handleRequest(NULL, Object(Config\Cache), false)
#6 C:\Users\carpel\Desktop\Project\public\index.php(37): CodeIgniter\CodeIgniter->run()
#7 C:\Users\carpel\Desktop\Project\system\Commands\Server\rewrite.php(43): require_once('C:\\Users\\carpel...')
#8 {main}
CRITICAL - 2022-04-20 23:33:03 --> Invalid file: ../include/top.php
#0 C:\Users\carpel\Desktop\Project\system\View\View.php(198): CodeIgniter\Exceptions\FrameworkException::forInvalidFile('../include/top....')
#1 C:\Users\carpel\Desktop\Project\system\View\View.php(424): CodeIgniter\View\View->render('../include/top', NULL, true)
#2 C:\Users\carpel\Desktop\Project\app\Views\client\clientadd.php(1): CodeIgniter\View\View->include('../include/top')
#3 C:\Users\carpel\Desktop\Project\system\View\View.php(210): include('C:\\Users\\carpel...')
#4 C:\Users\carpel\Desktop\Project\system\View\View.php(213): CodeIgniter\View\View->CodeIgniter\View\{closure}()
#5 C:\Users\carpel\Desktop\Project\system\Common.php(1089): CodeIgniter\View\View->render('client/clientad...', Array, true)
#6 C:\Users\carpel\Desktop\Project\app\Controllers\ClientController.php(69): view('client/clientad...')
#7 C:\Users\carpel\Desktop\Project\system\CodeIgniter.php(832): App\Controllers\ClientController->addclient()
#8 C:\Users\carpel\Desktop\Project\system\CodeIgniter.php(419): CodeIgniter\CodeIgniter->runController(Object(App\Controllers\ClientController))
#9 C:\Users\carpel\Desktop\Project\system\CodeIgniter.php(326): CodeIgniter\CodeIgniter->handleRequest(NULL, Object(Config\Cache), false)
#10 C:\Users\carpel\Desktop\Project\public\index.php(37): CodeIgniter\CodeIgniter->run()
#11 C:\Users\carpel\Desktop\Project\system\Commands\Server\rewrite.php(43): require_once('C:\\Users\\carpel...')
#12 {main}
CRITICAL - 2022-04-20 23:33:06 --> Invalid file: ../include/top.php
#0 C:\Users\carpel\Desktop\Project\system\View\View.php(198): CodeIgniter\Exceptions\FrameworkException::forInvalidFile('../include/top....')
#1 C:\Users\carpel\Desktop\Project\system\View\View.php(424): CodeIgniter\View\View->render('../include/top', NULL, true)
#2 C:\Users\carpel\Desktop\Project\app\Views\client\clientadd.php(1): CodeIgniter\View\View->include('../include/top')
#3 C:\Users\carpel\Desktop\Project\system\View\View.php(210): include('C:\\Users\\carpel...')
#4 C:\Users\carpel\Desktop\Project\system\View\View.php(213): CodeIgniter\View\View->CodeIgniter\View\{closure}()
#5 C:\Users\carpel\Desktop\Project\system\Common.php(1089): CodeIgniter\View\View->render('client/clientad...', Array, true)
#6 C:\Users\carpel\Desktop\Project\app\Controllers\ClientController.php(69): view('client/clientad...')
#7 C:\Users\carpel\Desktop\Project\system\CodeIgniter.php(832): App\Controllers\ClientController->addclient()
#8 C:\Users\carpel\Desktop\Project\system\CodeIgniter.php(419): CodeIgniter\CodeIgniter->runController(Object(App\Controllers\ClientController))
#9 C:\Users\carpel\Desktop\Project\system\CodeIgniter.php(326): CodeIgniter\CodeIgniter->handleRequest(NULL, Object(Config\Cache), false)
#10 C:\Users\carpel\Desktop\Project\public\index.php(37): CodeIgniter\CodeIgniter->run()
#11 C:\Users\carpel\Desktop\Project\system\Commands\Server\rewrite.php(43): require_once('C:\\Users\\carpel...')
#12 {main}
CRITICAL - 2022-04-20 23:33:10 --> Invalid file: ../include/top.php
#0 C:\Users\carpel\Desktop\Project\system\View\View.php(198): CodeIgniter\Exceptions\FrameworkException::forInvalidFile('../include/top....')
#1 C:\Users\carpel\Desktop\Project\system\View\View.php(424): CodeIgniter\View\View->render('../include/top', NULL, true)
#2 C:\Users\carpel\Desktop\Project\app\Views\client\clientadd.php(1): CodeIgniter\View\View->include('../include/top')
#3 C:\Users\carpel\Desktop\Project\system\View\View.php(210): include('C:\\Users\\carpel...')
#4 C:\Users\carpel\Desktop\Project\system\View\View.php(213): CodeIgniter\View\View->CodeIgniter\View\{closure}()
#5 C:\Users\carpel\Desktop\Project\system\Common.php(1089): CodeIgniter\View\View->render('client/clientad...', Array, true)
#6 C:\Users\carpel\Desktop\Project\app\Controllers\ClientController.php(69): view('client/clientad...')
#7 C:\Users\carpel\Desktop\Project\system\CodeIgniter.php(832): App\Controllers\ClientController->addclient()
#8 C:\Users\carpel\Desktop\Project\system\CodeIgniter.php(419): CodeIgniter\CodeIgniter->runController(Object(App\Controllers\ClientController))
#9 C:\Users\carpel\Desktop\Project\system\CodeIgniter.php(326): CodeIgniter\CodeIgniter->handleRequest(NULL, Object(Config\Cache), false)
#10 C:\Users\carpel\Desktop\Project\public\index.php(37): CodeIgniter\CodeIgniter->run()
#11 C:\Users\carpel\Desktop\Project\system\Commands\Server\rewrite.php(43): require_once('C:\\Users\\carpel...')
#12 {main}
CRITICAL - 2022-04-20 23:33:13 --> Invalid file: ../include/top.php
#0 C:\Users\carpel\Desktop\Project\system\View\View.php(198): CodeIgniter\Exceptions\FrameworkException::forInvalidFile('../include/top....')
#1 C:\Users\carpel\Desktop\Project\system\View\View.php(424): CodeIgniter\View\View->render('../include/top', NULL, true)
#2 C:\Users\carpel\Desktop\Project\app\Views\client\clientlist.php(1): CodeIgniter\View\View->include('../include/top')
#3 C:\Users\carpel\Desktop\Project\system\View\View.php(210): include('C:\\Users\\carpel...')
#4 C:\Users\carpel\Desktop\Project\system\View\View.php(213): CodeIgniter\View\View->CodeIgniter\View\{closure}()
#5 C:\Users\carpel\Desktop\Project\system\Common.php(1089): CodeIgniter\View\View->render('client/clientli...', Array, true)
#6 C:\Users\carpel\Desktop\Project\app\Controllers\ClientController.php(29): view('client/clientli...', Array)
#7 C:\Users\carpel\Desktop\Project\system\CodeIgniter.php(832): App\Controllers\ClientController->list()
#8 C:\Users\carpel\Desktop\Project\system\CodeIgniter.php(419): CodeIgniter\CodeIgniter->runController(Object(App\Controllers\ClientController))
#9 C:\Users\carpel\Desktop\Project\system\CodeIgniter.php(326): CodeIgniter\CodeIgniter->handleRequest(NULL, Object(Config\Cache), false)
#10 C:\Users\carpel\Desktop\Project\public\index.php(37): CodeIgniter\CodeIgniter->run()
#11 C:\Users\carpel\Desktop\Project\system\Commands\Server\rewrite.php(43): require_once('C:\\Users\\carpel...')
#12 {main}
CRITICAL - 2022-04-20 23:33:16 --> Invalid file: ../include/top.php
#0 C:\Users\carpel\Desktop\Project\system\View\View.php(198): CodeIgniter\Exceptions\FrameworkException::forInvalidFile('../include/top....')
#1 C:\Users\carpel\Desktop\Project\system\View\View.php(424): CodeIgniter\View\View->render('../include/top', NULL, true)
#2 C:\Users\carpel\Desktop\Project\app\Views\client\clientarchive.php(1): CodeIgniter\View\View->include('../include/top')
#3 C:\Users\carpel\Desktop\Project\system\View\View.php(210): include('C:\\Users\\carpel...')
#4 C:\Users\carpel\Desktop\Project\system\View\View.php(213): CodeIgniter\View\View->CodeIgniter\View\{closure}()
#5 C:\Users\carpel\Desktop\Project\system\Common.php(1089): CodeIgniter\View\View->render('client/clientar...', Array, true)
#6 C:\Users\carpel\Desktop\Project\app\Controllers\ClientController.php(20): view('client/clientar...', Array)
#7 C:\Users\carpel\Desktop\Project\system\CodeIgniter.php(832): App\Controllers\ClientController->archivelist()
#8 C:\Users\carpel\Desktop\Project\system\CodeIgniter.php(419): CodeIgniter\CodeIgniter->runController(Object(App\Controllers\ClientController))
#9 C:\Users\carpel\Desktop\Project\system\CodeIgniter.php(326): CodeIgniter\CodeIgniter->handleRequest(NULL, Object(Config\Cache), false)
#10 C:\Users\carpel\Desktop\Project\public\index.php(37): CodeIgniter\CodeIgniter->run()
#11 C:\Users\carpel\Desktop\Project\system\Commands\Server\rewrite.php(43): require_once('C:\\Users\\carpel...')
#12 {main}
CRITICAL - 2022-04-20 23:33:56 --> Invalid file: ../include/top.php
#0 C:\Users\carpel\Desktop\Project\system\View\View.php(198): CodeIgniter\Exceptions\FrameworkException::forInvalidFile('../include/top....')
#1 C:\Users\carpel\Desktop\Project\system\View\View.php(424): CodeIgniter\View\View->render('../include/top', NULL, true)
#2 C:\Users\carpel\Desktop\Project\app\Views\client\clientadd.php(1): CodeIgniter\View\View->include('../include/top')
#3 C:\Users\carpel\Desktop\Project\system\View\View.php(210): include('C:\\Users\\carpel...')
#4 C:\Users\carpel\Desktop\Project\system\View\View.php(213): CodeIgniter\View\View->CodeIgniter\View\{closure}()
#5 C:\Users\carpel\Desktop\Project\system\Common.php(1089): CodeIgniter\View\View->render('client/clientad...', Array, true)
#6 C:\Users\carpel\Desktop\Project\app\Controllers\ClientController.php(69): view('client/clientad...')
#7 C:\Users\carpel\Desktop\Project\system\CodeIgniter.php(832): App\Controllers\ClientController->addclient()
#8 C:\Users\carpel\Desktop\Project\system\CodeIgniter.php(419): CodeIgniter\CodeIgniter->runController(Object(App\Controllers\ClientController))
#9 C:\Users\carpel\Desktop\Project\system\CodeIgniter.php(326): CodeIgniter\CodeIgniter->handleRequest(NULL, Object(Config\Cache), false)
#10 C:\Users\carpel\Desktop\Project\public\index.php(37): CodeIgniter\CodeIgniter->run()
#11 C:\Users\carpel\Desktop\Project\system\Commands\Server\rewrite.php(43): require_once('C:\\Users\\carpel...')
#12 {main}
CRITICAL - 2022-04-20 23:39:01 --> Invalid file: ../include/top.php
#0 C:\Users\carpel\Desktop\Project\system\View\View.php(198): CodeIgniter\Exceptions\FrameworkException::forInvalidFile('../include/top....')
#1 C:\Users\carpel\Desktop\Project\system\View\View.php(424): CodeIgniter\View\View->render('../include/top', NULL, true)
#2 C:\Users\carpel\Desktop\Project\app\Views\client\clientlist.php(1): CodeIgniter\View\View->include('../include/top')
#3 C:\Users\carpel\Desktop\Project\system\View\View.php(210): include('C:\\Users\\carpel...')
#4 C:\Users\carpel\Desktop\Project\system\View\View.php(213): CodeIgniter\View\View->CodeIgniter\View\{closure}()
#5 C:\Users\carpel\Desktop\Project\system\Common.php(1089): CodeIgniter\View\View->render('client/clientli...', Array, true)
#6 C:\Users\carpel\Desktop\Project\app\Controllers\ClientController.php(29): view('client/clientli...', Array)
#7 C:\Users\carpel\Desktop\Project\system\CodeIgniter.php(832): App\Controllers\ClientController->list()
#8 C:\Users\carpel\Desktop\Project\system\CodeIgniter.php(419): CodeIgniter\CodeIgniter->runController(Object(App\Controllers\ClientController))
#9 C:\Users\carpel\Desktop\Project\system\CodeIgniter.php(326): CodeIgniter\CodeIgniter->handleRequest(NULL, Object(Config\Cache), false)
#10 C:\Users\carpel\Desktop\Project\public\index.php(37): CodeIgniter\CodeIgniter->run()
#11 C:\Users\carpel\Desktop\Project\system\Commands\Server\rewrite.php(43): require_once('C:\\Users\\carpel...')
#12 {main}
CRITICAL - 2022-04-20 23:39:04 --> Invalid file: ../include/top.php
#0 C:\Users\carpel\Desktop\Project\system\View\View.php(198): CodeIgniter\Exceptions\FrameworkException::forInvalidFile('../include/top....')
#1 C:\Users\carpel\Desktop\Project\system\View\View.php(424): CodeIgniter\View\View->render('../include/top', NULL, true)
#2 C:\Users\carpel\Desktop\Project\app\Views\client\clientlist.php(1): CodeIgniter\View\View->include('../include/top')
#3 C:\Users\carpel\Desktop\Project\system\View\View.php(210): include('C:\\Users\\carpel...')
#4 C:\Users\carpel\Desktop\Project\system\View\View.php(213): CodeIgniter\View\View->CodeIgniter\View\{closure}()
#5 C:\Users\carpel\Desktop\Project\system\Common.php(1089): CodeIgniter\View\View->render('client/clientli...', Array, true)
#6 C:\Users\carpel\Desktop\Project\app\Controllers\ClientController.php(29): view('client/clientli...', Array)
#7 C:\Users\carpel\Desktop\Project\system\CodeIgniter.php(832): App\Controllers\ClientController->list()
#8 C:\Users\carpel\Desktop\Project\system\CodeIgniter.php(419): CodeIgniter\CodeIgniter->runController(Object(App\Controllers\ClientController))
#9 C:\Users\carpel\Desktop\Project\system\CodeIgniter.php(326): CodeIgniter\CodeIgniter->handleRequest(NULL, Object(Config\Cache), false)
#10 C:\Users\carpel\Desktop\Project\public\index.php(37): CodeIgniter\CodeIgniter->run()
#11 C:\Users\carpel\Desktop\Project\system\Commands\Server\rewrite.php(43): require_once('C:\\Users\\carpel...')
#12 {main}
CRITICAL - 2022-04-20 23:39:10 --> Invalid file: ../include/top.php
#0 C:\Users\carpel\Desktop\Project\system\View\View.php(198): CodeIgniter\Exceptions\FrameworkException::forInvalidFile('../include/top....')
#1 C:\Users\carpel\Desktop\Project\system\View\View.php(424): CodeIgniter\View\View->render('../include/top', NULL, true)
#2 C:\Users\carpel\Desktop\Project\app\Views\client\clientarchive.php(1): CodeIgniter\View\View->include('../include/top')
#3 C:\Users\carpel\Desktop\Project\system\View\View.php(210): include('C:\\Users\\carpel...')
#4 C:\Users\carpel\Desktop\Project\system\View\View.php(213): CodeIgniter\View\View->CodeIgniter\View\{closure}()
#5 C:\Users\carpel\Desktop\Project\system\Common.php(1089): CodeIgniter\View\View->render('client/clientar...', Array, true)
#6 C:\Users\carpel\Desktop\Project\app\Controllers\ClientController.php(20): view('client/clientar...', Array)
#7 C:\Users\carpel\Desktop\Project\system\CodeIgniter.php(832): App\Controllers\ClientController->archivelist()
#8 C:\Users\carpel\Desktop\Project\system\CodeIgniter.php(419): CodeIgniter\CodeIgniter->runController(Object(App\Controllers\ClientController))
#9 C:\Users\carpel\Desktop\Project\system\CodeIgniter.php(326): CodeIgniter\CodeIgniter->handleRequest(NULL, Object(Config\Cache), false)
#10 C:\Users\carpel\Desktop\Project\public\index.php(37): CodeIgniter\CodeIgniter->run()
#11 C:\Users\carpel\Desktop\Project\system\Commands\Server\rewrite.php(43): require_once('C:\\Users\\carpel...')
#12 {main}
CRITICAL - 2022-04-20 23:39:38 --> Invalid file: ../include/top.php
#0 C:\Users\carpel\Desktop\Project\system\View\View.php(198): CodeIgniter\Exceptions\FrameworkException::forInvalidFile('../include/top....')
#1 C:\Users\carpel\Desktop\Project\system\View\View.php(424): CodeIgniter\View\View->render('../include/top', NULL, true)
#2 C:\Users\carpel\Desktop\Project\app\Views\client\clientlist.php(1): CodeIgniter\View\View->include('../include/top')
#3 C:\Users\carpel\Desktop\Project\system\View\View.php(210): include('C:\\Users\\carpel...')
#4 C:\Users\carpel\Desktop\Project\system\View\View.php(213): CodeIgniter\View\View->CodeIgniter\View\{closure}()
#5 C:\Users\carpel\Desktop\Project\system\Common.php(1089): CodeIgniter\View\View->render('client/clientli...', Array, true)
#6 C:\Users\carpel\Desktop\Project\app\Controllers\ClientController.php(29): view('client/clientli...', Array)
#7 C:\Users\carpel\Desktop\Project\system\CodeIgniter.php(832): App\Controllers\ClientController->list()
#8 C:\Users\carpel\Desktop\Project\system\CodeIgniter.php(419): CodeIgniter\CodeIgniter->runController(Object(App\Controllers\ClientController))
#9 C:\Users\carpel\Desktop\Project\system\CodeIgniter.php(326): CodeIgniter\CodeIgniter->handleRequest(NULL, Object(Config\Cache), false)
#10 C:\Users\carpel\Desktop\Project\public\index.php(37): CodeIgniter\CodeIgniter->run()
#11 C:\Users\carpel\Desktop\Project\system\Commands\Server\rewrite.php(43): require_once('C:\\Users\\carpel...')
#12 {main}
CRITICAL - 2022-04-20 23:39:40 --> Invalid file: ../include/top.php
#0 C:\Users\carpel\Desktop\Project\system\View\View.php(198): CodeIgniter\Exceptions\FrameworkException::forInvalidFile('../include/top....')
#1 C:\Users\carpel\Desktop\Project\system\View\View.php(424): CodeIgniter\View\View->render('../include/top', NULL, true)
#2 C:\Users\carpel\Desktop\Project\app\Views\client\clientlist.php(1): CodeIgniter\View\View->include('../include/top')
#3 C:\Users\carpel\Desktop\Project\system\View\View.php(210): include('C:\\Users\\carpel...')
#4 C:\Users\carpel\Desktop\Project\system\View\View.php(213): CodeIgniter\View\View->CodeIgniter\View\{closure}()
#5 C:\Users\carpel\Desktop\Project\system\Common.php(1089): CodeIgniter\View\View->render('client/clientli...', Array, true)
#6 C:\Users\carpel\Desktop\Project\app\Controllers\ClientController.php(29): view('client/clientli...', Array)
#7 C:\Users\carpel\Desktop\Project\system\CodeIgniter.php(832): App\Controllers\ClientController->list()
#8 C:\Users\carpel\Desktop\Project\system\CodeIgniter.php(419): CodeIgniter\CodeIgniter->runController(Object(App\Controllers\ClientController))
#9 C:\Users\carpel\Desktop\Project\system\CodeIgniter.php(326): CodeIgniter\CodeIgniter->handleRequest(NULL, Object(Config\Cache), false)
#10 C:\Users\carpel\Desktop\Project\public\index.php(37): CodeIgniter\CodeIgniter->run()
#11 C:\Users\carpel\Desktop\Project\system\Commands\Server\rewrite.php(43): require_once('C:\\Users\\carpel...')
#12 {main}
CRITICAL - 2022-04-20 23:39:42 --> Invalid file: ../include/top.php
#0 C:\Users\carpel\Desktop\Project\system\View\View.php(198): CodeIgniter\Exceptions\FrameworkException::forInvalidFile('../include/top....')
#1 C:\Users\carpel\Desktop\Project\system\View\View.php(424): CodeIgniter\View\View->render('../include/top', NULL, true)
#2 C:\Users\carpel\Desktop\Project\app\Views\client\clientlist.php(1): CodeIgniter\View\View->include('../include/top')
#3 C:\Users\carpel\Desktop\Project\system\View\View.php(210): include('C:\\Users\\carpel...')
#4 C:\Users\carpel\Desktop\Project\system\View\View.php(213): CodeIgniter\View\View->CodeIgniter\View\{closure}()
#5 C:\Users\carpel\Desktop\Project\system\Common.php(1089): CodeIgniter\View\View->render('client/clientli...', Array, true)
#6 C:\Users\carpel\Desktop\Project\app\Controllers\ClientController.php(29): view('client/clientli...', Array)
#7 C:\Users\carpel\Desktop\Project\system\CodeIgniter.php(832): App\Controllers\ClientController->list()
#8 C:\Users\carpel\Desktop\Project\system\CodeIgniter.php(419): CodeIgniter\CodeIgniter->runController(Object(App\Controllers\ClientController))
#9 C:\Users\carpel\Desktop\Project\system\CodeIgniter.php(326): CodeIgniter\CodeIgniter->handleRequest(NULL, Object(Config\Cache), false)
#10 C:\Users\carpel\Desktop\Project\public\index.php(37): CodeIgniter\CodeIgniter->run()
#11 C:\Users\carpel\Desktop\Project\system\Commands\Server\rewrite.php(43): require_once('C:\\Users\\carpel...')
#12 {main}
CRITICAL - 2022-04-20 23:39:43 --> Invalid file: ../include/top.php
#0 C:\Users\carpel\Desktop\Project\system\View\View.php(198): CodeIgniter\Exceptions\FrameworkException::forInvalidFile('../include/top....')
#1 C:\Users\carpel\Desktop\Project\system\View\View.php(424): CodeIgniter\View\View->render('../include/top', NULL, true)
#2 C:\Users\carpel\Desktop\Project\app\Views\client\clientlist.php(1): CodeIgniter\View\View->include('../include/top')
#3 C:\Users\carpel\Desktop\Project\system\View\View.php(210): include('C:\\Users\\carpel...')
#4 C:\Users\carpel\Desktop\Project\system\View\View.php(213): CodeIgniter\View\View->CodeIgniter\View\{closure}()
#5 C:\Users\carpel\Desktop\Project\system\Common.php(1089): CodeIgniter\View\View->render('client/clientli...', Array, true)
#6 C:\Users\carpel\Desktop\Project\app\Controllers\ClientController.php(29): view('client/clientli...', Array)
#7 C:\Users\carpel\Desktop\Project\system\CodeIgniter.php(832): App\Controllers\ClientController->list()
#8 C:\Users\carpel\Desktop\Project\system\CodeIgniter.php(419): CodeIgniter\CodeIgniter->runController(Object(App\Controllers\ClientController))
#9 C:\Users\carpel\Desktop\Project\system\CodeIgniter.php(326): CodeIgniter\CodeIgniter->handleRequest(NULL, Object(Config\Cache), false)
#10 C:\Users\carpel\Desktop\Project\public\index.php(37): CodeIgniter\CodeIgniter->run()
#11 C:\Users\carpel\Desktop\Project\system\Commands\Server\rewrite.php(43): require_once('C:\\Users\\carpel...')
#12 {main}
CRITICAL - 2022-04-20 23:39:43 --> Invalid file: ../include/top.php
#0 C:\Users\carpel\Desktop\Project\system\View\View.php(198): CodeIgniter\Exceptions\FrameworkException::forInvalidFile('../include/top....')
#1 C:\Users\carpel\Desktop\Project\system\View\View.php(424): CodeIgniter\View\View->render('../include/top', NULL, true)
#2 C:\Users\carpel\Desktop\Project\app\Views\client\clientlist.php(1): CodeIgniter\View\View->include('../include/top')
#3 C:\Users\carpel\Desktop\Project\system\View\View.php(210): include('C:\\Users\\carpel...')
#4 C:\Users\carpel\Desktop\Project\system\View\View.php(213): CodeIgniter\View\View->CodeIgniter\View\{closure}()
#5 C:\Users\carpel\Desktop\Project\system\Common.php(1089): CodeIgniter\View\View->render('client/clientli...', Array, true)
#6 C:\Users\carpel\Desktop\Project\app\Controllers\ClientController.php(29): view('client/clientli...', Array)
#7 C:\Users\carpel\Desktop\Project\system\CodeIgniter.php(832): App\Controllers\ClientController->list()
#8 C:\Users\carpel\Desktop\Project\system\CodeIgniter.php(419): CodeIgniter\CodeIgniter->runController(Object(App\Controllers\ClientController))
#9 C:\Users\carpel\Desktop\Project\system\CodeIgniter.php(326): CodeIgniter\CodeIgniter->handleRequest(NULL, Object(Config\Cache), false)
#10 C:\Users\carpel\Desktop\Project\public\index.php(37): CodeIgniter\CodeIgniter->run()
#11 C:\Users\carpel\Desktop\Project\system\Commands\Server\rewrite.php(43): require_once('C:\\Users\\carpel...')
#12 {main}
CRITICAL - 2022-04-20 23:39:44 --> Invalid file: ../include/top.php
#0 C:\Users\carpel\Desktop\Project\system\View\View.php(198): CodeIgniter\Exceptions\FrameworkException::forInvalidFile('../include/top....')
#1 C:\Users\carpel\Desktop\Project\system\View\View.php(424): CodeIgniter\View\View->render('../include/top', NULL, true)
#2 C:\Users\carpel\Desktop\Project\app\Views\client\clientlist.php(1): CodeIgniter\View\View->include('../include/top')
#3 C:\Users\carpel\Desktop\Project\system\View\View.php(210): include('C:\\Users\\carpel...')
#4 C:\Users\carpel\Desktop\Project\system\View\View.php(213): CodeIgniter\View\View->CodeIgniter\View\{closure}()
#5 C:\Users\carpel\Desktop\Project\system\Common.php(1089): CodeIgniter\View\View->render('client/clientli...', Array, true)
#6 C:\Users\carpel\Desktop\Project\app\Controllers\ClientController.php(29): view('client/clientli...', Array)
#7 C:\Users\carpel\Desktop\Project\system\CodeIgniter.php(832): App\Controllers\ClientController->list()
#8 C:\Users\carpel\Desktop\Project\system\CodeIgniter.php(419): CodeIgniter\CodeIgniter->runController(Object(App\Controllers\ClientController))
#9 C:\Users\carpel\Desktop\Project\system\CodeIgniter.php(326): CodeIgniter\CodeIgniter->handleRequest(NULL, Object(Config\Cache), false)
#10 C:\Users\carpel\Desktop\Project\public\index.php(37): CodeIgniter\CodeIgniter->run()
#11 C:\Users\carpel\Desktop\Project\system\Commands\Server\rewrite.php(43): require_once('C:\\Users\\carpel...')
#12 {main}
CRITICAL - 2022-04-20 23:39:44 --> Invalid file: ../include/top.php
#0 C:\Users\carpel\Desktop\Project\system\View\View.php(198): CodeIgniter\Exceptions\FrameworkException::forInvalidFile('../include/top....')
#1 C:\Users\carpel\Desktop\Project\system\View\View.php(424): CodeIgniter\View\View->render('../include/top', NULL, true)
#2 C:\Users\carpel\Desktop\Project\app\Views\client\clientlist.php(1): CodeIgniter\View\View->include('../include/top')
#3 C:\Users\carpel\Desktop\Project\system\View\View.php(210): include('C:\\Users\\carpel...')
#4 C:\Users\carpel\Desktop\Project\system\View\View.php(213): CodeIgniter\View\View->CodeIgniter\View\{closure}()
#5 C:\Users\carpel\Desktop\Project\system\Common.php(1089): CodeIgniter\View\View->render('client/clientli...', Array, true)
#6 C:\Users\carpel\Desktop\Project\app\Controllers\ClientController.php(29): view('client/clientli...', Array)
#7 C:\Users\carpel\Desktop\Project\system\CodeIgniter.php(832): App\Controllers\ClientController->list()
#8 C:\Users\carpel\Desktop\Project\system\CodeIgniter.php(419): CodeIgniter\CodeIgniter->runController(Object(App\Controllers\ClientController))
#9 C:\Users\carpel\Desktop\Project\system\CodeIgniter.php(326): CodeIgniter\CodeIgniter->handleRequest(NULL, Object(Config\Cache), false)
#10 C:\Users\carpel\Desktop\Project\public\index.php(37): CodeIgniter\CodeIgniter->run()
#11 C:\Users\carpel\Desktop\Project\system\Commands\Server\rewrite.php(43): require_once('C:\\Users\\carpel...')
#12 {main}
CRITICAL - 2022-04-20 23:39:44 --> Invalid file: ../include/top.php
#0 C:\Users\carpel\Desktop\Project\system\View\View.php(198): CodeIgniter\Exceptions\FrameworkException::forInvalidFile('../include/top....')
#1 C:\Users\carpel\Desktop\Project\system\View\View.php(424): CodeIgniter\View\View->render('../include/top', NULL, true)
#2 C:\Users\carpel\Desktop\Project\app\Views\client\clientlist.php(1): CodeIgniter\View\View->include('../include/top')
#3 C:\Users\carpel\Desktop\Project\system\View\View.php(210): include('C:\\Users\\carpel...')
#4 C:\Users\carpel\Desktop\Project\system\View\View.php(213): CodeIgniter\View\View->CodeIgniter\View\{closure}()
#5 C:\Users\carpel\Desktop\Project\system\Common.php(1089): CodeIgniter\View\View->render('client/clientli...', Array, true)
#6 C:\Users\carpel\Desktop\Project\app\Controllers\ClientController.php(29): view('client/clientli...', Array)
#7 C:\Users\carpel\Desktop\Project\system\CodeIgniter.php(832): App\Controllers\ClientController->list()
#8 C:\Users\carpel\Desktop\Project\system\CodeIgniter.php(419): CodeIgniter\CodeIgniter->runController(Object(App\Controllers\ClientController))
#9 C:\Users\carpel\Desktop\Project\system\CodeIgniter.php(326): CodeIgniter\CodeIgniter->handleRequest(NULL, Object(Config\Cache), false)
#10 C:\Users\carpel\Desktop\Project\public\index.php(37): CodeIgniter\CodeIgniter->run()
#11 C:\Users\carpel\Desktop\Project\system\Commands\Server\rewrite.php(43): require_once('C:\\Users\\carpel...')
#12 {main}
CRITICAL - 2022-04-20 23:39:44 --> Invalid file: ../include/top.php
#0 C:\Users\carpel\Desktop\Project\system\View\View.php(198): CodeIgniter\Exceptions\FrameworkException::forInvalidFile('../include/top....')
#1 C:\Users\carpel\Desktop\Project\system\View\View.php(424): CodeIgniter\View\View->render('../include/top', NULL, true)
#2 C:\Users\carpel\Desktop\Project\app\Views\client\clientlist.php(1): CodeIgniter\View\View->include('../include/top')
#3 C:\Users\carpel\Desktop\Project\system\View\View.php(210): include('C:\\Users\\carpel...')
#4 C:\Users\carpel\Desktop\Project\system\View\View.php(213): CodeIgniter\View\View->CodeIgniter\View\{closure}()
#5 C:\Users\carpel\Desktop\Project\system\Common.php(1089): CodeIgniter\View\View->render('client/clientli...', Array, true)
#6 C:\Users\carpel\Desktop\Project\app\Controllers\ClientController.php(29): view('client/clientli...', Array)
#7 C:\Users\carpel\Desktop\Project\system\CodeIgniter.php(832): App\Controllers\ClientController->list()
#8 C:\Users\carpel\Desktop\Project\system\CodeIgniter.php(419): CodeIgniter\CodeIgniter->runController(Object(App\Controllers\ClientController))
#9 C:\Users\carpel\Desktop\Project\system\CodeIgniter.php(326): CodeIgniter\CodeIgniter->handleRequest(NULL, Object(Config\Cache), false)
#10 C:\Users\carpel\Desktop\Project\public\index.php(37): CodeIgniter\CodeIgniter->run()
#11 C:\Users\carpel\Desktop\Project\system\Commands\Server\rewrite.php(43): require_once('C:\\Users\\carpel...')
#12 {main}
CRITICAL - 2022-04-20 23:39:44 --> Invalid file: ../include/top.php
#0 C:\Users\carpel\Desktop\Project\system\View\View.php(198): CodeIgniter\Exceptions\FrameworkException::forInvalidFile('../include/top....')
#1 C:\Users\carpel\Desktop\Project\system\View\View.php(424): CodeIgniter\View\View->render('../include/top', NULL, true)
#2 C:\Users\carpel\Desktop\Project\app\Views\client\clientlist.php(1): CodeIgniter\View\View->include('../include/top')
#3 C:\Users\carpel\Desktop\Project\system\View\View.php(210): include('C:\\Users\\carpel...')
#4 C:\Users\carpel\Desktop\Project\system\View\View.php(213): CodeIgniter\View\View->CodeIgniter\View\{closure}()
#5 C:\Users\carpel\Desktop\Project\system\Common.php(1089): CodeIgniter\View\View->render('client/clientli...', Array, true)
#6 C:\Users\carpel\Desktop\Project\app\Controllers\ClientController.php(29): view('client/clientli...', Array)
#7 C:\Users\carpel\Desktop\Project\system\CodeIgniter.php(832): App\Controllers\ClientController->list()
#8 C:\Users\carpel\Desktop\Project\system\CodeIgniter.php(419): CodeIgniter\CodeIgniter->runController(Object(App\Controllers\ClientController))
#9 C:\Users\carpel\Desktop\Project\system\CodeIgniter.php(326): CodeIgniter\CodeIgniter->handleRequest(NULL, Object(Config\Cache), false)
#10 C:\Users\carpel\Desktop\Project\public\index.php(37): CodeIgniter\CodeIgniter->run()
#11 C:\Users\carpel\Desktop\Project\system\Commands\Server\rewrite.php(43): require_once('C:\\Users\\carpel...')
#12 {main}
CRITICAL - 2022-04-20 23:39:45 --> Invalid file: ../include/top.php
#0 C:\Users\carpel\Desktop\Project\system\View\View.php(198): CodeIgniter\Exceptions\FrameworkException::forInvalidFile('../include/top....')
#1 C:\Users\carpel\Desktop\Project\system\View\View.php(424): CodeIgniter\View\View->render('../include/top', NULL, true)
#2 C:\Users\carpel\Desktop\Project\app\Views\client\clientlist.php(1): CodeIgniter\View\View->include('../include/top')
#3 C:\Users\carpel\Desktop\Project\system\View\View.php(210): include('C:\\Users\\carpel...')
#4 C:\Users\carpel\Desktop\Project\system\View\View.php(213): CodeIgniter\View\View->CodeIgniter\View\{closure}()
#5 C:\Users\carpel\Desktop\Project\system\Common.php(1089): CodeIgniter\View\View->render('client/clientli...', Array, true)
#6 C:\Users\carpel\Desktop\Project\app\Controllers\ClientController.php(29): view('client/clientli...', Array)
#7 C:\Users\carpel\Desktop\Project\system\CodeIgniter.php(832): App\Controllers\ClientController->list()
#8 C:\Users\carpel\Desktop\Project\system\CodeIgniter.php(419): CodeIgniter\CodeIgniter->runController(Object(App\Controllers\ClientController))
#9 C:\Users\carpel\Desktop\Project\system\CodeIgniter.php(326): CodeIgniter\CodeIgniter->handleRequest(NULL, Object(Config\Cache), false)
#10 C:\Users\carpel\Desktop\Project\public\index.php(37): CodeIgniter\CodeIgniter->run()
#11 C:\Users\carpel\Desktop\Project\system\Commands\Server\rewrite.php(43): require_once('C:\\Users\\carpel...')
#12 {main}
CRITICAL - 2022-04-20 23:43:41 --> Invalid file: ../include/top.php
#0 C:\Users\carpel\Desktop\Project\system\View\View.php(198): CodeIgniter\Exceptions\FrameworkException::forInvalidFile('../include/top....')
#1 C:\Users\carpel\Desktop\Project\system\View\View.php(424): CodeIgniter\View\View->render('../include/top', NULL, true)
#2 C:\Users\carpel\Desktop\Project\app\Views\client\clientlist.php(1): CodeIgniter\View\View->include('../include/top')
#3 C:\Users\carpel\Desktop\Project\system\View\View.php(210): include('C:\\Users\\carpel...')
#4 C:\Users\carpel\Desktop\Project\system\View\View.php(213): CodeIgniter\View\View->CodeIgniter\View\{closure}()
#5 C:\Users\carpel\Desktop\Project\system\Common.php(1089): CodeIgniter\View\View->render('client/clientli...', Array, true)
#6 C:\Users\carpel\Desktop\Project\app\Controllers\ClientController.php(29): view('client/clientli...', Array)
#7 C:\Users\carpel\Desktop\Project\system\CodeIgniter.php(832): App\Controllers\ClientController->list()
#8 C:\Users\carpel\Desktop\Project\system\CodeIgniter.php(419): CodeIgniter\CodeIgniter->runController(Object(App\Controllers\ClientController))
#9 C:\Users\carpel\Desktop\Project\system\CodeIgniter.php(326): CodeIgniter\CodeIgniter->handleRequest(NULL, Object(Config\Cache), false)
#10 C:\Users\carpel\Desktop\Project\public\index.php(37): CodeIgniter\CodeIgniter->run()
#11 C:\Users\carpel\Desktop\Project\system\Commands\Server\rewrite.php(43): require_once('C:\\Users\\carpel...')
#12 {main}
CRITICAL - 2022-04-20 23:43:44 --> Invalid file: ../include/top.php
#0 C:\Users\carpel\Desktop\Project\system\View\View.php(198): CodeIgniter\Exceptions\FrameworkException::forInvalidFile('../include/top....')
#1 C:\Users\carpel\Desktop\Project\system\View\View.php(424): CodeIgniter\View\View->render('../include/top', NULL, true)
#2 C:\Users\carpel\Desktop\Project\app\Views\client\clientarchive.php(1): CodeIgniter\View\View->include('../include/top')
#3 C:\Users\carpel\Desktop\Project\system\View\View.php(210): include('C:\\Users\\carpel...')
#4 C:\Users\carpel\Desktop\Project\system\View\View.php(213): CodeIgniter\View\View->CodeIgniter\View\{closure}()
#5 C:\Users\carpel\Desktop\Project\system\Common.php(1089): CodeIgniter\View\View->render('client/clientar...', Array, true)
#6 C:\Users\carpel\Desktop\Project\app\Controllers\ClientController.php(20): view('client/clientar...', Array)
#7 C:\Users\carpel\Desktop\Project\system\CodeIgniter.php(832): App\Controllers\ClientController->archivelist()
#8 C:\Users\carpel\Desktop\Project\system\CodeIgniter.php(419): CodeIgniter\CodeIgniter->runController(Object(App\Controllers\ClientController))
#9 C:\Users\carpel\Desktop\Project\system\CodeIgniter.php(326): CodeIgniter\CodeIgniter->handleRequest(NULL, Object(Config\Cache), false)
#10 C:\Users\carpel\Desktop\Project\public\index.php(37): CodeIgniter\CodeIgniter->run()
#11 C:\Users\carpel\Desktop\Project\system\Commands\Server\rewrite.php(43): require_once('C:\\Users\\carpel...')
#12 {main}
CRITICAL - 2022-04-20 23:44:04 --> Invalid file: ../include/top.php
#0 C:\Users\carpel\Desktop\Project\system\View\View.php(198): CodeIgniter\Exceptions\FrameworkException::forInvalidFile('../include/top....')
#1 C:\Users\carpel\Desktop\Project\system\View\View.php(424): CodeIgniter\View\View->render('../include/top', NULL, true)
#2 C:\Users\carpel\Desktop\Project\app\Views\client\clientlist.php(1): CodeIgniter\View\View->include('../include/top')
#3 C:\Users\carpel\Desktop\Project\system\View\View.php(210): include('C:\\Users\\carpel...')
#4 C:\Users\carpel\Desktop\Project\system\View\View.php(213): CodeIgniter\View\View->CodeIgniter\View\{closure}()
#5 C:\Users\carpel\Desktop\Project\system\Common.php(1089): CodeIgniter\View\View->render('client/clientli...', Array, true)
#6 C:\Users\carpel\Desktop\Project\app\Controllers\ClientController.php(29): view('client/clientli...', Array)
#7 C:\Users\carpel\Desktop\Project\system\CodeIgniter.php(832): App\Controllers\ClientController->list()
#8 C:\Users\carpel\Desktop\Project\system\CodeIgniter.php(419): CodeIgniter\CodeIgniter->runController(Object(App\Controllers\ClientController))
#9 C:\Users\carpel\Desktop\Project\system\CodeIgniter.php(326): CodeIgniter\CodeIgniter->handleRequest(NULL, Object(Config\Cache), false)
#10 C:\Users\carpel\Desktop\Project\public\index.php(37): CodeIgniter\CodeIgniter->run()
#11 C:\Users\carpel\Desktop\Project\system\Commands\Server\rewrite.php(43): require_once('C:\\Users\\carpel...')
#12 {main}
CRITICAL - 2022-04-20 23:44:06 --> Invalid file: ../include/top.php
#0 C:\Users\carpel\Desktop\Project\system\View\View.php(198): CodeIgniter\Exceptions\FrameworkException::forInvalidFile('../include/top....')
#1 C:\Users\carpel\Desktop\Project\system\View\View.php(424): CodeIgniter\View\View->render('../include/top', NULL, true)
#2 C:\Users\carpel\Desktop\Project\app\Views\client\clientlist.php(1): CodeIgniter\View\View->include('../include/top')
#3 C:\Users\carpel\Desktop\Project\system\View\View.php(210): include('C:\\Users\\carpel...')
#4 C:\Users\carpel\Desktop\Project\system\View\View.php(213): CodeIgniter\View\View->CodeIgniter\View\{closure}()
#5 C:\Users\carpel\Desktop\Project\system\Common.php(1089): CodeIgniter\View\View->render('client/clientli...', Array, true)
#6 C:\Users\carpel\Desktop\Project\app\Controllers\ClientController.php(29): view('client/clientli...', Array)
#7 C:\Users\carpel\Desktop\Project\system\CodeIgniter.php(832): App\Controllers\ClientController->list()
#8 C:\Users\carpel\Desktop\Project\system\CodeIgniter.php(419): CodeIgniter\CodeIgniter->runController(Object(App\Controllers\ClientController))
#9 C:\Users\carpel\Desktop\Project\system\CodeIgniter.php(326): CodeIgniter\CodeIgniter->handleRequest(NULL, Object(Config\Cache), false)
#10 C:\Users\carpel\Desktop\Project\public\index.php(37): CodeIgniter\CodeIgniter->run()
#11 C:\Users\carpel\Desktop\Project\system\Commands\Server\rewrite.php(43): require_once('C:\\Users\\carpel...')
#12 {main}
CRITICAL - 2022-04-20 23:44:10 --> Invalid file: ../include/top.php
#0 C:\Users\carpel\Desktop\Project\system\View\View.php(198): CodeIgniter\Exceptions\FrameworkException::forInvalidFile('../include/top....')
#1 C:\Users\carpel\Desktop\Project\system\View\View.php(424): CodeIgniter\View\View->render('../include/top', NULL, true)
#2 C:\Users\carpel\Desktop\Project\app\Views\client\clientarchive.php(1): CodeIgniter\View\View->include('../include/top')
#3 C:\Users\carpel\Desktop\Project\system\View\View.php(210): include('C:\\Users\\carpel...')
#4 C:\Users\carpel\Desktop\Project\system\View\View.php(213): CodeIgniter\View\View->CodeIgniter\View\{closure}()
#5 C:\Users\carpel\Desktop\Project\system\Common.php(1089): CodeIgniter\View\View->render('client/clientar...', Array, true)
#6 C:\Users\carpel\Desktop\Project\app\Controllers\ClientController.php(20): view('client/clientar...', Array)
#7 C:\Users\carpel\Desktop\Project\system\CodeIgniter.php(832): App\Controllers\ClientController->archivelist()
#8 C:\Users\carpel\Desktop\Project\system\CodeIgniter.php(419): CodeIgniter\CodeIgniter->runController(Object(App\Controllers\ClientController))
#9 C:\Users\carpel\Desktop\Project\system\CodeIgniter.php(326): CodeIgniter\CodeIgniter->handleRequest(NULL, Object(Config\Cache), false)
#10 C:\Users\carpel\Desktop\Project\public\index.php(37): CodeIgniter\CodeIgniter->run()
#11 C:\Users\carpel\Desktop\Project\system\Commands\Server\rewrite.php(43): require_once('C:\\Users\\carpel...')
#12 {main}
CRITICAL - 2022-04-20 23:45:07 --> Invalid file: ../include/top.php
#0 C:\Users\carpel\Desktop\Project\system\View\View.php(198): CodeIgniter\Exceptions\FrameworkException::forInvalidFile('../include/top....')
#1 C:\Users\carpel\Desktop\Project\system\View\View.php(424): CodeIgniter\View\View->render('../include/top', NULL, true)
#2 C:\Users\carpel\Desktop\Project\app\Views\client\clientlist.php(1): CodeIgniter\View\View->include('../include/top')
#3 C:\Users\carpel\Desktop\Project\system\View\View.php(210): include('C:\\Users\\carpel...')
#4 C:\Users\carpel\Desktop\Project\system\View\View.php(213): CodeIgniter\View\View->CodeIgniter\View\{closure}()
#5 C:\Users\carpel\Desktop\Project\system\Common.php(1089): CodeIgniter\View\View->render('client/clientli...', Array, true)
#6 C:\Users\carpel\Desktop\Project\app\Controllers\ClientController.php(29): view('client/clientli...', Array)
#7 C:\Users\carpel\Desktop\Project\system\CodeIgniter.php(832): App\Controllers\ClientController->list()
#8 C:\Users\carpel\Desktop\Project\system\CodeIgniter.php(419): CodeIgniter\CodeIgniter->runController(Object(App\Controllers\ClientController))
#9 C:\Users\carpel\Desktop\Project\system\CodeIgniter.php(326): CodeIgniter\CodeIgniter->handleRequest(NULL, Object(Config\Cache), false)
#10 C:\Users\carpel\Desktop\Project\public\index.php(37): CodeIgniter\CodeIgniter->run()
#11 C:\Users\carpel\Desktop\Project\system\Commands\Server\rewrite.php(43): require_once('C:\\Users\\carpel...')
#12 {main}
CRITICAL - 2022-04-20 23:45:15 --> Invalid file: ../include/top.php
#0 C:\Users\carpel\Desktop\Project\system\View\View.php(198): CodeIgniter\Exceptions\FrameworkException::forInvalidFile('../include/top....')
#1 C:\Users\carpel\Desktop\Project\system\View\View.php(424): CodeIgniter\View\View->render('../include/top', NULL, true)
#2 C:\Users\carpel\Desktop\Project\app\Views\client\clientarchive.php(1): CodeIgniter\View\View->include('../include/top')
#3 C:\Users\carpel\Desktop\Project\system\View\View.php(210): include('C:\\Users\\carpel...')
#4 C:\Users\carpel\Desktop\Project\system\View\View.php(213): CodeIgniter\View\View->CodeIgniter\View\{closure}()
#5 C:\Users\carpel\Desktop\Project\system\Common.php(1089): CodeIgniter\View\View->render('client/clientar...', Array, true)
#6 C:\Users\carpel\Desktop\Project\app\Controllers\ClientController.php(20): view('client/clientar...', Array)
#7 C:\Users\carpel\Desktop\Project\system\CodeIgniter.php(832): App\Controllers\ClientController->archivelist()
#8 C:\Users\carpel\Desktop\Project\system\CodeIgniter.php(419): CodeIgniter\CodeIgniter->runController(Object(App\Controllers\ClientController))
#9 C:\Users\carpel\Desktop\Project\system\CodeIgniter.php(326): CodeIgniter\CodeIgniter->handleRequest(NULL, Object(Config\Cache), false)
#10 C:\Users\carpel\Desktop\Project\public\index.php(37): CodeIgniter\CodeIgniter->run()
#11 C:\Users\carpel\Desktop\Project\system\Commands\Server\rewrite.php(43): require_once('C:\\Users\\carpel...')
#12 {main}
CRITICAL - 2022-04-20 23:45:53 --> Invalid file: ../include/top.php
#0 C:\Users\carpel\Desktop\Project\system\View\View.php(198): CodeIgniter\Exceptions\FrameworkException::forInvalidFile('../include/top....')
#1 C:\Users\carpel\Desktop\Project\system\View\View.php(424): CodeIgniter\View\View->render('../include/top', NULL, true)
#2 C:\Users\carpel\Desktop\Project\app\Views\client\clientlist.php(1): CodeIgniter\View\View->include('../include/top')
#3 C:\Users\carpel\Desktop\Project\system\View\View.php(210): include('C:\\Users\\carpel...')
#4 C:\Users\carpel\Desktop\Project\system\View\View.php(213): CodeIgniter\View\View->CodeIgniter\View\{closure}()
#5 C:\Users\carpel\Desktop\Project\system\Common.php(1089): CodeIgniter\View\View->render('client/clientli...', Array, true)
#6 C:\Users\carpel\Desktop\Project\app\Controllers\ClientController.php(29): view('client/clientli...', Array)
#7 C:\Users\carpel\Desktop\Project\system\CodeIgniter.php(832): App\Controllers\ClientController->list()
#8 C:\Users\carpel\Desktop\Project\system\CodeIgniter.php(419): CodeIgniter\CodeIgniter->runController(Object(App\Controllers\ClientController))
#9 C:\Users\carpel\Desktop\Project\system\CodeIgniter.php(326): CodeIgniter\CodeIgniter->handleRequest(NULL, Object(Config\Cache), false)
#10 C:\Users\carpel\Desktop\Project\public\index.php(37): CodeIgniter\CodeIgniter->run()
#11 C:\Users\carpel\Desktop\Project\system\Commands\Server\rewrite.php(43): require_once('C:\\Users\\carpel...')
#12 {main}
CRITICAL - 2022-04-20 23:46:02 --> Invalid file: ../include/top.php
#0 C:\Users\carpel\Desktop\Project\system\View\View.php(198): CodeIgniter\Exceptions\FrameworkException::forInvalidFile('../include/top....')
#1 C:\Users\carpel\Desktop\Project\system\View\View.php(424): CodeIgniter\View\View->render('../include/top', NULL, true)
#2 C:\Users\carpel\Desktop\Project\app\Views\client\clientlist.php(1): CodeIgniter\View\View->include('../include/top')
#3 C:\Users\carpel\Desktop\Project\system\View\View.php(210): include('C:\\Users\\carpel...')
#4 C:\Users\carpel\Desktop\Project\system\View\View.php(213): CodeIgniter\View\View->CodeIgniter\View\{closure}()
#5 C:\Users\carpel\Desktop\Project\system\Common.php(1089): CodeIgniter\View\View->render('client/clientli...', Array, true)
#6 C:\Users\carpel\Desktop\Project\app\Controllers\ClientController.php(29): view('client/clientli...', Array)
#7 C:\Users\carpel\Desktop\Project\system\CodeIgniter.php(832): App\Controllers\ClientController->list()
#8 C:\Users\carpel\Desktop\Project\system\CodeIgniter.php(419): CodeIgniter\CodeIgniter->runController(Object(App\Controllers\ClientController))
#9 C:\Users\carpel\Desktop\Project\system\CodeIgniter.php(326): CodeIgniter\CodeIgniter->handleRequest(NULL, Object(Config\Cache), false)
#10 C:\Users\carpel\Desktop\Project\public\index.php(37): CodeIgniter\CodeIgniter->run()
#11 C:\Users\carpel\Desktop\Project\system\Commands\Server\rewrite.php(43): require_once('C:\\Users\\carpel...')
#12 {main}
CRITICAL - 2022-04-20 23:46:12 --> Invalid file: ../include/top.php
#0 C:\Users\carpel\Desktop\Project\system\View\View.php(198): CodeIgniter\Exceptions\FrameworkException::forInvalidFile('../include/top....')
#1 C:\Users\carpel\Desktop\Project\system\View\View.php(424): CodeIgniter\View\View->render('../include/top', NULL, true)
#2 C:\Users\carpel\Desktop\Project\app\Views\client\clientlist.php(1): CodeIgniter\View\View->include('../include/top')
#3 C:\Users\carpel\Desktop\Project\system\View\View.php(210): include('C:\\Users\\carpel...')
#4 C:\Users\carpel\Desktop\Project\system\View\View.php(213): CodeIgniter\View\View->CodeIgniter\View\{closure}()
#5 C:\Users\carpel\Desktop\Project\system\Common.php(1089): CodeIgniter\View\View->render('client/clientli...', Array, true)
#6 C:\Users\carpel\Desktop\Project\app\Controllers\ClientController.php(29): view('client/clientli...', Array)
#7 C:\Users\carpel\Desktop\Project\system\CodeIgniter.php(832): App\Controllers\ClientController->list()
#8 C:\Users\carpel\Desktop\Project\system\CodeIgniter.php(419): CodeIgniter\CodeIgniter->runController(Object(App\Controllers\ClientController))
#9 C:\Users\carpel\Desktop\Project\system\CodeIgniter.php(326): CodeIgniter\CodeIgniter->handleRequest(NULL, Object(Config\Cache), false)
#10 C:\Users\carpel\Desktop\Project\public\index.php(37): CodeIgniter\CodeIgniter->run()
#11 C:\Users\carpel\Desktop\Project\system\Commands\Server\rewrite.php(43): require_once('C:\\Users\\carpel...')
#12 {main}
CRITICAL - 2022-04-20 23:46:16 --> Invalid file: ../include/top.php
#0 C:\Users\carpel\Desktop\Project\system\View\View.php(198): CodeIgniter\Exceptions\FrameworkException::forInvalidFile('../include/top....')
#1 C:\Users\carpel\Desktop\Project\system\View\View.php(424): CodeIgniter\View\View->render('../include/top', NULL, true)
#2 C:\Users\carpel\Desktop\Project\app\Views\client\clientlist.php(1): CodeIgniter\View\View->include('../include/top')
#3 C:\Users\carpel\Desktop\Project\system\View\View.php(210): include('C:\\Users\\carpel...')
#4 C:\Users\carpel\Desktop\Project\system\View\View.php(213): CodeIgniter\View\View->CodeIgniter\View\{closure}()
#5 C:\Users\carpel\Desktop\Project\system\Common.php(1089): CodeIgniter\View\View->render('client/clientli...', Array, true)
#6 C:\Users\carpel\Desktop\Project\app\Controllers\ClientController.php(29): view('client/clientli...', Array)
#7 C:\Users\carpel\Desktop\Project\system\CodeIgniter.php(832): App\Controllers\ClientController->list()
#8 C:\Users\carpel\Desktop\Project\system\CodeIgniter.php(419): CodeIgniter\CodeIgniter->runController(Object(App\Controllers\ClientController))
#9 C:\Users\carpel\Desktop\Project\system\CodeIgniter.php(326): CodeIgniter\CodeIgniter->handleRequest(NULL, Object(Config\Cache), false)
#10 C:\Users\carpel\Desktop\Project\public\index.php(37): CodeIgniter\CodeIgniter->run()
#11 C:\Users\carpel\Desktop\Project\system\Commands\Server\rewrite.php(43): require_once('C:\\Users\\carpel...')
#12 {main}
CRITICAL - 2022-04-20 23:46:23 --> Invalid file: ../include/top.php
#0 C:\Users\carpel\Desktop\Project\system\View\View.php(198): CodeIgniter\Exceptions\FrameworkException::forInvalidFile('../include/top....')
#1 C:\Users\carpel\Desktop\Project\system\View\View.php(424): CodeIgniter\View\View->render('../include/top', NULL, true)
#2 C:\Users\carpel\Desktop\Project\app\Views\client\clientlist.php(1): CodeIgniter\View\View->include('../include/top')
#3 C:\Users\carpel\Desktop\Project\system\View\View.php(210): include('C:\\Users\\carpel...')
#4 C:\Users\carpel\Desktop\Project\system\View\View.php(213): CodeIgniter\View\View->CodeIgniter\View\{closure}()
#5 C:\Users\carpel\Desktop\Project\system\Common.php(1089): CodeIgniter\View\View->render('client/clientli...', Array, true)
#6 C:\Users\carpel\Desktop\Project\app\Controllers\ClientController.php(29): view('client/clientli...', Array)
#7 C:\Users\carpel\Desktop\Project\system\CodeIgniter.php(832): App\Controllers\ClientController->list()
#8 C:\Users\carpel\Desktop\Project\system\CodeIgniter.php(419): CodeIgniter\CodeIgniter->runController(Object(App\Controllers\ClientController))
#9 C:\Users\carpel\Desktop\Project\system\CodeIgniter.php(326): CodeIgniter\CodeIgniter->handleRequest(NULL, Object(Config\Cache), false)
#10 C:\Users\carpel\Desktop\Project\public\index.php(37): CodeIgniter\CodeIgniter->run()
#11 C:\Users\carpel\Desktop\Project\system\Commands\Server\rewrite.php(43): require_once('C:\\Users\\carpel...')
#12 {main}
CRITICAL - 2022-04-20 23:46:38 --> Invalid file: ../include/top.php
#0 C:\Users\carpel\Desktop\Project\system\View\View.php(198): CodeIgniter\Exceptions\FrameworkException::forInvalidFile('../include/top....')
#1 C:\Users\carpel\Desktop\Project\system\View\View.php(424): CodeIgniter\View\View->render('../include/top', NULL, true)
#2 C:\Users\carpel\Desktop\Project\app\Views\client\clientlist.php(1): CodeIgniter\View\View->include('../include/top')
#3 C:\Users\carpel\Desktop\Project\system\View\View.php(210): include('C:\\Users\\carpel...')
#4 C:\Users\carpel\Desktop\Project\system\View\View.php(213): CodeIgniter\View\View->CodeIgniter\View\{closure}()
#5 C:\Users\carpel\Desktop\Project\system\Common.php(1089): CodeIgniter\View\View->render('client/clientli...', Array, true)
#6 C:\Users\carpel\Desktop\Project\app\Controllers\ClientController.php(29): view('client/clientli...', Array)
#7 C:\Users\carpel\Desktop\Project\system\CodeIgniter.php(832): App\Controllers\ClientController->list()
#8 C:\Users\carpel\Desktop\Project\system\CodeIgniter.php(419): CodeIgniter\CodeIgniter->runController(Object(App\Controllers\ClientController))
#9 C:\Users\carpel\Desktop\Project\system\CodeIgniter.php(326): CodeIgniter\CodeIgniter->handleRequest(NULL, Object(Config\Cache), false)
#10 C:\Users\carpel\Desktop\Project\public\index.php(37): CodeIgniter\CodeIgniter->run()
#11 C:\Users\carpel\Desktop\Project\system\Commands\Server\rewrite.php(43): require_once('C:\\Users\\carpel...')
#12 {main}
CRITICAL - 2022-04-20 23:46:41 --> Invalid file: ../include/top.php
#0 C:\Users\carpel\Desktop\Project\system\View\View.php(198): CodeIgniter\Exceptions\FrameworkException::forInvalidFile('../include/top....')
#1 C:\Users\carpel\Desktop\Project\system\View\View.php(424): CodeIgniter\View\View->render('../include/top', NULL, true)
#2 C:\Users\carpel\Desktop\Project\app\Views\client\clientlist.php(1): CodeIgniter\View\View->include('../include/top')
#3 C:\Users\carpel\Desktop\Project\system\View\View.php(210): include('C:\\Users\\carpel...')
#4 C:\Users\carpel\Desktop\Project\system\View\View.php(213): CodeIgniter\View\View->CodeIgniter\View\{closure}()
#5 C:\Users\carpel\Desktop\Project\system\Common.php(1089): CodeIgniter\View\View->render('client/clientli...', Array, true)
#6 C:\Users\carpel\Desktop\Project\app\Controllers\ClientController.php(29): view('client/clientli...', Array)
#7 C:\Users\carpel\Desktop\Project\system\CodeIgniter.php(832): App\Controllers\ClientController->list()
#8 C:\Users\carpel\Desktop\Project\system\CodeIgniter.php(419): CodeIgniter\CodeIgniter->runController(Object(App\Controllers\ClientController))
#9 C:\Users\carpel\Desktop\Project\system\CodeIgniter.php(326): CodeIgniter\CodeIgniter->handleRequest(NULL, Object(Config\Cache), false)
#10 C:\Users\carpel\Desktop\Project\public\index.php(37): CodeIgniter\CodeIgniter->run()
#11 C:\Users\carpel\Desktop\Project\system\Commands\Server\rewrite.php(43): require_once('C:\\Users\\carpel...')
#12 {main}
