ERROR - 2022-08-25 02:49:55 --> Unknown column 'Count * total' in 'field list'
CRITICAL - 2022-08-25 02:49:55 --> Call to a member function getFirstRow() on bool
#0 C:\laragon\www\Project\helpme\system\BaseModel.php(622): CodeIgniter\Model->doFirst()
#1 C:\laragon\www\Project\helpme\app\Controllers\ChartController.php(12): CodeIgniter\BaseModel->first()
#2 C:\laragon\www\Project\helpme\system\CodeIgniter.php(832): App\Controllers\ChartController->graph()
#3 C:\laragon\www\Project\helpme\system\CodeIgniter.php(419): CodeIgniter\CodeIgniter->runController(Object(App\Controllers\ChartController))
#4 C:\laragon\www\Project\helpme\system\CodeIgniter.php(326): CodeIgniter\CodeIgniter->handleRequest(NULL, Object(Config\Cache), false)
#5 C:\laragon\www\Project\index.php(37): CodeIgniter\CodeIgniter->run()
#6 {main}
CRITICAL - 2022-08-25 03:32:32 --> Class 'App\Controllers\AccountModel' not found
#0 C:\laragon\www\Project\helpme\system\CodeIgniter.php(832): App\Controllers\ClientController->postamount()
#1 C:\laragon\www\Project\helpme\system\CodeIgniter.php(419): CodeIgniter\CodeIgniter->runController(Object(App\Controllers\ClientController))
#2 C:\laragon\www\Project\helpme\system\CodeIgniter.php(326): CodeIgniter\CodeIgniter->handleRequest(NULL, Object(Config\Cache), false)
#3 C:\laragon\www\Project\index.php(37): CodeIgniter\CodeIgniter->run()
#4 {main}
CRITICAL - 2022-08-25 03:34:40 --> Class 'App\Controllers\AccountModel' not found
#0 C:\laragon\www\Project\helpme\system\CodeIgniter.php(832): App\Controllers\ClientController->postamount()
#1 C:\laragon\www\Project\helpme\system\CodeIgniter.php(419): CodeIgniter\CodeIgniter->runController(Object(App\Controllers\ClientController))
#2 C:\laragon\www\Project\helpme\system\CodeIgniter.php(326): CodeIgniter\CodeIgniter->handleRequest(NULL, Object(Config\Cache), false)
#3 C:\laragon\www\Project\index.php(37): CodeIgniter\CodeIgniter->run()
#4 {main}
CRITICAL - 2022-08-25 03:34:57 --> Namespace declaration statement has to be the very first statement or after any declare call in the script
#0 [internal function]: CodeIgniter\Debug\Exceptions->shutdownHandler()
#1 {main}
CRITICAL - 2022-08-25 03:35:21 --> Invalid file: c  lient/clientlist.php
#0 C:\laragon\www\Project\helpme\system\View\View.php(198): CodeIgniter\Exceptions\FrameworkException::forInvalidFile('c  lient/client...')
#1 C:\laragon\www\Project\helpme\system\Common.php(1089): CodeIgniter\View\View->render('c  lient/client...', Array, true)
#2 C:\laragon\www\Project\helpme\app\Controllers\ClientController.php(64): view('c  lient/client...', Array)
#3 C:\laragon\www\Project\helpme\system\CodeIgniter.php(832): App\Controllers\ClientController->list()
#4 C:\laragon\www\Project\helpme\system\CodeIgniter.php(419): CodeIgniter\CodeIgniter->runController(Object(App\Controllers\ClientController))
#5 C:\laragon\www\Project\helpme\system\CodeIgniter.php(326): CodeIgniter\CodeIgniter->handleRequest(NULL, Object(Config\Cache), false)
#6 C:\laragon\www\Project\index.php(37): CodeIgniter\CodeIgniter->run()
#7 {main}
CRITICAL - 2022-08-25 03:35:55 --> Namespace declaration statement has to be the very first statement or after any declare call in the script
#0 [internal function]: CodeIgniter\Debug\Exceptions->shutdownHandler()
#1 {main}
CRITICAL - 2022-08-25 03:36:10 --> Namespace declaration statement has to be the very first statement or after any declare call in the script
#0 [internal function]: CodeIgniter\Debug\Exceptions->shutdownHandler()
#1 {main}
CRITICAL - 2022-08-25 03:36:55 --> Namespace declaration statement has to be the very first statement or after any declare call in the script
#0 [internal function]: CodeIgniter\Debug\Exceptions->shutdownHandler()
#1 {main}
CRITICAL - 2022-08-25 03:37:43 --> Namespace declaration statement has to be the very first statement or after any declare call in the script
#0 [internal function]: CodeIgniter\Debug\Exceptions->shutdownHandler()
#1 {main}
CRITICAL - 2022-08-25 03:38:14 --> Namespace declaration statement has to be the very first statement or after any declare call in the script
#0 [internal function]: CodeIgniter\Debug\Exceptions->shutdownHandler()
#1 {main}
CRITICAL - 2022-08-25 03:38:18 --> Namespace declaration statement has to be the very first statement or after any declare call in the script
#0 [internal function]: CodeIgniter\Debug\Exceptions->shutdownHandler()
#1 {main}
CRITICAL - 2022-08-25 03:38:33 --> Namespace declaration statement has to be the very first statement or after any declare call in the script
#0 [internal function]: CodeIgniter\Debug\Exceptions->shutdownHandler()
#1 {main}
CRITICAL - 2022-08-25 03:40:50 --> Namespace declaration statement has to be the very first statement or after any declare call in the script
#0 [internal function]: CodeIgniter\Debug\Exceptions->shutdownHandler()
#1 {main}
CRITICAL - 2022-08-25 03:41:04 --> Namespace declaration statement has to be the very first statement or after any declare call in the script
#0 [internal function]: CodeIgniter\Debug\Exceptions->shutdownHandler()
#1 {main}
CRITICAL - 2022-08-25 03:41:22 --> Namespace declaration statement has to be the very first statement or after any declare call in the script
#0 [internal function]: CodeIgniter\Debug\Exceptions->shutdownHandler()
#1 {main}
CRITICAL - 2022-08-25 03:42:32 --> Namespace declaration statement has to be the very first statement or after any declare call in the script
#0 [internal function]: CodeIgniter\Debug\Exceptions->shutdownHandler()
#1 {main}
CRITICAL - 2022-08-25 03:43:13 --> Namespace declaration statement has to be the very first statement or after any declare call in the script
#0 [internal function]: CodeIgniter\Debug\Exceptions->shutdownHandler()
#1 {main}
CRITICAL - 2022-08-25 03:43:25 --> Namespace declaration statement has to be the very first statement or after any declare call in the script
#0 [internal function]: CodeIgniter\Debug\Exceptions->shutdownHandler()
#1 {main}
CRITICAL - 2022-08-25 03:43:47 --> Namespace declaration statement has to be the very first statement or after any declare call in the script
#0 [internal function]: CodeIgniter\Debug\Exceptions->shutdownHandler()
#1 {main}
CRITICAL - 2022-08-25 03:44:01 --> Namespace declaration statement has to be the very first statement or after any declare call in the script
#0 [internal function]: CodeIgniter\Debug\Exceptions->shutdownHandler()
#1 {main}
CRITICAL - 2022-08-25 03:44:37 --> Namespace declaration statement has to be the very first statement or after any declare call in the script
#0 [internal function]: CodeIgniter\Debug\Exceptions->shutdownHandler()
#1 {main}
CRITICAL - 2022-08-25 03:46:01 --> Namespace declaration statement has to be the very first statement or after any declare call in the script
#0 [internal function]: CodeIgniter\Debug\Exceptions->shutdownHandler()
#1 {main}
CRITICAL - 2022-08-25 03:47:04 --> Namespace declaration statement has to be the very first statement or after any declare call in the script
#0 [internal function]: CodeIgniter\Debug\Exceptions->shutdownHandler()
#1 {main}
CRITICAL - 2022-08-25 03:48:28 --> Namespace declaration statement has to be the very first statement or after any declare call in the script
#0 [internal function]: CodeIgniter\Debug\Exceptions->shutdownHandler()
#1 {main}
CRITICAL - 2022-08-25 03:49:19 --> Namespace declaration statement has to be the very first statement or after any declare call in the script
#0 [internal function]: CodeIgniter\Debug\Exceptions->shutdownHandler()
#1 {main}
ERROR - 2022-08-25 03:50:35 --> Column 'clientID' cannot be null
ERROR - 2022-08-25 03:54:10 --> Unknown column 'Count * total' in 'field list'
CRITICAL - 2022-08-25 03:54:10 --> Call to a member function getFirstRow() on bool
#0 C:\laragon\www\Project\helpme\system\BaseModel.php(622): CodeIgniter\Model->doFirst()
#1 C:\laragon\www\Project\helpme\app\Controllers\ChartController.php(12): CodeIgniter\BaseModel->first()
#2 C:\laragon\www\Project\helpme\system\CodeIgniter.php(832): App\Controllers\ChartController->graph()
#3 C:\laragon\www\Project\helpme\system\CodeIgniter.php(419): CodeIgniter\CodeIgniter->runController(Object(App\Controllers\ChartController))
#4 C:\laragon\www\Project\helpme\system\CodeIgniter.php(326): CodeIgniter\CodeIgniter->handleRequest(NULL, Object(Config\Cache), false)
#5 C:\laragon\www\Project\index.php(37): CodeIgniter\CodeIgniter->run()
#6 {main}
ERROR - 2022-08-25 03:57:11 --> Unknown column 'Count total' in 'field list'
CRITICAL - 2022-08-25 03:57:11 --> Call to a member function getFirstRow() on bool
#0 C:\laragon\www\Project\helpme\system\BaseModel.php(622): CodeIgniter\Model->doFirst()
#1 C:\laragon\www\Project\helpme\app\Controllers\ChartController.php(12): CodeIgniter\BaseModel->first()
#2 C:\laragon\www\Project\helpme\system\CodeIgniter.php(832): App\Controllers\ChartController->graph()
#3 C:\laragon\www\Project\helpme\system\CodeIgniter.php(419): CodeIgniter\CodeIgniter->runController(Object(App\Controllers\ChartController))
#4 C:\laragon\www\Project\helpme\system\CodeIgniter.php(326): CodeIgniter\CodeIgniter->handleRequest(NULL, Object(Config\Cache), false)
#5 C:\laragon\www\Project\index.php(37): CodeIgniter\CodeIgniter->run()
#6 {main}
ERROR - 2022-08-25 04:01:06 --> Unknown column 'Count * total' in 'field list'
CRITICAL - 2022-08-25 04:01:06 --> Call to a member function getResult() on bool
#0 C:\laragon\www\Project\helpme\system\BaseModel.php(584): CodeIgniter\Model->doFindAll(0, 0)
#1 C:\laragon\www\Project\helpme\app\Controllers\ChartController.php(12): CodeIgniter\BaseModel->findAll()
#2 C:\laragon\www\Project\helpme\system\CodeIgniter.php(832): App\Controllers\ChartController->graph()
#3 C:\laragon\www\Project\helpme\system\CodeIgniter.php(419): CodeIgniter\CodeIgniter->runController(Object(App\Controllers\ChartController))
#4 C:\laragon\www\Project\helpme\system\CodeIgniter.php(326): CodeIgniter\CodeIgniter->handleRequest(NULL, Object(Config\Cache), false)
#5 C:\laragon\www\Project\index.php(37): CodeIgniter\CodeIgniter->run()
#6 {main}
CRITICAL - 2022-08-25 04:01:28 --> Call to undefined method App\Models\ClientModel::countAllResult
#0 C:\laragon\www\Project\helpme\app\Controllers\ChartController.php(12): CodeIgniter\Model->__call('countAllResult', Array)
#1 C:\laragon\www\Project\helpme\system\CodeIgniter.php(832): App\Controllers\ChartController->graph()
#2 C:\laragon\www\Project\helpme\system\CodeIgniter.php(419): CodeIgniter\CodeIgniter->runController(Object(App\Controllers\ChartController))
#3 C:\laragon\www\Project\helpme\system\CodeIgniter.php(326): CodeIgniter\CodeIgniter->handleRequest(NULL, Object(Config\Cache), false)
#4 C:\laragon\www\Project\index.php(37): CodeIgniter\CodeIgniter->run()
#5 {main}
ERROR - 2022-08-25 04:04:09 --> You have an error in your SQL syntax; check the manual that corresponds to your MySQL server version for the right syntax to use near 'as total, `town` as `town`
FROM `client`
GROUP BY `total`
ORDER BY `client`.`id`' at line 1
CRITICAL - 2022-08-25 04:04:09 --> Call to a member function getFirstRow() on bool
#0 C:\laragon\www\Project\helpme\system\BaseModel.php(622): CodeIgniter\Model->doFirst()
#1 C:\laragon\www\Project\helpme\app\Controllers\ChartController.php(12): CodeIgniter\BaseModel->first()
#2 C:\laragon\www\Project\helpme\system\CodeIgniter.php(832): App\Controllers\ChartController->graph()
#3 C:\laragon\www\Project\helpme\system\CodeIgniter.php(419): CodeIgniter\CodeIgniter->runController(Object(App\Controllers\ChartController))
#4 C:\laragon\www\Project\helpme\system\CodeIgniter.php(326): CodeIgniter\CodeIgniter->handleRequest(NULL, Object(Config\Cache), false)
#5 C:\laragon\www\Project\index.php(37): CodeIgniter\CodeIgniter->run()
#6 {main}
ERROR - 2022-08-25 04:04:11 --> You have an error in your SQL syntax; check the manual that corresponds to your MySQL server version for the right syntax to use near 'as total, `town` as `town`
FROM `client`
GROUP BY `total`
ORDER BY `client`.`id`' at line 1
CRITICAL - 2022-08-25 04:04:11 --> Call to a member function getFirstRow() on bool
#0 C:\laragon\www\Project\helpme\system\BaseModel.php(622): CodeIgniter\Model->doFirst()
#1 C:\laragon\www\Project\helpme\app\Controllers\ChartController.php(12): CodeIgniter\BaseModel->first()
#2 C:\laragon\www\Project\helpme\system\CodeIgniter.php(832): App\Controllers\ChartController->graph()
#3 C:\laragon\www\Project\helpme\system\CodeIgniter.php(419): CodeIgniter\CodeIgniter->runController(Object(App\Controllers\ChartController))
#4 C:\laragon\www\Project\helpme\system\CodeIgniter.php(326): CodeIgniter\CodeIgniter->handleRequest(NULL, Object(Config\Cache), false)
#5 C:\laragon\www\Project\index.php(37): CodeIgniter\CodeIgniter->run()
#6 {main}
ERROR - 2022-08-25 04:05:59 --> Unknown column 'Count total' in 'field list'
CRITICAL - 2022-08-25 04:05:59 --> Call to a member function getFirstRow() on bool
#0 C:\laragon\www\Project\helpme\system\BaseModel.php(622): CodeIgniter\Model->doFirst()
#1 C:\laragon\www\Project\helpme\app\Controllers\ChartController.php(12): CodeIgniter\BaseModel->first()
#2 C:\laragon\www\Project\helpme\system\CodeIgniter.php(832): App\Controllers\ChartController->graph()
#3 C:\laragon\www\Project\helpme\system\CodeIgniter.php(419): CodeIgniter\CodeIgniter->runController(Object(App\Controllers\ChartController))
#4 C:\laragon\www\Project\helpme\system\CodeIgniter.php(326): CodeIgniter\CodeIgniter->handleRequest(NULL, Object(Config\Cache), false)
#5 C:\laragon\www\Project\index.php(37): CodeIgniter\CodeIgniter->run()
#6 {main}
ERROR - 2022-08-25 04:06:16 --> Unknown column 'Count * total' in 'field list'
CRITICAL - 2022-08-25 04:06:16 --> Call to a member function getFirstRow() on bool
#0 C:\laragon\www\Project\helpme\system\BaseModel.php(622): CodeIgniter\Model->doFirst()
#1 C:\laragon\www\Project\helpme\app\Controllers\ChartController.php(12): CodeIgniter\BaseModel->first()
#2 C:\laragon\www\Project\helpme\system\CodeIgniter.php(832): App\Controllers\ChartController->graph()
#3 C:\laragon\www\Project\helpme\system\CodeIgniter.php(419): CodeIgniter\CodeIgniter->runController(Object(App\Controllers\ChartController))
#4 C:\laragon\www\Project\helpme\system\CodeIgniter.php(326): CodeIgniter\CodeIgniter->handleRequest(NULL, Object(Config\Cache), false)
#5 C:\laragon\www\Project\index.php(37): CodeIgniter\CodeIgniter->run()
#6 {main}
ERROR - 2022-08-25 12:08:14 --> Unknown column 'Count' in 'field list'
CRITICAL - 2022-08-25 12:08:14 --> Call to a member function getFirstRow() on bool
#0 C:\laragon\www\Project\helpme\system\BaseModel.php(622): CodeIgniter\Model->doFirst()
#1 C:\laragon\www\Project\helpme\app\Controllers\ChartController.php(12): CodeIgniter\BaseModel->first()
#2 C:\laragon\www\Project\helpme\system\CodeIgniter.php(832): App\Controllers\ChartController->graph()
#3 C:\laragon\www\Project\helpme\system\CodeIgniter.php(419): CodeIgniter\CodeIgniter->runController(Object(App\Controllers\ChartController))
#4 C:\laragon\www\Project\helpme\system\CodeIgniter.php(326): CodeIgniter\CodeIgniter->handleRequest(NULL, Object(Config\Cache), false)
#5 C:\laragon\www\Project\index.php(37): CodeIgniter\CodeIgniter->run()
#6 {main}
ERROR - 2022-08-25 12:08:16 --> Unknown column 'Count' in 'field list'
CRITICAL - 2022-08-25 12:08:16 --> Call to a member function getFirstRow() on bool
#0 C:\laragon\www\Project\helpme\system\BaseModel.php(622): CodeIgniter\Model->doFirst()
#1 C:\laragon\www\Project\helpme\app\Controllers\ChartController.php(12): CodeIgniter\BaseModel->first()
#2 C:\laragon\www\Project\helpme\system\CodeIgniter.php(832): App\Controllers\ChartController->graph()
#3 C:\laragon\www\Project\helpme\system\CodeIgniter.php(419): CodeIgniter\CodeIgniter->runController(Object(App\Controllers\ChartController))
#4 C:\laragon\www\Project\helpme\system\CodeIgniter.php(326): CodeIgniter\CodeIgniter->handleRequest(NULL, Object(Config\Cache), false)
#5 C:\laragon\www\Project\index.php(37): CodeIgniter\CodeIgniter->run()
#6 {main}
ERROR - 2022-08-25 12:08:51 --> Unknown column 'Count' in 'field list'
CRITICAL - 2022-08-25 12:08:51 --> Call to a member function getFirstRow() on bool
#0 C:\laragon\www\Project\helpme\system\BaseModel.php(622): CodeIgniter\Model->doFirst()
#1 C:\laragon\www\Project\helpme\app\Controllers\ChartController.php(12): CodeIgniter\BaseModel->first()
#2 C:\laragon\www\Project\helpme\system\CodeIgniter.php(832): App\Controllers\ChartController->graph()
#3 C:\laragon\www\Project\helpme\system\CodeIgniter.php(419): CodeIgniter\CodeIgniter->runController(Object(App\Controllers\ChartController))
#4 C:\laragon\www\Project\helpme\system\CodeIgniter.php(326): CodeIgniter\CodeIgniter->handleRequest(NULL, Object(Config\Cache), false)
#5 C:\laragon\www\Project\index.php(37): CodeIgniter\CodeIgniter->run()
#6 {main}
ERROR - 2022-08-25 12:09:08 --> Unknown column 'Count * total' in 'field list'
CRITICAL - 2022-08-25 12:09:08 --> Call to a member function getFirstRow() on bool
#0 C:\laragon\www\Project\helpme\system\BaseModel.php(622): CodeIgniter\Model->doFirst()
#1 C:\laragon\www\Project\helpme\app\Controllers\ChartController.php(12): CodeIgniter\BaseModel->first()
#2 C:\laragon\www\Project\helpme\system\CodeIgniter.php(832): App\Controllers\ChartController->graph()
#3 C:\laragon\www\Project\helpme\system\CodeIgniter.php(419): CodeIgniter\CodeIgniter->runController(Object(App\Controllers\ChartController))
#4 C:\laragon\www\Project\helpme\system\CodeIgniter.php(326): CodeIgniter\CodeIgniter->handleRequest(NULL, Object(Config\Cache), false)
#5 C:\laragon\www\Project\index.php(37): CodeIgniter\CodeIgniter->run()
#6 {main}
ERROR - 2022-08-25 12:09:42 --> Unknown column 'Count *' in 'field list'
CRITICAL - 2022-08-25 12:09:42 --> Call to a member function getFirstRow() on bool
#0 C:\laragon\www\Project\helpme\system\BaseModel.php(622): CodeIgniter\Model->doFirst()
#1 C:\laragon\www\Project\helpme\app\Controllers\ChartController.php(13): CodeIgniter\BaseModel->first()
#2 C:\laragon\www\Project\helpme\system\CodeIgniter.php(832): App\Controllers\ChartController->graph()
#3 C:\laragon\www\Project\helpme\system\CodeIgniter.php(419): CodeIgniter\CodeIgniter->runController(Object(App\Controllers\ChartController))
#4 C:\laragon\www\Project\helpme\system\CodeIgniter.php(326): CodeIgniter\CodeIgniter->handleRequest(NULL, Object(Config\Cache), false)
#5 C:\laragon\www\Project\index.php(37): CodeIgniter\CodeIgniter->run()
#6 {main}
ERROR - 2022-08-25 12:09:49 --> Unknown column 'Count' in 'field list'
CRITICAL - 2022-08-25 12:09:49 --> Call to a member function getFirstRow() on bool
#0 C:\laragon\www\Project\helpme\system\BaseModel.php(622): CodeIgniter\Model->doFirst()
#1 C:\laragon\www\Project\helpme\app\Controllers\ChartController.php(13): CodeIgniter\BaseModel->first()
#2 C:\laragon\www\Project\helpme\system\CodeIgniter.php(832): App\Controllers\ChartController->graph()
#3 C:\laragon\www\Project\helpme\system\CodeIgniter.php(419): CodeIgniter\CodeIgniter->runController(Object(App\Controllers\ChartController))
#4 C:\laragon\www\Project\helpme\system\CodeIgniter.php(326): CodeIgniter\CodeIgniter->handleRequest(NULL, Object(Config\Cache), false)
#5 C:\laragon\www\Project\index.php(37): CodeIgniter\CodeIgniter->run()
#6 {main}
CRITICAL - 2022-08-25 12:10:48 --> Call to a member function Count() on null
#0 C:\laragon\www\Project\helpme\system\CodeIgniter.php(832): App\Controllers\ChartController->graph()
#1 C:\laragon\www\Project\helpme\system\CodeIgniter.php(419): CodeIgniter\CodeIgniter->runController(Object(App\Controllers\ChartController))
#2 C:\laragon\www\Project\helpme\system\CodeIgniter.php(326): CodeIgniter\CodeIgniter->handleRequest(NULL, Object(Config\Cache), false)
#3 C:\laragon\www\Project\index.php(37): CodeIgniter\CodeIgniter->run()
#4 {main}
CRITICAL - 2022-08-25 12:11:15 --> Call to a member function Count() on null
#0 C:\laragon\www\Project\helpme\system\CodeIgniter.php(832): App\Controllers\ChartController->graph()
#1 C:\laragon\www\Project\helpme\system\CodeIgniter.php(419): CodeIgniter\CodeIgniter->runController(Object(App\Controllers\ChartController))
#2 C:\laragon\www\Project\helpme\system\CodeIgniter.php(326): CodeIgniter\CodeIgniter->handleRequest(NULL, Object(Config\Cache), false)
#3 C:\laragon\www\Project\index.php(37): CodeIgniter\CodeIgniter->run()
#4 {main}
ERROR - 2022-08-25 12:11:29 --> Unknown column 'Count * total' in 'field list'
CRITICAL - 2022-08-25 12:11:29 --> Call to a member function getFirstRow() on bool
#0 C:\laragon\www\Project\helpme\system\BaseModel.php(622): CodeIgniter\Model->doFirst()
#1 C:\laragon\www\Project\helpme\app\Controllers\ChartController.php(12): CodeIgniter\BaseModel->first()
#2 C:\laragon\www\Project\helpme\system\CodeIgniter.php(832): App\Controllers\ChartController->graph()
#3 C:\laragon\www\Project\helpme\system\CodeIgniter.php(419): CodeIgniter\CodeIgniter->runController(Object(App\Controllers\ChartController))
#4 C:\laragon\www\Project\helpme\system\CodeIgniter.php(326): CodeIgniter\CodeIgniter->handleRequest(NULL, Object(Config\Cache), false)
#5 C:\laragon\www\Project\index.php(37): CodeIgniter\CodeIgniter->run()
#6 {main}
ERROR - 2022-08-25 12:11:47 --> Unknown column 'Count * total' in 'field list'
CRITICAL - 2022-08-25 12:11:47 --> Call to a member function getFirstRow() on bool
#0 C:\laragon\www\Project\helpme\system\BaseModel.php(622): CodeIgniter\Model->doFirst()
#1 C:\laragon\www\Project\helpme\app\Controllers\ChartController.php(12): CodeIgniter\BaseModel->first()
#2 C:\laragon\www\Project\helpme\system\CodeIgniter.php(832): App\Controllers\ChartController->graph()
#3 C:\laragon\www\Project\helpme\system\CodeIgniter.php(419): CodeIgniter\CodeIgniter->runController(Object(App\Controllers\ChartController))
#4 C:\laragon\www\Project\helpme\system\CodeIgniter.php(326): CodeIgniter\CodeIgniter->handleRequest(NULL, Object(Config\Cache), false)
#5 C:\laragon\www\Project\index.php(37): CodeIgniter\CodeIgniter->run()
#6 {main}
ERROR - 2022-08-25 12:11:48 --> Unknown column 'Count * total' in 'field list'
CRITICAL - 2022-08-25 12:11:48 --> Call to a member function getFirstRow() on bool
#0 C:\laragon\www\Project\helpme\system\BaseModel.php(622): CodeIgniter\Model->doFirst()
#1 C:\laragon\www\Project\helpme\app\Controllers\ChartController.php(12): CodeIgniter\BaseModel->first()
#2 C:\laragon\www\Project\helpme\system\CodeIgniter.php(832): App\Controllers\ChartController->graph()
#3 C:\laragon\www\Project\helpme\system\CodeIgniter.php(419): CodeIgniter\CodeIgniter->runController(Object(App\Controllers\ChartController))
#4 C:\laragon\www\Project\helpme\system\CodeIgniter.php(326): CodeIgniter\CodeIgniter->handleRequest(NULL, Object(Config\Cache), false)
#5 C:\laragon\www\Project\index.php(37): CodeIgniter\CodeIgniter->run()
#6 {main}
