CRITICAL - 2022-04-24 10:29:21 --> Invalid file: admin2/home.php
#0 C:\Users\carpel\Desktop\Project\system\View\View.php(198): CodeIgniter\Exceptions\FrameworkException::forInvalidFile('admin2/home.php')
#1 C:\Users\carpel\Desktop\Project\system\Common.php(1089): CodeIgniter\View\View->render('admin2/home', Array, true)
#2 C:\Users\carpel\Desktop\Project\app\Controllers\MainController.php(19): view('admin2/home')
#3 C:\Users\carpel\Desktop\Project\system\CodeIgniter.php(832): App\Controllers\MainController->admin2()
#4 C:\Users\carpel\Desktop\Project\system\CodeIgniter.php(419): CodeIgniter\CodeIgniter->runController(Object(App\Controllers\MainController))
#5 C:\Users\carpel\Desktop\Project\system\CodeIgniter.php(326): CodeIgniter\CodeIgniter->handleRequest(NULL, Object(Config\Cache), false)
#6 C:\Users\carpel\Desktop\Project\public\index.php(37): CodeIgniter\CodeIgniter->run()
#7 C:\Users\carpel\Desktop\Project\system\Commands\Server\rewrite.php(43): require_once('C:\\Users\\carpel...')
#8 {main}
CRITICAL - 2022-04-24 10:30:07 --> Invalid file: admin2/home.php
#0 C:\Users\carpel\Desktop\Project\system\View\View.php(198): CodeIgniter\Exceptions\FrameworkException::forInvalidFile('admin2/home.php')
#1 C:\Users\carpel\Desktop\Project\system\Common.php(1089): CodeIgniter\View\View->render('admin2/home', Array, true)
#2 C:\Users\carpel\Desktop\Project\app\Controllers\MainController.php(19): view('admin2/home')
#3 C:\Users\carpel\Desktop\Project\system\CodeIgniter.php(832): App\Controllers\MainController->admin2()
#4 C:\Users\carpel\Desktop\Project\system\CodeIgniter.php(419): CodeIgniter\CodeIgniter->runController(Object(App\Controllers\MainController))
#5 C:\Users\carpel\Desktop\Project\system\CodeIgniter.php(326): CodeIgniter\CodeIgniter->handleRequest(NULL, Object(Config\Cache), false)
#6 C:\Users\carpel\Desktop\Project\public\index.php(37): CodeIgniter\CodeIgniter->run()
#7 C:\Users\carpel\Desktop\Project\system\Commands\Server\rewrite.php(43): require_once('C:\\Users\\carpel...')
#8 {main}
CRITICAL - 2022-04-24 10:36:51 --> syntax error, unexpected '$this' (T_VARIABLE), expecting ')'
#0 C:\Users\carpel\Desktop\Project\system\Autoloader\Autoloader.php(241): CodeIgniter\Autoloader\Autoloader->includeFile('C:\\Users\\carpel...')
#1 C:\Users\carpel\Desktop\Project\system\Autoloader\Autoloader.php(219): CodeIgniter\Autoloader\Autoloader->loadInNamespace('App\\Controllers...')
#2 [internal function]: CodeIgniter\Autoloader\Autoloader->loadClass('App\\Controllers...')
#3 [internal function]: spl_autoload_call('App\\Controllers...')
#4 C:\Users\carpel\Desktop\Project\system\CodeIgniter.php(797): class_exists('\\App\\Controller...', true)
#5 C:\Users\carpel\Desktop\Project\system\CodeIgniter.php(406): CodeIgniter\CodeIgniter->startController()
#6 C:\Users\carpel\Desktop\Project\system\CodeIgniter.php(326): CodeIgniter\CodeIgniter->handleRequest(NULL, Object(Config\Cache), false)
#7 C:\Users\carpel\Desktop\Project\public\index.php(37): CodeIgniter\CodeIgniter->run()
#8 C:\Users\carpel\Desktop\Project\system\Commands\Server\rewrite.php(43): require_once('C:\\Users\\carpel...')
#9 {main}
CRITICAL - 2022-04-24 10:36:54 --> syntax error, unexpected '$this' (T_VARIABLE), expecting ')'
#0 C:\Users\carpel\Desktop\Project\system\Autoloader\Autoloader.php(241): CodeIgniter\Autoloader\Autoloader->includeFile('C:\\Users\\carpel...')
#1 C:\Users\carpel\Desktop\Project\system\Autoloader\Autoloader.php(219): CodeIgniter\Autoloader\Autoloader->loadInNamespace('App\\Controllers...')
#2 [internal function]: CodeIgniter\Autoloader\Autoloader->loadClass('App\\Controllers...')
#3 [internal function]: spl_autoload_call('App\\Controllers...')
#4 C:\Users\carpel\Desktop\Project\system\CodeIgniter.php(797): class_exists('\\App\\Controller...', true)
#5 C:\Users\carpel\Desktop\Project\system\CodeIgniter.php(406): CodeIgniter\CodeIgniter->startController()
#6 C:\Users\carpel\Desktop\Project\system\CodeIgniter.php(326): CodeIgniter\CodeIgniter->handleRequest(NULL, Object(Config\Cache), false)
#7 C:\Users\carpel\Desktop\Project\public\index.php(37): CodeIgniter\CodeIgniter->run()
#8 C:\Users\carpel\Desktop\Project\system\Commands\Server\rewrite.php(43): require_once('C:\\Users\\carpel...')
#9 {main}
CRITICAL - 2022-04-24 10:53:08 --> mkdir(): Permission denied
#0 [internal function]: CodeIgniter\Debug\Exceptions->errorHandler(2, 'mkdir(): Permis...', 'C:\\Users\\carpel...', 89, Array)
#1 C:\Users\carpel\Desktop\Project\app\Controllers\ClientController.php(89): mkdir('Client Files/  ', '0777')
#2 C:\Users\carpel\Desktop\Project\system\CodeIgniter.php(832): App\Controllers\ClientController->store()
#3 C:\Users\carpel\Desktop\Project\system\CodeIgniter.php(419): CodeIgniter\CodeIgniter->runController(Object(App\Controllers\ClientController))
#4 C:\Users\carpel\Desktop\Project\system\CodeIgniter.php(326): CodeIgniter\CodeIgniter->handleRequest(NULL, Object(Config\Cache), false)
#5 C:\Users\carpel\Desktop\Project\public\index.php(37): CodeIgniter\CodeIgniter->run()
#6 C:\Users\carpel\Desktop\Project\system\Commands\Server\rewrite.php(43): require_once('C:\\Users\\carpel...')
#7 {main}
