ERROR - 2022-08-17 22:30:15 --> Unknown column 'total' in 'field list'
CRITICAL - 2022-08-17 22:30:15 --> Call to a member function getResult() on bool
#0 C:\laragon\www\Project\helpme\system\BaseModel.php(584): CodeIgniter\Model->doFindAll(0, 0)
#1 C:\laragon\www\Project\helpme\app\Controllers\ChartController.php(12): CodeIgniter\BaseModel->findAll()
#2 C:\laragon\www\Project\helpme\system\CodeIgniter.php(832): App\Controllers\ChartController->graph()
#3 C:\laragon\www\Project\helpme\system\CodeIgniter.php(419): CodeIgniter\CodeIgniter->runController(Object(App\Controllers\ChartController))
#4 C:\laragon\www\Project\helpme\system\CodeIgniter.php(326): CodeIgniter\CodeIgniter->handleRequest(NULL, Object(Config\Cache), false)
#5 C:\laragon\www\Project\index.php(37): CodeIgniter\CodeIgniter->run()
#6 {main}
ERROR - 2022-08-17 22:33:34 --> Unknown column 'SUM' in 'field list'
CRITICAL - 2022-08-17 22:33:34 --> Call to a member function getResult() on bool
#0 C:\laragon\www\Project\helpme\system\BaseModel.php(584): CodeIgniter\Model->doFindAll(0, 0)
#1 C:\laragon\www\Project\helpme\app\Controllers\ChartController.php(12): CodeIgniter\BaseModel->findAll()
#2 C:\laragon\www\Project\helpme\system\CodeIgniter.php(832): App\Controllers\ChartController->graph()
#3 C:\laragon\www\Project\helpme\system\CodeIgniter.php(419): CodeIgniter\CodeIgniter->runController(Object(App\Controllers\ChartController))
#4 C:\laragon\www\Project\helpme\system\CodeIgniter.php(326): CodeIgniter\CodeIgniter->handleRequest(NULL, Object(Config\Cache), false)
#5 C:\laragon\www\Project\index.php(37): CodeIgniter\CodeIgniter->run()
#6 {main}
ERROR - 2022-08-17 22:33:35 --> Unknown column 'SUM' in 'field list'
CRITICAL - 2022-08-17 22:33:35 --> Call to a member function getResult() on bool
#0 C:\laragon\www\Project\helpme\system\BaseModel.php(584): CodeIgniter\Model->doFindAll(0, 0)
#1 C:\laragon\www\Project\helpme\app\Controllers\ChartController.php(12): CodeIgniter\BaseModel->findAll()
#2 C:\laragon\www\Project\helpme\system\CodeIgniter.php(832): App\Controllers\ChartController->graph()
#3 C:\laragon\www\Project\helpme\system\CodeIgniter.php(419): CodeIgniter\CodeIgniter->runController(Object(App\Controllers\ChartController))
#4 C:\laragon\www\Project\helpme\system\CodeIgniter.php(326): CodeIgniter\CodeIgniter->handleRequest(NULL, Object(Config\Cache), false)
#5 C:\laragon\www\Project\index.php(37): CodeIgniter\CodeIgniter->run()
#6 {main}
ERROR - 2022-08-17 22:35:49 --> Unknown column 'total' in 'field list'
CRITICAL - 2022-08-17 22:35:49 --> Call to a member function getResult() on bool
#0 C:\laragon\www\Project\helpme\system\BaseModel.php(584): CodeIgniter\Model->doFindAll(0, 0)
#1 C:\laragon\www\Project\helpme\app\Controllers\ChartController.php(12): CodeIgniter\BaseModel->findAll()
#2 C:\laragon\www\Project\helpme\system\CodeIgniter.php(832): App\Controllers\ChartController->graph()
#3 C:\laragon\www\Project\helpme\system\CodeIgniter.php(419): CodeIgniter\CodeIgniter->runController(Object(App\Controllers\ChartController))
#4 C:\laragon\www\Project\helpme\system\CodeIgniter.php(326): CodeIgniter\CodeIgniter->handleRequest(NULL, Object(Config\Cache), false)
#5 C:\laragon\www\Project\index.php(37): CodeIgniter\CodeIgniter->run()
#6 {main}
ERROR - 2022-08-17 22:48:56 --> Unknown column 'oprice' in 'field list'
CRITICAL - 2022-08-17 22:48:56 --> Call to a member function getResult() on bool
#0 C:\laragon\www\Project\helpme\system\BaseModel.php(584): CodeIgniter\Model->doFindAll(0, 0)
#1 C:\laragon\www\Project\helpme\app\Controllers\ChartController.php(12): CodeIgniter\BaseModel->findAll()
#2 C:\laragon\www\Project\helpme\system\CodeIgniter.php(832): App\Controllers\ChartController->graph()
#3 C:\laragon\www\Project\helpme\system\CodeIgniter.php(419): CodeIgniter\CodeIgniter->runController(Object(App\Controllers\ChartController))
#4 C:\laragon\www\Project\helpme\system\CodeIgniter.php(326): CodeIgniter\CodeIgniter->handleRequest(NULL, Object(Config\Cache), false)
#5 C:\laragon\www\Project\index.php(37): CodeIgniter\CodeIgniter->run()
#6 {main}
ERROR - 2022-08-17 22:51:39 --> Unknown column 'oprice' in 'field list'
CRITICAL - 2022-08-17 22:51:39 --> Call to a member function getResult() on bool
#0 C:\laragon\www\Project\helpme\system\BaseModel.php(584): CodeIgniter\Model->doFindAll(0, 0)
#1 C:\laragon\www\Project\helpme\app\Controllers\ChartController.php(12): CodeIgniter\BaseModel->findAll()
#2 C:\laragon\www\Project\helpme\system\CodeIgniter.php(832): App\Controllers\ChartController->graph()
#3 C:\laragon\www\Project\helpme\system\CodeIgniter.php(419): CodeIgniter\CodeIgniter->runController(Object(App\Controllers\ChartController))
#4 C:\laragon\www\Project\helpme\system\CodeIgniter.php(326): CodeIgniter\CodeIgniter->handleRequest(NULL, Object(Config\Cache), false)
#5 C:\laragon\www\Project\index.php(37): CodeIgniter\CodeIgniter->run()
#6 {main}
ERROR - 2022-08-17 22:52:13 --> Unknown column 'SUM total' in 'field list'
CRITICAL - 2022-08-17 22:52:13 --> Call to a member function getResult() on bool
#0 C:\laragon\www\Project\helpme\system\BaseModel.php(584): CodeIgniter\Model->doFindAll(0, 0)
#1 C:\laragon\www\Project\helpme\app\Controllers\ChartController.php(12): CodeIgniter\BaseModel->findAll()
#2 C:\laragon\www\Project\helpme\system\CodeIgniter.php(832): App\Controllers\ChartController->graph()
#3 C:\laragon\www\Project\helpme\system\CodeIgniter.php(419): CodeIgniter\CodeIgniter->runController(Object(App\Controllers\ChartController))
#4 C:\laragon\www\Project\helpme\system\CodeIgniter.php(326): CodeIgniter\CodeIgniter->handleRequest(NULL, Object(Config\Cache), false)
#5 C:\laragon\www\Project\index.php(37): CodeIgniter\CodeIgniter->run()
#6 {main}
ERROR - 2022-08-17 22:53:47 --> Unknown column 'SUM total' in 'field list'
CRITICAL - 2022-08-17 22:53:47 --> Call to a member function getFirstRow() on bool
#0 C:\laragon\www\Project\helpme\system\BaseModel.php(622): CodeIgniter\Model->doFirst()
#1 C:\laragon\www\Project\helpme\app\Controllers\ChartController.php(12): CodeIgniter\BaseModel->first()
#2 C:\laragon\www\Project\helpme\system\CodeIgniter.php(832): App\Controllers\ChartController->graph()
#3 C:\laragon\www\Project\helpme\system\CodeIgniter.php(419): CodeIgniter\CodeIgniter->runController(Object(App\Controllers\ChartController))
#4 C:\laragon\www\Project\helpme\system\CodeIgniter.php(326): CodeIgniter\CodeIgniter->handleRequest(NULL, Object(Config\Cache), false)
#5 C:\laragon\www\Project\index.php(37): CodeIgniter\CodeIgniter->run()
#6 {main}
ERROR - 2022-08-17 22:53:50 --> Unknown column 'SUM total' in 'field list'
CRITICAL - 2022-08-17 22:53:50 --> Call to a member function getFirstRow() on bool
#0 C:\laragon\www\Project\helpme\system\BaseModel.php(622): CodeIgniter\Model->doFirst()
#1 C:\laragon\www\Project\helpme\app\Controllers\ChartController.php(12): CodeIgniter\BaseModel->first()
#2 C:\laragon\www\Project\helpme\system\CodeIgniter.php(832): App\Controllers\ChartController->graph()
#3 C:\laragon\www\Project\helpme\system\CodeIgniter.php(419): CodeIgniter\CodeIgniter->runController(Object(App\Controllers\ChartController))
#4 C:\laragon\www\Project\helpme\system\CodeIgniter.php(326): CodeIgniter\CodeIgniter->handleRequest(NULL, Object(Config\Cache), false)
#5 C:\laragon\www\Project\index.php(37): CodeIgniter\CodeIgniter->run()
#6 {main}
ERROR - 2022-08-17 22:54:01 --> Unknown column 'SUM total' in 'field list'
CRITICAL - 2022-08-17 22:54:01 --> Call to a member function getFirstRow() on bool
#0 C:\laragon\www\Project\helpme\system\BaseModel.php(622): CodeIgniter\Model->doFirst()
#1 C:\laragon\www\Project\helpme\app\Controllers\ChartController.php(12): CodeIgniter\BaseModel->first()
#2 C:\laragon\www\Project\helpme\system\CodeIgniter.php(832): App\Controllers\ChartController->graph()
#3 C:\laragon\www\Project\helpme\system\CodeIgniter.php(419): CodeIgniter\CodeIgniter->runController(Object(App\Controllers\ChartController))
#4 C:\laragon\www\Project\helpme\system\CodeIgniter.php(326): CodeIgniter\CodeIgniter->handleRequest(NULL, Object(Config\Cache), false)
#5 C:\laragon\www\Project\index.php(37): CodeIgniter\CodeIgniter->run()
#6 {main}
ERROR - 2022-08-17 23:49:29 --> Unknown column 'SUM' in 'field list'
CRITICAL - 2022-08-17 23:49:29 --> Call to a member function getFirstRow() on bool
#0 C:\laragon\www\Project\helpme\system\BaseModel.php(622): CodeIgniter\Model->doFirst()
#1 C:\laragon\www\Project\helpme\app\Controllers\ChartController.php(12): CodeIgniter\BaseModel->first()
#2 C:\laragon\www\Project\helpme\system\CodeIgniter.php(832): App\Controllers\ChartController->graph()
#3 C:\laragon\www\Project\helpme\system\CodeIgniter.php(419): CodeIgniter\CodeIgniter->runController(Object(App\Controllers\ChartController))
#4 C:\laragon\www\Project\helpme\system\CodeIgniter.php(326): CodeIgniter\CodeIgniter->handleRequest(NULL, Object(Config\Cache), false)
#5 C:\laragon\www\Project\index.php(37): CodeIgniter\CodeIgniter->run()
#6 {main}
ERROR - 2022-08-17 23:49:41 --> Unknown column 'SUM total' in 'field list'
CRITICAL - 2022-08-17 23:49:41 --> Call to a member function getFirstRow() on bool
#0 C:\laragon\www\Project\helpme\system\BaseModel.php(622): CodeIgniter\Model->doFirst()
#1 C:\laragon\www\Project\helpme\app\Controllers\ChartController.php(12): CodeIgniter\BaseModel->first()
#2 C:\laragon\www\Project\helpme\system\CodeIgniter.php(832): App\Controllers\ChartController->graph()
#3 C:\laragon\www\Project\helpme\system\CodeIgniter.php(419): CodeIgniter\CodeIgniter->runController(Object(App\Controllers\ChartController))
#4 C:\laragon\www\Project\helpme\system\CodeIgniter.php(326): CodeIgniter\CodeIgniter->handleRequest(NULL, Object(Config\Cache), false)
#5 C:\laragon\www\Project\index.php(37): CodeIgniter\CodeIgniter->run()
#6 {main}
