CRITICAL - 2022-04-06 00:00:41 --> syntax error, unexpected '{', expecting function (T_FUNCTION) or const (T_CONST)
#0 C:\Users\carpel\Desktop\Project\system\Autoloader\Autoloader.php(241): CodeIgniter\Autoloader\Autoloader->includeFile('C:\\Users\\carpel...')
#1 C:\Users\carpel\Desktop\Project\system\Autoloader\Autoloader.php(219): CodeIgniter\Autoloader\Autoloader->loadInNamespace('App\\Models\\Clie...')
#2 [internal function]: CodeIgniter\Autoloader\Autoloader->loadClass('App\\Models\\Clie...')
#3 C:\Users\carpel\Desktop\Project\app\Controllers\ClientController.php(45): spl_autoload_call('App\\Models\\Clie...')
#4 C:\Users\carpel\Desktop\Project\system\CodeIgniter.php(832): App\Controllers\ClientController->store()
#5 C:\Users\carpel\Desktop\Project\system\CodeIgniter.php(419): CodeIgniter\CodeIgniter->runController(Object(App\Controllers\ClientController))
#6 C:\Users\carpel\Desktop\Project\system\CodeIgniter.php(326): CodeIgniter\CodeIgniter->handleRequest(NULL, Object(Config\Cache), false)
#7 C:\Users\carpel\Desktop\Project\public\index.php(37): CodeIgniter\CodeIgniter->run()
#8 C:\Users\carpel\Desktop\Project\system\Commands\Server\rewrite.php(43): require_once('C:\\Users\\carpel...')
#9 {main}
CRITICAL - 2022-04-06 00:00:55 --> syntax error, unexpected '{', expecting function (T_FUNCTION) or const (T_CONST)
#0 C:\Users\carpel\Desktop\Project\system\Autoloader\Autoloader.php(241): CodeIgniter\Autoloader\Autoloader->includeFile('C:\\Users\\carpel...')
#1 C:\Users\carpel\Desktop\Project\system\Autoloader\Autoloader.php(219): CodeIgniter\Autoloader\Autoloader->loadInNamespace('App\\Models\\Clie...')
#2 [internal function]: CodeIgniter\Autoloader\Autoloader->loadClass('App\\Models\\Clie...')
#3 C:\Users\carpel\Desktop\Project\app\Controllers\ClientController.php(45): spl_autoload_call('App\\Models\\Clie...')
#4 C:\Users\carpel\Desktop\Project\system\CodeIgniter.php(832): App\Controllers\ClientController->store()
#5 C:\Users\carpel\Desktop\Project\system\CodeIgniter.php(419): CodeIgniter\CodeIgniter->runController(Object(App\Controllers\ClientController))
#6 C:\Users\carpel\Desktop\Project\system\CodeIgniter.php(326): CodeIgniter\CodeIgniter->handleRequest(NULL, Object(Config\Cache), false)
#7 C:\Users\carpel\Desktop\Project\public\index.php(37): CodeIgniter\CodeIgniter->run()
#8 C:\Users\carpel\Desktop\Project\system\Commands\Server\rewrite.php(43): require_once('C:\\Users\\carpel...')
#9 {main}
CRITICAL - 2022-04-06 00:01:58 --> syntax error, unexpected '{', expecting function (T_FUNCTION) or const (T_CONST)
#0 C:\Users\carpel\Desktop\Project\system\Autoloader\Autoloader.php(241): CodeIgniter\Autoloader\Autoloader->includeFile('C:\\Users\\carpel...')
#1 C:\Users\carpel\Desktop\Project\system\Autoloader\Autoloader.php(219): CodeIgniter\Autoloader\Autoloader->loadInNamespace('App\\Models\\Clie...')
#2 [internal function]: CodeIgniter\Autoloader\Autoloader->loadClass('App\\Models\\Clie...')
#3 C:\Users\carpel\Desktop\Project\app\Controllers\ClientController.php(45): spl_autoload_call('App\\Models\\Clie...')
#4 C:\Users\carpel\Desktop\Project\system\CodeIgniter.php(832): App\Controllers\ClientController->store()
#5 C:\Users\carpel\Desktop\Project\system\CodeIgniter.php(419): CodeIgniter\CodeIgniter->runController(Object(App\Controllers\ClientController))
#6 C:\Users\carpel\Desktop\Project\system\CodeIgniter.php(326): CodeIgniter\CodeIgniter->handleRequest(NULL, Object(Config\Cache), false)
#7 C:\Users\carpel\Desktop\Project\public\index.php(37): CodeIgniter\CodeIgniter->run()
#8 C:\Users\carpel\Desktop\Project\system\Commands\Server\rewrite.php(43): require_once('C:\\Users\\carpel...')
#9 {main}
CRITICAL - 2022-04-06 00:59:46 --> syntax error, unexpected '{', expecting function (T_FUNCTION) or const (T_CONST)
#0 C:\Users\carpel\Desktop\Project\system\Autoloader\Autoloader.php(241): CodeIgniter\Autoloader\Autoloader->includeFile('C:\\Users\\carpel...')
#1 C:\Users\carpel\Desktop\Project\system\Autoloader\Autoloader.php(219): CodeIgniter\Autoloader\Autoloader->loadInNamespace('App\\Models\\Clie...')
#2 [internal function]: CodeIgniter\Autoloader\Autoloader->loadClass('App\\Models\\Clie...')
#3 C:\Users\carpel\Desktop\Project\app\Controllers\ClientController.php(58): spl_autoload_call('App\\Models\\Clie...')
#4 C:\Users\carpel\Desktop\Project\system\CodeIgniter.php(832): App\Controllers\ClientController->store()
#5 C:\Users\carpel\Desktop\Project\system\CodeIgniter.php(419): CodeIgniter\CodeIgniter->runController(Object(App\Controllers\ClientController))
#6 C:\Users\carpel\Desktop\Project\system\CodeIgniter.php(326): CodeIgniter\CodeIgniter->handleRequest(NULL, Object(Config\Cache), false)
#7 C:\Users\carpel\Desktop\Project\public\index.php(37): CodeIgniter\CodeIgniter->run()
#8 C:\Users\carpel\Desktop\Project\system\Commands\Server\rewrite.php(43): require_once('C:\\Users\\carpel...')
#9 {main}
CRITICAL - 2022-04-06 01:25:28 --> syntax error, unexpected '{', expecting function (T_FUNCTION) or const (T_CONST)
#0 C:\Users\carpel\Desktop\Project\system\Autoloader\Autoloader.php(241): CodeIgniter\Autoloader\Autoloader->includeFile('C:\\Users\\carpel...')
#1 C:\Users\carpel\Desktop\Project\system\Autoloader\Autoloader.php(219): CodeIgniter\Autoloader\Autoloader->loadInNamespace('App\\Models\\Clie...')
#2 [internal function]: CodeIgniter\Autoloader\Autoloader->loadClass('App\\Models\\Clie...')
#3 C:\Users\carpel\Desktop\Project\app\Controllers\ClientController.php(58): spl_autoload_call('App\\Models\\Clie...')
#4 C:\Users\carpel\Desktop\Project\system\CodeIgniter.php(832): App\Controllers\ClientController->store()
#5 C:\Users\carpel\Desktop\Project\system\CodeIgniter.php(419): CodeIgniter\CodeIgniter->runController(Object(App\Controllers\ClientController))
#6 C:\Users\carpel\Desktop\Project\system\CodeIgniter.php(326): CodeIgniter\CodeIgniter->handleRequest(NULL, Object(Config\Cache), false)
#7 C:\Users\carpel\Desktop\Project\public\index.php(37): CodeIgniter\CodeIgniter->run()
#8 C:\Users\carpel\Desktop\Project\system\Commands\Server\rewrite.php(43): require_once('C:\\Users\\carpel...')
#9 {main}
CRITICAL - 2022-04-06 01:26:13 --> syntax error, unexpected '{', expecting function (T_FUNCTION) or const (T_CONST)
#0 C:\Users\carpel\Desktop\Project\system\Autoloader\Autoloader.php(241): CodeIgniter\Autoloader\Autoloader->includeFile('C:\\Users\\carpel...')
#1 C:\Users\carpel\Desktop\Project\system\Autoloader\Autoloader.php(219): CodeIgniter\Autoloader\Autoloader->loadInNamespace('App\\Models\\Clie...')
#2 [internal function]: CodeIgniter\Autoloader\Autoloader->loadClass('App\\Models\\Clie...')
#3 C:\Users\carpel\Desktop\Project\app\Controllers\ClientController.php(58): spl_autoload_call('App\\Models\\Clie...')
#4 C:\Users\carpel\Desktop\Project\system\CodeIgniter.php(832): App\Controllers\ClientController->store()
#5 C:\Users\carpel\Desktop\Project\system\CodeIgniter.php(419): CodeIgniter\CodeIgniter->runController(Object(App\Controllers\ClientController))
#6 C:\Users\carpel\Desktop\Project\system\CodeIgniter.php(326): CodeIgniter\CodeIgniter->handleRequest(NULL, Object(Config\Cache), false)
#7 C:\Users\carpel\Desktop\Project\public\index.php(37): CodeIgniter\CodeIgniter->run()
#8 C:\Users\carpel\Desktop\Project\system\Commands\Server\rewrite.php(43): require_once('C:\\Users\\carpel...')
#9 {main}
ERROR - 2022-04-06 01:30:10 --> Column 'Gender' cannot be null
ERROR - 2022-04-06 01:31:22 --> Column 'Gender' cannot be null
ERROR - 2022-04-06 01:33:28 --> Column 'Gender' cannot be null
ERROR - 2022-04-06 01:33:48 --> Column 'Gender' cannot be null
ERROR - 2022-04-06 01:33:50 --> Column 'Gender' cannot be null
CRITICAL - 2022-04-06 01:34:02 --> Call to undefined function App\Controllers\vasr_dump()
#0 C:\Users\carpel\Desktop\Project\system\CodeIgniter.php(832): App\Controllers\ClientController->store()
#1 C:\Users\carpel\Desktop\Project\system\CodeIgniter.php(419): CodeIgniter\CodeIgniter->runController(Object(App\Controllers\ClientController))
#2 C:\Users\carpel\Desktop\Project\system\CodeIgniter.php(326): CodeIgniter\CodeIgniter->handleRequest(NULL, Object(Config\Cache), false)
#3 C:\Users\carpel\Desktop\Project\public\index.php(37): CodeIgniter\CodeIgniter->run()
#4 C:\Users\carpel\Desktop\Project\system\Commands\Server\rewrite.php(43): require_once('C:\\Users\\carpel...')
#5 {main}
ERROR - 2022-04-06 01:34:18 --> Column 'Gender' cannot be null
ERROR - 2022-04-06 01:35:03 --> Column 'Gender' cannot be null
ERROR - 2022-04-06 01:36:34 --> Column 'Gender' cannot be null
CRITICAL - 2022-04-06 01:36:51 --> Call to a member function save() on null
#0 C:\Users\carpel\Desktop\Project\system\CodeIgniter.php(832): App\Controllers\ClientController->store()
#1 C:\Users\carpel\Desktop\Project\system\CodeIgniter.php(419): CodeIgniter\CodeIgniter->runController(Object(App\Controllers\ClientController))
#2 C:\Users\carpel\Desktop\Project\system\CodeIgniter.php(326): CodeIgniter\CodeIgniter->handleRequest(NULL, Object(Config\Cache), false)
#3 C:\Users\carpel\Desktop\Project\public\index.php(37): CodeIgniter\CodeIgniter->run()
#4 C:\Users\carpel\Desktop\Project\system\Commands\Server\rewrite.php(43): require_once('C:\\Users\\carpel...')
#5 {main}
CRITICAL - 2022-04-06 03:19:14 --> Invalid argument supplied for foreach()
#0 C:\Users\carpel\Desktop\Project\app\Views\clientlist.php(27): CodeIgniter\Debug\Exceptions->errorHandler(2, 'Invalid argumen...', 'C:\\Users\\carpel...', 27, Array)
#1 C:\Users\carpel\Desktop\Project\system\View\View.php(210): include('C:\\Users\\carpel...')
#2 C:\Users\carpel\Desktop\Project\system\View\View.php(213): CodeIgniter\View\View->CodeIgniter\View\{closure}()
#3 C:\Users\carpel\Desktop\Project\system\Common.php(1089): CodeIgniter\View\View->render('clientlist', Array, true)
#4 C:\Users\carpel\Desktop\Project\app\Controllers\ClientController.php(20): view('clientlist')
#5 C:\Users\carpel\Desktop\Project\system\CodeIgniter.php(832): App\Controllers\ClientController->create()
#6 C:\Users\carpel\Desktop\Project\system\CodeIgniter.php(419): CodeIgniter\CodeIgniter->runController(Object(App\Controllers\ClientController))
#7 C:\Users\carpel\Desktop\Project\system\CodeIgniter.php(326): CodeIgniter\CodeIgniter->handleRequest(NULL, Object(Config\Cache), false)
#8 C:\Users\carpel\Desktop\Project\public\index.php(37): CodeIgniter\CodeIgniter->run()
#9 C:\Users\carpel\Desktop\Project\system\Commands\Server\rewrite.php(43): require_once('C:\\Users\\carpel...')
#10 {main}
CRITICAL - 2022-04-06 03:19:17 --> Invalid argument supplied for foreach()
#0 C:\Users\carpel\Desktop\Project\app\Views\clientlist.php(27): CodeIgniter\Debug\Exceptions->errorHandler(2, 'Invalid argumen...', 'C:\\Users\\carpel...', 27, Array)
#1 C:\Users\carpel\Desktop\Project\system\View\View.php(210): include('C:\\Users\\carpel...')
#2 C:\Users\carpel\Desktop\Project\system\View\View.php(213): CodeIgniter\View\View->CodeIgniter\View\{closure}()
#3 C:\Users\carpel\Desktop\Project\system\Common.php(1089): CodeIgniter\View\View->render('clientlist', Array, true)
#4 C:\Users\carpel\Desktop\Project\app\Controllers\ClientController.php(20): view('clientlist')
#5 C:\Users\carpel\Desktop\Project\system\CodeIgniter.php(832): App\Controllers\ClientController->create()
#6 C:\Users\carpel\Desktop\Project\system\CodeIgniter.php(419): CodeIgniter\CodeIgniter->runController(Object(App\Controllers\ClientController))
#7 C:\Users\carpel\Desktop\Project\system\CodeIgniter.php(326): CodeIgniter\CodeIgniter->handleRequest(NULL, Object(Config\Cache), false)
#8 C:\Users\carpel\Desktop\Project\public\index.php(37): CodeIgniter\CodeIgniter->run()
#9 C:\Users\carpel\Desktop\Project\system\Commands\Server\rewrite.php(43): require_once('C:\\Users\\carpel...')
#10 {main}
CRITICAL - 2022-04-06 03:19:20 --> Invalid argument supplied for foreach()
#0 C:\Users\carpel\Desktop\Project\app\Views\clientlist.php(27): CodeIgniter\Debug\Exceptions->errorHandler(2, 'Invalid argumen...', 'C:\\Users\\carpel...', 27, Array)
#1 C:\Users\carpel\Desktop\Project\system\View\View.php(210): include('C:\\Users\\carpel...')
#2 C:\Users\carpel\Desktop\Project\system\View\View.php(213): CodeIgniter\View\View->CodeIgniter\View\{closure}()
#3 C:\Users\carpel\Desktop\Project\system\Common.php(1089): CodeIgniter\View\View->render('clientlist', Array, true)
#4 C:\Users\carpel\Desktop\Project\app\Controllers\ClientController.php(20): view('clientlist')
#5 C:\Users\carpel\Desktop\Project\system\CodeIgniter.php(832): App\Controllers\ClientController->create()
#6 C:\Users\carpel\Desktop\Project\system\CodeIgniter.php(419): CodeIgniter\CodeIgniter->runController(Object(App\Controllers\ClientController))
#7 C:\Users\carpel\Desktop\Project\system\CodeIgniter.php(326): CodeIgniter\CodeIgniter->handleRequest(NULL, Object(Config\Cache), false)
#8 C:\Users\carpel\Desktop\Project\public\index.php(37): CodeIgniter\CodeIgniter->run()
#9 C:\Users\carpel\Desktop\Project\system\Commands\Server\rewrite.php(43): require_once('C:\\Users\\carpel...')
#10 {main}
CRITICAL - 2022-04-06 03:19:50 --> Invalid argument supplied for foreach()
#0 C:\Users\carpel\Desktop\Project\app\Views\clientlist.php(27): CodeIgniter\Debug\Exceptions->errorHandler(2, 'Invalid argumen...', 'C:\\Users\\carpel...', 27, Array)
#1 C:\Users\carpel\Desktop\Project\system\View\View.php(210): include('C:\\Users\\carpel...')
#2 C:\Users\carpel\Desktop\Project\system\View\View.php(213): CodeIgniter\View\View->CodeIgniter\View\{closure}()
#3 C:\Users\carpel\Desktop\Project\system\Common.php(1089): CodeIgniter\View\View->render('clientlist', Array, true)
#4 C:\Users\carpel\Desktop\Project\app\Controllers\ClientController.php(20): view('clientlist')
#5 C:\Users\carpel\Desktop\Project\system\CodeIgniter.php(832): App\Controllers\ClientController->create()
#6 C:\Users\carpel\Desktop\Project\system\CodeIgniter.php(419): CodeIgniter\CodeIgniter->runController(Object(App\Controllers\ClientController))
#7 C:\Users\carpel\Desktop\Project\system\CodeIgniter.php(326): CodeIgniter\CodeIgniter->handleRequest(NULL, Object(Config\Cache), false)
#8 C:\Users\carpel\Desktop\Project\public\index.php(37): CodeIgniter\CodeIgniter->run()
#9 C:\Users\carpel\Desktop\Project\system\Commands\Server\rewrite.php(43): require_once('C:\\Users\\carpel...')
#10 {main}
CRITICAL - 2022-04-06 03:20:36 --> Invalid argument supplied for foreach()
#0 C:\Users\carpel\Desktop\Project\app\Views\clientlist.php(27): CodeIgniter\Debug\Exceptions->errorHandler(2, 'Invalid argumen...', 'C:\\Users\\carpel...', 27, Array)
#1 C:\Users\carpel\Desktop\Project\system\View\View.php(210): include('C:\\Users\\carpel...')
#2 C:\Users\carpel\Desktop\Project\system\View\View.php(213): CodeIgniter\View\View->CodeIgniter\View\{closure}()
#3 C:\Users\carpel\Desktop\Project\system\Common.php(1089): CodeIgniter\View\View->render('clientlist', Array, true)
#4 C:\Users\carpel\Desktop\Project\app\Controllers\ClientController.php(20): view('clientlist')
#5 C:\Users\carpel\Desktop\Project\system\CodeIgniter.php(832): App\Controllers\ClientController->create()
#6 C:\Users\carpel\Desktop\Project\system\CodeIgniter.php(419): CodeIgniter\CodeIgniter->runController(Object(App\Controllers\ClientController))
#7 C:\Users\carpel\Desktop\Project\system\CodeIgniter.php(326): CodeIgniter\CodeIgniter->handleRequest(NULL, Object(Config\Cache), false)
#8 C:\Users\carpel\Desktop\Project\public\index.php(37): CodeIgniter\CodeIgniter->run()
#9 C:\Users\carpel\Desktop\Project\system\Commands\Server\rewrite.php(43): require_once('C:\\Users\\carpel...')
#10 {main}
CRITICAL - 2022-04-06 19:56:32 --> syntax error, unexpected 'public' (T_PUBLIC), expecting end of file
#0 C:\Users\carpel\Desktop\Project\system\Autoloader\Autoloader.php(241): CodeIgniter\Autoloader\Autoloader->includeFile('C:\\Users\\carpel...')
#1 C:\Users\carpel\Desktop\Project\system\Autoloader\Autoloader.php(219): CodeIgniter\Autoloader\Autoloader->loadInNamespace('App\\Controllers...')
#2 [internal function]: CodeIgniter\Autoloader\Autoloader->loadClass('App\\Controllers...')
#3 [internal function]: spl_autoload_call('App\\Controllers...')
#4 C:\Users\carpel\Desktop\Project\system\CodeIgniter.php(797): class_exists('\\App\\Controller...', true)
#5 C:\Users\carpel\Desktop\Project\system\CodeIgniter.php(406): CodeIgniter\CodeIgniter->startController()
#6 C:\Users\carpel\Desktop\Project\system\CodeIgniter.php(326): CodeIgniter\CodeIgniter->handleRequest(NULL, Object(Config\Cache), false)
#7 C:\Users\carpel\Desktop\Project\public\index.php(37): CodeIgniter\CodeIgniter->run()
#8 C:\Users\carpel\Desktop\Project\system\Commands\Server\rewrite.php(43): require_once('C:\\Users\\carpel...')
#9 {main}
CRITICAL - 2022-04-06 19:56:49 --> syntax error, unexpected 'public' (T_PUBLIC), expecting end of file
#0 C:\Users\carpel\Desktop\Project\system\Autoloader\Autoloader.php(241): CodeIgniter\Autoloader\Autoloader->includeFile('C:\\Users\\carpel...')
#1 C:\Users\carpel\Desktop\Project\system\Autoloader\Autoloader.php(219): CodeIgniter\Autoloader\Autoloader->loadInNamespace('App\\Controllers...')
#2 [internal function]: CodeIgniter\Autoloader\Autoloader->loadClass('App\\Controllers...')
#3 [internal function]: spl_autoload_call('App\\Controllers...')
#4 C:\Users\carpel\Desktop\Project\system\CodeIgniter.php(797): class_exists('\\App\\Controller...', true)
#5 C:\Users\carpel\Desktop\Project\system\CodeIgniter.php(406): CodeIgniter\CodeIgniter->startController()
#6 C:\Users\carpel\Desktop\Project\system\CodeIgniter.php(326): CodeIgniter\CodeIgniter->handleRequest(NULL, Object(Config\Cache), false)
#7 C:\Users\carpel\Desktop\Project\public\index.php(37): CodeIgniter\CodeIgniter->run()
#8 C:\Users\carpel\Desktop\Project\system\Commands\Server\rewrite.php(43): require_once('C:\\Users\\carpel...')
#9 {main}
CRITICAL - 2022-04-06 19:57:03 --> syntax error, unexpected 'public' (T_PUBLIC), expecting end of file
#0 C:\Users\carpel\Desktop\Project\system\Autoloader\Autoloader.php(241): CodeIgniter\Autoloader\Autoloader->includeFile('C:\\Users\\carpel...')
#1 C:\Users\carpel\Desktop\Project\system\Autoloader\Autoloader.php(219): CodeIgniter\Autoloader\Autoloader->loadInNamespace('App\\Controllers...')
#2 [internal function]: CodeIgniter\Autoloader\Autoloader->loadClass('App\\Controllers...')
#3 [internal function]: spl_autoload_call('App\\Controllers...')
#4 C:\Users\carpel\Desktop\Project\system\CodeIgniter.php(797): class_exists('\\App\\Controller...', true)
#5 C:\Users\carpel\Desktop\Project\system\CodeIgniter.php(406): CodeIgniter\CodeIgniter->startController()
#6 C:\Users\carpel\Desktop\Project\system\CodeIgniter.php(326): CodeIgniter\CodeIgniter->handleRequest(NULL, Object(Config\Cache), false)
#7 C:\Users\carpel\Desktop\Project\public\index.php(37): CodeIgniter\CodeIgniter->run()
#8 C:\Users\carpel\Desktop\Project\system\Commands\Server\rewrite.php(43): require_once('C:\\Users\\carpel...')
#9 {main}
CRITICAL - 2022-04-06 19:58:21 --> syntax error, unexpected 'public' (T_PUBLIC), expecting end of file
#0 C:\Users\carpel\Desktop\Project\system\Autoloader\Autoloader.php(241): CodeIgniter\Autoloader\Autoloader->includeFile('C:\\Users\\carpel...')
#1 C:\Users\carpel\Desktop\Project\system\Autoloader\Autoloader.php(219): CodeIgniter\Autoloader\Autoloader->loadInNamespace('App\\Controllers...')
#2 [internal function]: CodeIgniter\Autoloader\Autoloader->loadClass('App\\Controllers...')
#3 [internal function]: spl_autoload_call('App\\Controllers...')
#4 C:\Users\carpel\Desktop\Project\system\CodeIgniter.php(797): class_exists('\\App\\Controller...', true)
#5 C:\Users\carpel\Desktop\Project\system\CodeIgniter.php(406): CodeIgniter\CodeIgniter->startController()
#6 C:\Users\carpel\Desktop\Project\system\CodeIgniter.php(326): CodeIgniter\CodeIgniter->handleRequest(NULL, Object(Config\Cache), false)
#7 C:\Users\carpel\Desktop\Project\public\index.php(37): CodeIgniter\CodeIgniter->run()
#8 C:\Users\carpel\Desktop\Project\system\Commands\Server\rewrite.php(43): require_once('C:\\Users\\carpel...')
#9 {main}
CRITICAL - 2022-04-06 20:06:16 --> Invalid argument supplied for foreach()
#0 C:\Users\carpel\Desktop\Project\app\Views\clientlist.php(27): CodeIgniter\Debug\Exceptions->errorHandler(2, 'Invalid argumen...', 'C:\\Users\\carpel...', 27, Array)
#1 C:\Users\carpel\Desktop\Project\system\View\View.php(210): include('C:\\Users\\carpel...')
#2 C:\Users\carpel\Desktop\Project\system\View\View.php(213): CodeIgniter\View\View->CodeIgniter\View\{closure}()
#3 C:\Users\carpel\Desktop\Project\system\Common.php(1089): CodeIgniter\View\View->render('clientlist', Array, true)
#4 C:\Users\carpel\Desktop\Project\app\Controllers\ClientController.php(16): view('clientlist', Array)
#5 C:\Users\carpel\Desktop\Project\system\CodeIgniter.php(832): App\Controllers\ClientController->index()
#6 C:\Users\carpel\Desktop\Project\system\CodeIgniter.php(419): CodeIgniter\CodeIgniter->runController(Object(App\Controllers\ClientController))
#7 C:\Users\carpel\Desktop\Project\system\CodeIgniter.php(326): CodeIgniter\CodeIgniter->handleRequest(NULL, Object(Config\Cache), false)
#8 C:\Users\carpel\Desktop\Project\public\index.php(37): CodeIgniter\CodeIgniter->run()
#9 C:\Users\carpel\Desktop\Project\system\Commands\Server\rewrite.php(43): require_once('C:\\Users\\carpel...')
#10 {main}
CRITICAL - 2022-04-06 20:09:31 --> Invalid argument supplied for foreach()
#0 C:\Users\carpel\Desktop\Project\app\Views\clientlist.php(27): CodeIgniter\Debug\Exceptions->errorHandler(2, 'Invalid argumen...', 'C:\\Users\\carpel...', 27, Array)
#1 C:\Users\carpel\Desktop\Project\system\View\View.php(210): include('C:\\Users\\carpel...')
#2 C:\Users\carpel\Desktop\Project\system\View\View.php(213): CodeIgniter\View\View->CodeIgniter\View\{closure}()
#3 C:\Users\carpel\Desktop\Project\system\Common.php(1089): CodeIgniter\View\View->render('clientlist', Array, true)
#4 C:\Users\carpel\Desktop\Project\app\Controllers\ClientController.php(16): view('clientlist', Array)
#5 C:\Users\carpel\Desktop\Project\system\CodeIgniter.php(832): App\Controllers\ClientController->index()
#6 C:\Users\carpel\Desktop\Project\system\CodeIgniter.php(419): CodeIgniter\CodeIgniter->runController(Object(App\Controllers\ClientController))
#7 C:\Users\carpel\Desktop\Project\system\CodeIgniter.php(326): CodeIgniter\CodeIgniter->handleRequest(NULL, Object(Config\Cache), false)
#8 C:\Users\carpel\Desktop\Project\public\index.php(37): CodeIgniter\CodeIgniter->run()
#9 C:\Users\carpel\Desktop\Project\system\Commands\Server\rewrite.php(43): require_once('C:\\Users\\carpel...')
#10 {main}
CRITICAL - 2022-04-06 20:09:46 --> Invalid argument supplied for foreach()
#0 C:\Users\carpel\Desktop\Project\app\Views\clientlist.php(27): CodeIgniter\Debug\Exceptions->errorHandler(2, 'Invalid argumen...', 'C:\\Users\\carpel...', 27, Array)
#1 C:\Users\carpel\Desktop\Project\system\View\View.php(210): include('C:\\Users\\carpel...')
#2 C:\Users\carpel\Desktop\Project\system\View\View.php(213): CodeIgniter\View\View->CodeIgniter\View\{closure}()
#3 C:\Users\carpel\Desktop\Project\system\Common.php(1089): CodeIgniter\View\View->render('clientlist', Array, true)
#4 C:\Users\carpel\Desktop\Project\app\Controllers\ClientController.php(16): view('clientlist', Array)
#5 C:\Users\carpel\Desktop\Project\system\CodeIgniter.php(832): App\Controllers\ClientController->index()
#6 C:\Users\carpel\Desktop\Project\system\CodeIgniter.php(419): CodeIgniter\CodeIgniter->runController(Object(App\Controllers\ClientController))
#7 C:\Users\carpel\Desktop\Project\system\CodeIgniter.php(326): CodeIgniter\CodeIgniter->handleRequest(NULL, Object(Config\Cache), false)
#8 C:\Users\carpel\Desktop\Project\public\index.php(37): CodeIgniter\CodeIgniter->run()
#9 C:\Users\carpel\Desktop\Project\system\Commands\Server\rewrite.php(43): require_once('C:\\Users\\carpel...')
#10 {main}
CRITICAL - 2022-04-06 20:10:23 --> Invalid argument supplied for foreach()
#0 C:\Users\carpel\Desktop\Project\app\Views\clientlist.php(27): CodeIgniter\Debug\Exceptions->errorHandler(2, 'Invalid argumen...', 'C:\\Users\\carpel...', 27, Array)
#1 C:\Users\carpel\Desktop\Project\system\View\View.php(210): include('C:\\Users\\carpel...')
#2 C:\Users\carpel\Desktop\Project\system\View\View.php(213): CodeIgniter\View\View->CodeIgniter\View\{closure}()
#3 C:\Users\carpel\Desktop\Project\system\Common.php(1089): CodeIgniter\View\View->render('clientlist', Array, true)
#4 C:\Users\carpel\Desktop\Project\app\Controllers\ClientController.php(16): view('clientlist', Array)
#5 C:\Users\carpel\Desktop\Project\system\CodeIgniter.php(832): App\Controllers\ClientController->index()
#6 C:\Users\carpel\Desktop\Project\system\CodeIgniter.php(419): CodeIgniter\CodeIgniter->runController(Object(App\Controllers\ClientController))
#7 C:\Users\carpel\Desktop\Project\system\CodeIgniter.php(326): CodeIgniter\CodeIgniter->handleRequest(NULL, Object(Config\Cache), false)
#8 C:\Users\carpel\Desktop\Project\public\index.php(37): CodeIgniter\CodeIgniter->run()
#9 C:\Users\carpel\Desktop\Project\system\Commands\Server\rewrite.php(43): require_once('C:\\Users\\carpel...')
#10 {main}
CRITICAL - 2022-04-06 20:11:42 --> Invalid argument supplied for foreach()
#0 C:\Users\carpel\Desktop\Project\app\Views\clientlist.php(27): CodeIgniter\Debug\Exceptions->errorHandler(2, 'Invalid argumen...', 'C:\\Users\\carpel...', 27, Array)
#1 C:\Users\carpel\Desktop\Project\system\View\View.php(210): include('C:\\Users\\carpel...')
#2 C:\Users\carpel\Desktop\Project\system\View\View.php(213): CodeIgniter\View\View->CodeIgniter\View\{closure}()
#3 C:\Users\carpel\Desktop\Project\system\Common.php(1089): CodeIgniter\View\View->render('clientlist', Array, true)
#4 C:\Users\carpel\Desktop\Project\app\Controllers\ClientController.php(16): view('clientlist', Array)
#5 C:\Users\carpel\Desktop\Project\system\CodeIgniter.php(832): App\Controllers\ClientController->index()
#6 C:\Users\carpel\Desktop\Project\system\CodeIgniter.php(419): CodeIgniter\CodeIgniter->runController(Object(App\Controllers\ClientController))
#7 C:\Users\carpel\Desktop\Project\system\CodeIgniter.php(326): CodeIgniter\CodeIgniter->handleRequest(NULL, Object(Config\Cache), false)
#8 C:\Users\carpel\Desktop\Project\public\index.php(37): CodeIgniter\CodeIgniter->run()
#9 C:\Users\carpel\Desktop\Project\system\Commands\Server\rewrite.php(43): require_once('C:\\Users\\carpel...')
#10 {main}
CRITICAL - 2022-04-06 20:14:06 --> Invalid argument supplied for foreach()
#0 C:\Users\carpel\Desktop\Project\app\Views\clientlist.php(27): CodeIgniter\Debug\Exceptions->errorHandler(2, 'Invalid argumen...', 'C:\\Users\\carpel...', 27, Array)
#1 C:\Users\carpel\Desktop\Project\system\View\View.php(210): include('C:\\Users\\carpel...')
#2 C:\Users\carpel\Desktop\Project\system\View\View.php(213): CodeIgniter\View\View->CodeIgniter\View\{closure}()
#3 C:\Users\carpel\Desktop\Project\system\Common.php(1089): CodeIgniter\View\View->render('clientlist', Array, true)
#4 C:\Users\carpel\Desktop\Project\app\Controllers\ClientController.php(16): view('clientlist', Array)
#5 C:\Users\carpel\Desktop\Project\system\CodeIgniter.php(832): App\Controllers\ClientController->list()
#6 C:\Users\carpel\Desktop\Project\system\CodeIgniter.php(419): CodeIgniter\CodeIgniter->runController(Object(App\Controllers\ClientController))
#7 C:\Users\carpel\Desktop\Project\system\CodeIgniter.php(326): CodeIgniter\CodeIgniter->handleRequest(NULL, Object(Config\Cache), false)
#8 C:\Users\carpel\Desktop\Project\public\index.php(37): CodeIgniter\CodeIgniter->run()
#9 C:\Users\carpel\Desktop\Project\system\Commands\Server\rewrite.php(43): require_once('C:\\Users\\carpel...')
#10 {main}
CRITICAL - 2022-04-06 20:43:22 --> Cannot declare class App\Controllers\client because the name is already in use
#0 [internal function]: CodeIgniter\Debug\Exceptions->shutdownHandler()
#1 {main}
CRITICAL - 2022-04-06 20:43:54 --> Cannot declare class App\Controllers\client because the name is already in use
#0 [internal function]: CodeIgniter\Debug\Exceptions->shutdownHandler()
#1 {main}
CRITICAL - 2022-04-06 20:43:55 --> Cannot declare class App\Controllers\client because the name is already in use
#0 [internal function]: CodeIgniter\Debug\Exceptions->shutdownHandler()
#1 {main}
CRITICAL - 2022-04-06 20:44:01 --> Cannot declare class App\Controllers\client because the name is already in use
#0 [internal function]: CodeIgniter\Debug\Exceptions->shutdownHandler()
#1 {main}
CRITICAL - 2022-04-06 20:44:01 --> Cannot declare class App\Controllers\client because the name is already in use
#0 [internal function]: CodeIgniter\Debug\Exceptions->shutdownHandler()
#1 {main}
CRITICAL - 2022-04-06 20:44:08 --> Cannot declare class App\Controllers\client because the name is already in use
#0 [internal function]: CodeIgniter\Debug\Exceptions->shutdownHandler()
#1 {main}
CRITICAL - 2022-04-06 20:44:15 --> Cannot declare class App\Controllers\client because the name is already in use
#0 [internal function]: CodeIgniter\Debug\Exceptions->shutdownHandler()
#1 {main}
CRITICAL - 2022-04-06 20:44:34 --> Cannot declare class App\Controllers\client because the name is already in use
#0 [internal function]: CodeIgniter\Debug\Exceptions->shutdownHandler()
#1 {main}
CRITICAL - 2022-04-06 20:44:35 --> Cannot declare class App\Controllers\client because the name is already in use
#0 [internal function]: CodeIgniter\Debug\Exceptions->shutdownHandler()
#1 {main}
CRITICAL - 2022-04-06 20:44:35 --> Cannot declare class App\Controllers\client because the name is already in use
#0 [internal function]: CodeIgniter\Debug\Exceptions->shutdownHandler()
#1 {main}
CRITICAL - 2022-04-06 20:45:12 --> Cannot declare class App\Controllers\client because the name is already in use
#0 [internal function]: CodeIgniter\Debug\Exceptions->shutdownHandler()
#1 {main}
CRITICAL - 2022-04-06 20:45:13 --> Cannot declare class App\Controllers\client because the name is already in use
#0 [internal function]: CodeIgniter\Debug\Exceptions->shutdownHandler()
#1 {main}
CRITICAL - 2022-04-06 20:45:13 --> Cannot declare class App\Controllers\client because the name is already in use
#0 [internal function]: CodeIgniter\Debug\Exceptions->shutdownHandler()
#1 {main}
CRITICAL - 2022-04-06 20:45:13 --> Cannot declare class App\Controllers\client because the name is already in use
#0 [internal function]: CodeIgniter\Debug\Exceptions->shutdownHandler()
#1 {main}
CRITICAL - 2022-04-06 20:45:13 --> Cannot declare class App\Controllers\client because the name is already in use
#0 [internal function]: CodeIgniter\Debug\Exceptions->shutdownHandler()
#1 {main}
CRITICAL - 2022-04-06 20:45:14 --> Cannot declare class App\Controllers\client because the name is already in use
#0 [internal function]: CodeIgniter\Debug\Exceptions->shutdownHandler()
#1 {main}
CRITICAL - 2022-04-06 20:46:37 --> Invalid argument supplied for foreach()
#0 C:\Users\carpel\Desktop\Project\app\Views\clientlist.php(27): CodeIgniter\Debug\Exceptions->errorHandler(2, 'Invalid argumen...', 'C:\\Users\\carpel...', 27, Array)
#1 C:\Users\carpel\Desktop\Project\system\View\View.php(210): include('C:\\Users\\carpel...')
#2 C:\Users\carpel\Desktop\Project\system\View\View.php(213): CodeIgniter\View\View->CodeIgniter\View\{closure}()
#3 C:\Users\carpel\Desktop\Project\system\Common.php(1089): CodeIgniter\View\View->render('clientlist', Array, true)
#4 C:\Users\carpel\Desktop\Project\app\Controllers\ClientController.php(16): view('clientlist', Array)
#5 C:\Users\carpel\Desktop\Project\system\CodeIgniter.php(832): App\Controllers\ClientController->list()
#6 C:\Users\carpel\Desktop\Project\system\CodeIgniter.php(419): CodeIgniter\CodeIgniter->runController(Object(App\Controllers\ClientController))
#7 C:\Users\carpel\Desktop\Project\system\CodeIgniter.php(326): CodeIgniter\CodeIgniter->handleRequest(NULL, Object(Config\Cache), false)
#8 C:\Users\carpel\Desktop\Project\public\index.php(37): CodeIgniter\CodeIgniter->run()
#9 C:\Users\carpel\Desktop\Project\system\Commands\Server\rewrite.php(43): require_once('C:\\Users\\carpel...')
#10 {main}
CRITICAL - 2022-04-06 20:56:00 --> Invalid argument supplied for foreach()
#0 C:\Users\carpel\Desktop\Project\app\Views\clientlist.php(27): CodeIgniter\Debug\Exceptions->errorHandler(2, 'Invalid argumen...', 'C:\\Users\\carpel...', 27, Array)
#1 C:\Users\carpel\Desktop\Project\system\View\View.php(210): include('C:\\Users\\carpel...')
#2 C:\Users\carpel\Desktop\Project\system\View\View.php(213): CodeIgniter\View\View->CodeIgniter\View\{closure}()
#3 C:\Users\carpel\Desktop\Project\system\Common.php(1089): CodeIgniter\View\View->render('clientlist', Array, true)
#4 C:\Users\carpel\Desktop\Project\app\Controllers\ClientController.php(16): view('clientlist', Array)
#5 C:\Users\carpel\Desktop\Project\system\CodeIgniter.php(832): App\Controllers\ClientController->list()
#6 C:\Users\carpel\Desktop\Project\system\CodeIgniter.php(419): CodeIgniter\CodeIgniter->runController(Object(App\Controllers\ClientController))
#7 C:\Users\carpel\Desktop\Project\system\CodeIgniter.php(326): CodeIgniter\CodeIgniter->handleRequest(NULL, Object(Config\Cache), false)
#8 C:\Users\carpel\Desktop\Project\public\index.php(37): CodeIgniter\CodeIgniter->run()
#9 C:\Users\carpel\Desktop\Project\system\Commands\Server\rewrite.php(43): require_once('C:\\Users\\carpel...')
#10 {main}
CRITICAL - 2022-04-06 21:17:17 --> Invalid argument supplied for foreach()
#0 C:\Users\carpel\Desktop\Project\app\Views\clientlist.php(27): CodeIgniter\Debug\Exceptions->errorHandler(2, 'Invalid argumen...', 'C:\\Users\\carpel...', 27, Array)
#1 C:\Users\carpel\Desktop\Project\system\View\View.php(210): include('C:\\Users\\carpel...')
#2 C:\Users\carpel\Desktop\Project\system\View\View.php(213): CodeIgniter\View\View->CodeIgniter\View\{closure}()
#3 C:\Users\carpel\Desktop\Project\system\Common.php(1089): CodeIgniter\View\View->render('clientlist', Array, true)
#4 C:\Users\carpel\Desktop\Project\app\Controllers\ClientController.php(16): view('clientlist', Array)
#5 C:\Users\carpel\Desktop\Project\system\CodeIgniter.php(832): App\Controllers\ClientController->list()
#6 C:\Users\carpel\Desktop\Project\system\CodeIgniter.php(419): CodeIgniter\CodeIgniter->runController(Object(App\Controllers\ClientController))
#7 C:\Users\carpel\Desktop\Project\system\CodeIgniter.php(326): CodeIgniter\CodeIgniter->handleRequest(NULL, Object(Config\Cache), false)
#8 C:\Users\carpel\Desktop\Project\public\index.php(37): CodeIgniter\CodeIgniter->run()
#9 C:\Users\carpel\Desktop\Project\system\Commands\Server\rewrite.php(43): require_once('C:\\Users\\carpel...')
#10 {main}
CRITICAL - 2022-04-06 21:31:18 --> Invalid argument supplied for foreach()
#0 C:\Users\carpel\Desktop\Project\app\Views\clientlist.php(27): CodeIgniter\Debug\Exceptions->errorHandler(2, 'Invalid argumen...', 'C:\\Users\\carpel...', 27, Array)
#1 C:\Users\carpel\Desktop\Project\system\View\View.php(210): include('C:\\Users\\carpel...')
#2 C:\Users\carpel\Desktop\Project\system\View\View.php(213): CodeIgniter\View\View->CodeIgniter\View\{closure}()
#3 C:\Users\carpel\Desktop\Project\system\Common.php(1089): CodeIgniter\View\View->render('clientlist', Array, true)
#4 C:\Users\carpel\Desktop\Project\app\Controllers\ClientController.php(16): view('clientlist', Array)
#5 C:\Users\carpel\Desktop\Project\system\CodeIgniter.php(832): App\Controllers\ClientController->list()
#6 C:\Users\carpel\Desktop\Project\system\CodeIgniter.php(419): CodeIgniter\CodeIgniter->runController(Object(App\Controllers\ClientController))
#7 C:\Users\carpel\Desktop\Project\system\CodeIgniter.php(326): CodeIgniter\CodeIgniter->handleRequest(NULL, Object(Config\Cache), false)
#8 C:\Users\carpel\Desktop\Project\public\index.php(37): CodeIgniter\CodeIgniter->run()
#9 C:\Users\carpel\Desktop\Project\system\Commands\Server\rewrite.php(43): require_once('C:\\Users\\carpel...')
#10 {main}
CRITICAL - 2022-04-06 21:38:10 --> Invalid argument supplied for foreach()
#0 C:\Users\carpel\Desktop\Project\app\Views\clientlist.php(27): CodeIgniter\Debug\Exceptions->errorHandler(2, 'Invalid argumen...', 'C:\\Users\\carpel...', 27, Array)
#1 C:\Users\carpel\Desktop\Project\system\View\View.php(210): include('C:\\Users\\carpel...')
#2 C:\Users\carpel\Desktop\Project\system\View\View.php(213): CodeIgniter\View\View->CodeIgniter\View\{closure}()
#3 C:\Users\carpel\Desktop\Project\system\Common.php(1089): CodeIgniter\View\View->render('clientlist', Array, true)
#4 C:\Users\carpel\Desktop\Project\app\Controllers\ClientController.php(16): view('clientlist', Array)
#5 C:\Users\carpel\Desktop\Project\system\CodeIgniter.php(832): App\Controllers\ClientController->list()
#6 C:\Users\carpel\Desktop\Project\system\CodeIgniter.php(419): CodeIgniter\CodeIgniter->runController(Object(App\Controllers\ClientController))
#7 C:\Users\carpel\Desktop\Project\system\CodeIgniter.php(326): CodeIgniter\CodeIgniter->handleRequest(NULL, Object(Config\Cache), false)
#8 C:\Users\carpel\Desktop\Project\public\index.php(37): CodeIgniter\CodeIgniter->run()
#9 C:\Users\carpel\Desktop\Project\system\Commands\Server\rewrite.php(43): require_once('C:\\Users\\carpel...')
#10 {main}
