CRITICAL - 2022-10-02 08:41:34 --> Class 'Time' not found
#0 C:\laragon\www\Project\helpme\system\View\View.php(210): include()
#1 C:\laragon\www\Project\helpme\system\View\View.php(213): CodeIgniter\View\View->CodeIgniter\View\{closure}()
#2 C:\laragon\www\Project\helpme\system\Common.php(1089): CodeIgniter\View\View->render('ClientUser/Requ...', Array, true)
#3 C:\laragon\www\Project\helpme\app\Controllers\RequestController.php(50): view('ClientUser/Requ...', Array)
#4 C:\laragon\www\Project\helpme\system\CodeIgniter.php(832): App\Controllers\RequestController->reqform()
#5 C:\laragon\www\Project\helpme\system\CodeIgniter.php(419): CodeIgniter\CodeIgniter->runController(Object(App\Controllers\RequestController))
#6 C:\laragon\www\Project\helpme\system\CodeIgniter.php(326): CodeIgniter\CodeIgniter->handleRequest(NULL, Object(Config\Cache), false)
#7 C:\laragon\www\Project\index.php(37): CodeIgniter\CodeIgniter->run()
#8 {main}
CRITICAL - 2022-10-02 08:42:19 --> syntax error, unexpected '<', expecting end of file
#0 C:\laragon\www\Project\helpme\system\View\View.php(213): CodeIgniter\View\View->CodeIgniter\View\{closure}()
#1 C:\laragon\www\Project\helpme\system\Common.php(1089): CodeIgniter\View\View->render('ClientUser/Requ...', Array, true)
#2 C:\laragon\www\Project\helpme\app\Controllers\RequestController.php(50): view('ClientUser/Requ...', Array)
#3 C:\laragon\www\Project\helpme\system\CodeIgniter.php(832): App\Controllers\RequestController->reqform()
#4 C:\laragon\www\Project\helpme\system\CodeIgniter.php(419): CodeIgniter\CodeIgniter->runController(Object(App\Controllers\RequestController))
#5 C:\laragon\www\Project\helpme\system\CodeIgniter.php(326): CodeIgniter\CodeIgniter->handleRequest(NULL, Object(Config\Cache), false)
#6 C:\laragon\www\Project\index.php(37): CodeIgniter\CodeIgniter->run()
#7 {main}
CRITICAL - 2022-10-02 08:47:35 --> Class 'Time' not found
#0 C:\laragon\www\Project\helpme\system\View\View.php(210): include()
#1 C:\laragon\www\Project\helpme\system\View\View.php(213): CodeIgniter\View\View->CodeIgniter\View\{closure}()
#2 C:\laragon\www\Project\helpme\system\Common.php(1089): CodeIgniter\View\View->render('ClientUser/Requ...', Array, true)
#3 C:\laragon\www\Project\helpme\app\Controllers\RequestController.php(50): view('ClientUser/Requ...', Array)
#4 C:\laragon\www\Project\helpme\system\CodeIgniter.php(832): App\Controllers\RequestController->reqform()
#5 C:\laragon\www\Project\helpme\system\CodeIgniter.php(419): CodeIgniter\CodeIgniter->runController(Object(App\Controllers\RequestController))
#6 C:\laragon\www\Project\helpme\system\CodeIgniter.php(326): CodeIgniter\CodeIgniter->handleRequest(NULL, Object(Config\Cache), false)
#7 C:\laragon\www\Project\index.php(37): CodeIgniter\CodeIgniter->run()
#8 {main}
CRITICAL - 2022-10-02 08:48:27 --> Class 'Time' not found
#0 C:\laragon\www\Project\helpme\system\View\View.php(210): include()
#1 C:\laragon\www\Project\helpme\system\View\View.php(213): CodeIgniter\View\View->CodeIgniter\View\{closure}()
#2 C:\laragon\www\Project\helpme\system\Common.php(1089): CodeIgniter\View\View->render('ClientUser/Requ...', Array, true)
#3 C:\laragon\www\Project\helpme\app\Controllers\RequestController.php(50): view('ClientUser/Requ...', Array)
#4 C:\laragon\www\Project\helpme\system\CodeIgniter.php(832): App\Controllers\RequestController->reqform()
#5 C:\laragon\www\Project\helpme\system\CodeIgniter.php(419): CodeIgniter\CodeIgniter->runController(Object(App\Controllers\RequestController))
#6 C:\laragon\www\Project\helpme\system\CodeIgniter.php(326): CodeIgniter\CodeIgniter->handleRequest(NULL, Object(Config\Cache), false)
#7 C:\laragon\www\Project\index.php(37): CodeIgniter\CodeIgniter->run()
#8 {main}
CRITICAL - 2022-10-02 08:50:11 --> Call to undefined function now()
#0 C:\laragon\www\Project\helpme\system\View\View.php(210): include()
#1 C:\laragon\www\Project\helpme\system\View\View.php(213): CodeIgniter\View\View->CodeIgniter\View\{closure}()
#2 C:\laragon\www\Project\helpme\system\Common.php(1089): CodeIgniter\View\View->render('ClientUser/Requ...', Array, true)
#3 C:\laragon\www\Project\helpme\app\Controllers\RequestController.php(50): view('ClientUser/Requ...', Array)
#4 C:\laragon\www\Project\helpme\system\CodeIgniter.php(832): App\Controllers\RequestController->reqform()
#5 C:\laragon\www\Project\helpme\system\CodeIgniter.php(419): CodeIgniter\CodeIgniter->runController(Object(App\Controllers\RequestController))
#6 C:\laragon\www\Project\helpme\system\CodeIgniter.php(326): CodeIgniter\CodeIgniter->handleRequest(NULL, Object(Config\Cache), false)
#7 C:\laragon\www\Project\index.php(37): CodeIgniter\CodeIgniter->run()
#8 {main}
CRITICAL - 2022-10-02 08:50:45 --> Call to undefined function timezone_select()
#0 C:\laragon\www\Project\helpme\system\View\View.php(210): include()
#1 C:\laragon\www\Project\helpme\system\View\View.php(213): CodeIgniter\View\View->CodeIgniter\View\{closure}()
#2 C:\laragon\www\Project\helpme\system\Common.php(1089): CodeIgniter\View\View->render('ClientUser/Requ...', Array, true)
#3 C:\laragon\www\Project\helpme\app\Controllers\RequestController.php(50): view('ClientUser/Requ...', Array)
#4 C:\laragon\www\Project\helpme\system\CodeIgniter.php(832): App\Controllers\RequestController->reqform()
#5 C:\laragon\www\Project\helpme\system\CodeIgniter.php(419): CodeIgniter\CodeIgniter->runController(Object(App\Controllers\RequestController))
#6 C:\laragon\www\Project\helpme\system\CodeIgniter.php(326): CodeIgniter\CodeIgniter->handleRequest(NULL, Object(Config\Cache), false)
#7 C:\laragon\www\Project\index.php(37): CodeIgniter\CodeIgniter->run()
#8 {main}
CRITICAL - 2022-10-02 08:51:18 --> Use of undefined constant now - assumed 'now' (this will throw an Error in a future version of PHP)
#0 C:\laragon\www\Project\helpme\app\Views\ClientUser\RequestForm.php(62): CodeIgniter\Debug\Exceptions->errorHandler(2, 'Use of undefine...', 'C:\\laragon\\www\\...', 62, Array)
#1 C:\laragon\www\Project\helpme\system\View\View.php(210): include('C:\\laragon\\www\\...')
#2 C:\laragon\www\Project\helpme\system\View\View.php(213): CodeIgniter\View\View->CodeIgniter\View\{closure}()
#3 C:\laragon\www\Project\helpme\system\Common.php(1089): CodeIgniter\View\View->render('ClientUser/Requ...', Array, true)
#4 C:\laragon\www\Project\helpme\app\Controllers\RequestController.php(50): view('ClientUser/Requ...', Array)
#5 C:\laragon\www\Project\helpme\system\CodeIgniter.php(832): App\Controllers\RequestController->reqform()
#6 C:\laragon\www\Project\helpme\system\CodeIgniter.php(419): CodeIgniter\CodeIgniter->runController(Object(App\Controllers\RequestController))
#7 C:\laragon\www\Project\helpme\system\CodeIgniter.php(326): CodeIgniter\CodeIgniter->handleRequest(NULL, Object(Config\Cache), false)
#8 C:\laragon\www\Project\index.php(37): CodeIgniter\CodeIgniter->run()
#9 {main}
CRITICAL - 2022-10-02 08:55:26 --> syntax error, unexpected ',', expecting ')'
#0 C:\laragon\www\Project\helpme\system\View\View.php(213): CodeIgniter\View\View->CodeIgniter\View\{closure}()
#1 C:\laragon\www\Project\helpme\system\Common.php(1089): CodeIgniter\View\View->render('ClientUser/Requ...', Array, true)
#2 C:\laragon\www\Project\helpme\app\Controllers\RequestController.php(50): view('ClientUser/Requ...', Array)
#3 C:\laragon\www\Project\helpme\system\CodeIgniter.php(832): App\Controllers\RequestController->reqform()
#4 C:\laragon\www\Project\helpme\system\CodeIgniter.php(419): CodeIgniter\CodeIgniter->runController(Object(App\Controllers\RequestController))
#5 C:\laragon\www\Project\helpme\system\CodeIgniter.php(326): CodeIgniter\CodeIgniter->handleRequest(NULL, Object(Config\Cache), false)
#6 C:\laragon\www\Project\index.php(37): CodeIgniter\CodeIgniter->run()
#7 {main}
CRITICAL - 2022-10-02 09:01:59 --> syntax error, unexpected '' (T_ENCAPSED_AND_WHITESPACE), expecting '-' or identifier (T_STRING) or variable (T_VARIABLE) or number (T_NUM_STRING)
#0 C:\laragon\www\Project\helpme\system\View\View.php(213): CodeIgniter\View\View->CodeIgniter\View\{closure}()
#1 C:\laragon\www\Project\helpme\system\Common.php(1089): CodeIgniter\View\View->render('ClientUser/Requ...', Array, true)
#2 C:\laragon\www\Project\helpme\app\Controllers\RequestController.php(50): view('ClientUser/Requ...', Array)
#3 C:\laragon\www\Project\helpme\system\CodeIgniter.php(832): App\Controllers\RequestController->reqform()
#4 C:\laragon\www\Project\helpme\system\CodeIgniter.php(419): CodeIgniter\CodeIgniter->runController(Object(App\Controllers\RequestController))
#5 C:\laragon\www\Project\helpme\system\CodeIgniter.php(326): CodeIgniter\CodeIgniter->handleRequest(NULL, Object(Config\Cache), false)
#6 C:\laragon\www\Project\index.php(37): CodeIgniter\CodeIgniter->run()
#7 {main}
ERROR - 2022-10-02 09:16:31 --> Unknown column 'isd' in 'order clause'
CRITICAL - 2022-10-02 09:16:31 --> Call to a member function getResult() on bool
#0 C:\laragon\www\Project\helpme\system\BaseModel.php(584): CodeIgniter\Model->doFindAll(0, 0)
#1 C:\laragon\www\Project\helpme\app\Controllers\RequestController.php(120): CodeIgniter\BaseModel->findAll()
#2 C:\laragon\www\Project\helpme\system\CodeIgniter.php(832): App\Controllers\RequestController->rtable()
#3 C:\laragon\www\Project\helpme\system\CodeIgniter.php(419): CodeIgniter\CodeIgniter->runController(Object(App\Controllers\RequestController))
#4 C:\laragon\www\Project\helpme\system\CodeIgniter.php(326): CodeIgniter\CodeIgniter->handleRequest(NULL, Object(Config\Cache), false)
#5 C:\laragon\www\Project\index.php(37): CodeIgniter\CodeIgniter->run()
#6 {main}
CRITICAL - 2022-10-02 09:17:53 --> Object of class CodeIgniter\Session\Session could not be converted to string
#0 C:\laragon\www\Project\helpme\system\CodeIgniter.php(832): App\Controllers\RequestController->rtable()
#1 C:\laragon\www\Project\helpme\system\CodeIgniter.php(419): CodeIgniter\CodeIgniter->runController(Object(App\Controllers\RequestController))
#2 C:\laragon\www\Project\helpme\system\CodeIgniter.php(326): CodeIgniter\CodeIgniter->handleRequest(NULL, Object(Config\Cache), false)
#3 C:\laragon\www\Project\index.php(37): CodeIgniter\CodeIgniter->run()
#4 {main}
CRITICAL - 2022-10-02 09:17:59 --> Call to a member function where() on null
#0 C:\laragon\www\Project\helpme\system\CodeIgniter.php(832): App\Controllers\RequestController->rtable()
#1 C:\laragon\www\Project\helpme\system\CodeIgniter.php(419): CodeIgniter\CodeIgniter->runController(Object(App\Controllers\RequestController))
#2 C:\laragon\www\Project\helpme\system\CodeIgniter.php(326): CodeIgniter\CodeIgniter->handleRequest(NULL, Object(Config\Cache), false)
#3 C:\laragon\www\Project\index.php(37): CodeIgniter\CodeIgniter->run()
#4 {main}
