CRITICAL - 2022-09-27 00:32:19 --> Call to a member function orderBy() on null
#0 C:\laragon\www\Project\helpme\system\CodeIgniter.php(832): App\Controllers\DatatableController->index()
#1 C:\laragon\www\Project\helpme\system\CodeIgniter.php(419): CodeIgniter\CodeIgniter->runController(Object(App\Controllers\DatatableController))
#2 C:\laragon\www\Project\helpme\system\CodeIgniter.php(326): CodeIgniter\CodeIgniter->handleRequest(NULL, Object(Config\Cache), false)
#3 C:\laragon\www\Project\index.php(37): CodeIgniter\CodeIgniter->run()
#4 {main}
CRITICAL - 2022-09-27 01:40:09 --> Invalid file: RequestTable.php
#0 C:\laragon\www\Project\helpme\system\View\View.php(198): CodeIgniter\Exceptions\FrameworkException::forInvalidFile('RequestTable.ph...')
#1 C:\laragon\www\Project\helpme\system\View\View.php(424): CodeIgniter\View\View->render('RequestTable', NULL, true)
#2 C:\laragon\www\Project\helpme\app\Views\ClientUser\Request.php(55): CodeIgniter\View\View->include('RequestTable')
#3 C:\laragon\www\Project\helpme\system\View\View.php(210): include('C:\\laragon\\www\\...')
#4 C:\laragon\www\Project\helpme\system\View\View.php(213): CodeIgniter\View\View->CodeIgniter\View\{closure}()
#5 C:\laragon\www\Project\helpme\system\Common.php(1089): CodeIgniter\View\View->render('ClientUser/Requ...', Array, true)
#6 C:\laragon\www\Project\helpme\app\Controllers\RequestController.php(10): view('ClientUser/Requ...')
#7 C:\laragon\www\Project\helpme\system\CodeIgniter.php(832): App\Controllers\RequestController->index()
#8 C:\laragon\www\Project\helpme\system\CodeIgniter.php(419): CodeIgniter\CodeIgniter->runController(Object(App\Controllers\RequestController))
#9 C:\laragon\www\Project\helpme\system\CodeIgniter.php(326): CodeIgniter\CodeIgniter->handleRequest(NULL, Object(Config\Cache), false)
#10 C:\laragon\www\Project\index.php(37): CodeIgniter\CodeIgniter->run()
#11 {main}
CRITICAL - 2022-09-27 01:47:45 --> syntax error, unexpected 'public' (T_PUBLIC)
#0 C:\laragon\www\Project\helpme\system\Autoloader\Autoloader.php(241): CodeIgniter\Autoloader\Autoloader->includeFile('C:\\laragon\\www\\...')
#1 C:\laragon\www\Project\helpme\system\Autoloader\Autoloader.php(219): CodeIgniter\Autoloader\Autoloader->loadInNamespace('App\\Controllers...')
#2 [internal function]: CodeIgniter\Autoloader\Autoloader->loadClass('App\\Controllers...')
#3 [internal function]: spl_autoload_call('App\\Controllers...')
#4 C:\laragon\www\Project\helpme\system\CodeIgniter.php(797): class_exists('\\App\\Controller...', true)
#5 C:\laragon\www\Project\helpme\system\CodeIgniter.php(406): CodeIgniter\CodeIgniter->startController()
#6 C:\laragon\www\Project\helpme\system\CodeIgniter.php(326): CodeIgniter\CodeIgniter->handleRequest(NULL, Object(Config\Cache), false)
#7 C:\laragon\www\Project\index.php(37): CodeIgniter\CodeIgniter->run()
#8 {main}
CRITICAL - 2022-09-27 01:48:04 --> syntax error, unexpected 'public' (T_PUBLIC)
#0 C:\laragon\www\Project\helpme\system\Autoloader\Autoloader.php(241): CodeIgniter\Autoloader\Autoloader->includeFile('C:\\laragon\\www\\...')
#1 C:\laragon\www\Project\helpme\system\Autoloader\Autoloader.php(219): CodeIgniter\Autoloader\Autoloader->loadInNamespace('App\\Controllers...')
#2 [internal function]: CodeIgniter\Autoloader\Autoloader->loadClass('App\\Controllers...')
#3 [internal function]: spl_autoload_call('App\\Controllers...')
#4 C:\laragon\www\Project\helpme\system\CodeIgniter.php(797): class_exists('\\App\\Controller...', true)
#5 C:\laragon\www\Project\helpme\system\CodeIgniter.php(406): CodeIgniter\CodeIgniter->startController()
#6 C:\laragon\www\Project\helpme\system\CodeIgniter.php(326): CodeIgniter\CodeIgniter->handleRequest(NULL, Object(Config\Cache), false)
#7 C:\laragon\www\Project\index.php(37): CodeIgniter\CodeIgniter->run()
#8 {main}
CRITICAL - 2022-09-27 01:48:41 --> syntax error, unexpected 'public' (T_PUBLIC)
#0 C:\laragon\www\Project\helpme\system\Autoloader\Autoloader.php(241): CodeIgniter\Autoloader\Autoloader->includeFile('C:\\laragon\\www\\...')
#1 C:\laragon\www\Project\helpme\system\Autoloader\Autoloader.php(219): CodeIgniter\Autoloader\Autoloader->loadInNamespace('App\\Controllers...')
#2 [internal function]: CodeIgniter\Autoloader\Autoloader->loadClass('App\\Controllers...')
#3 [internal function]: spl_autoload_call('App\\Controllers...')
#4 C:\laragon\www\Project\helpme\system\CodeIgniter.php(797): class_exists('\\App\\Controller...', true)
#5 C:\laragon\www\Project\helpme\system\CodeIgniter.php(406): CodeIgniter\CodeIgniter->startController()
#6 C:\laragon\www\Project\helpme\system\CodeIgniter.php(326): CodeIgniter\CodeIgniter->handleRequest(NULL, Object(Config\Cache), false)
#7 C:\laragon\www\Project\index.php(37): CodeIgniter\CodeIgniter->run()
#8 {main}
CRITICAL - 2022-09-27 01:49:45 --> syntax error, unexpected 'public' (T_PUBLIC)
#0 C:\laragon\www\Project\helpme\system\Autoloader\Autoloader.php(241): CodeIgniter\Autoloader\Autoloader->includeFile('C:\\laragon\\www\\...')
#1 C:\laragon\www\Project\helpme\system\Autoloader\Autoloader.php(219): CodeIgniter\Autoloader\Autoloader->loadInNamespace('App\\Controllers...')
#2 [internal function]: CodeIgniter\Autoloader\Autoloader->loadClass('App\\Controllers...')
#3 [internal function]: spl_autoload_call('App\\Controllers...')
#4 C:\laragon\www\Project\helpme\system\CodeIgniter.php(797): class_exists('\\App\\Controller...', true)
#5 C:\laragon\www\Project\helpme\system\CodeIgniter.php(406): CodeIgniter\CodeIgniter->startController()
#6 C:\laragon\www\Project\helpme\system\CodeIgniter.php(326): CodeIgniter\CodeIgniter->handleRequest(NULL, Object(Config\Cache), false)
#7 C:\laragon\www\Project\index.php(37): CodeIgniter\CodeIgniter->run()
#8 {main}
CRITICAL - 2022-09-27 01:50:02 --> syntax error, unexpected 'public' (T_PUBLIC)
#0 C:\laragon\www\Project\helpme\system\Autoloader\Autoloader.php(241): CodeIgniter\Autoloader\Autoloader->includeFile('C:\\laragon\\www\\...')
#1 C:\laragon\www\Project\helpme\system\Autoloader\Autoloader.php(219): CodeIgniter\Autoloader\Autoloader->loadInNamespace('App\\Controllers...')
#2 [internal function]: CodeIgniter\Autoloader\Autoloader->loadClass('App\\Controllers...')
#3 [internal function]: spl_autoload_call('App\\Controllers...')
#4 C:\laragon\www\Project\helpme\system\CodeIgniter.php(797): class_exists('\\App\\Controller...', true)
#5 C:\laragon\www\Project\helpme\system\CodeIgniter.php(406): CodeIgniter\CodeIgniter->startController()
#6 C:\laragon\www\Project\helpme\system\CodeIgniter.php(326): CodeIgniter\CodeIgniter->handleRequest(NULL, Object(Config\Cache), false)
#7 C:\laragon\www\Project\index.php(37): CodeIgniter\CodeIgniter->run()
#8 {main}
CRITICAL - 2022-09-27 01:56:37 --> Invalid file: RTable.php
#0 C:\laragon\www\Project\helpme\system\View\View.php(198): CodeIgniter\Exceptions\FrameworkException::forInvalidFile('RTable.php')
#1 C:\laragon\www\Project\helpme\system\View\View.php(424): CodeIgniter\View\View->render('RTable', NULL, true)
#2 C:\laragon\www\Project\helpme\app\Views\ClientUser\Request.php(55): CodeIgniter\View\View->include('RTable')
#3 C:\laragon\www\Project\helpme\system\View\View.php(210): include('C:\\laragon\\www\\...')
#4 C:\laragon\www\Project\helpme\system\View\View.php(213): CodeIgniter\View\View->CodeIgniter\View\{closure}()
#5 C:\laragon\www\Project\helpme\system\Common.php(1089): CodeIgniter\View\View->render('ClientUser/Requ...', Array, true)
#6 C:\laragon\www\Project\helpme\app\Controllers\RequestController.php(10): view('ClientUser/Requ...')
#7 C:\laragon\www\Project\helpme\system\CodeIgniter.php(832): App\Controllers\RequestController->index()
#8 C:\laragon\www\Project\helpme\system\CodeIgniter.php(419): CodeIgniter\CodeIgniter->runController(Object(App\Controllers\RequestController))
#9 C:\laragon\www\Project\helpme\system\CodeIgniter.php(326): CodeIgniter\CodeIgniter->handleRequest(NULL, Object(Config\Cache), false)
#10 C:\laragon\www\Project\index.php(37): CodeIgniter\CodeIgniter->run()
#11 {main}
CRITICAL - 2022-09-27 02:00:13 --> syntax error, unexpected '=>' (T_DOUBLE_ARROW), expecting ']'
#0 C:\laragon\www\Project\helpme\system\Autoloader\Autoloader.php(241): CodeIgniter\Autoloader\Autoloader->includeFile('C:\\laragon\\www\\...')
#1 C:\laragon\www\Project\helpme\system\Autoloader\Autoloader.php(219): CodeIgniter\Autoloader\Autoloader->loadInNamespace('App\\Controllers...')
#2 [internal function]: CodeIgniter\Autoloader\Autoloader->loadClass('App\\Controllers...')
#3 [internal function]: spl_autoload_call('App\\Controllers...')
#4 C:\laragon\www\Project\helpme\system\CodeIgniter.php(797): class_exists('\\App\\Controller...', true)
#5 C:\laragon\www\Project\helpme\system\CodeIgniter.php(406): CodeIgniter\CodeIgniter->startController()
#6 C:\laragon\www\Project\helpme\system\CodeIgniter.php(326): CodeIgniter\CodeIgniter->handleRequest(NULL, Object(Config\Cache), false)
#7 C:\laragon\www\Project\index.php(37): CodeIgniter\CodeIgniter->run()
#8 {main}
CRITICAL - 2022-09-27 02:00:28 --> syntax error, unexpected '='
#0 C:\laragon\www\Project\helpme\system\Autoloader\Autoloader.php(241): CodeIgniter\Autoloader\Autoloader->includeFile('C:\\laragon\\www\\...')
#1 C:\laragon\www\Project\helpme\system\Autoloader\Autoloader.php(219): CodeIgniter\Autoloader\Autoloader->loadInNamespace('App\\Controllers...')
#2 [internal function]: CodeIgniter\Autoloader\Autoloader->loadClass('App\\Controllers...')
#3 [internal function]: spl_autoload_call('App\\Controllers...')
#4 C:\laragon\www\Project\helpme\system\CodeIgniter.php(797): class_exists('\\App\\Controller...', true)
#5 C:\laragon\www\Project\helpme\system\CodeIgniter.php(406): CodeIgniter\CodeIgniter->startController()
#6 C:\laragon\www\Project\helpme\system\CodeIgniter.php(326): CodeIgniter\CodeIgniter->handleRequest(NULL, Object(Config\Cache), false)
#7 C:\laragon\www\Project\index.php(37): CodeIgniter\CodeIgniter->run()
#8 {main}
CRITICAL - 2022-09-27 02:00:37 --> syntax error, unexpected '=>' (T_DOUBLE_ARROW), expecting ']'
#0 C:\laragon\www\Project\helpme\system\Autoloader\Autoloader.php(241): CodeIgniter\Autoloader\Autoloader->includeFile('C:\\laragon\\www\\...')
#1 C:\laragon\www\Project\helpme\system\Autoloader\Autoloader.php(219): CodeIgniter\Autoloader\Autoloader->loadInNamespace('App\\Controllers...')
#2 [internal function]: CodeIgniter\Autoloader\Autoloader->loadClass('App\\Controllers...')
#3 [internal function]: spl_autoload_call('App\\Controllers...')
#4 C:\laragon\www\Project\helpme\system\CodeIgniter.php(797): class_exists('\\App\\Controller...', true)
#5 C:\laragon\www\Project\helpme\system\CodeIgniter.php(406): CodeIgniter\CodeIgniter->startController()
#6 C:\laragon\www\Project\helpme\system\CodeIgniter.php(326): CodeIgniter\CodeIgniter->handleRequest(NULL, Object(Config\Cache), false)
#7 C:\laragon\www\Project\index.php(37): CodeIgniter\CodeIgniter->run()
#8 {main}
CRITICAL - 2022-09-27 02:00:50 --> syntax error, unexpected '=>' (T_DOUBLE_ARROW), expecting ']'
#0 C:\laragon\www\Project\helpme\system\Autoloader\Autoloader.php(241): CodeIgniter\Autoloader\Autoloader->includeFile('C:\\laragon\\www\\...')
#1 C:\laragon\www\Project\helpme\system\Autoloader\Autoloader.php(219): CodeIgniter\Autoloader\Autoloader->loadInNamespace('App\\Controllers...')
#2 [internal function]: CodeIgniter\Autoloader\Autoloader->loadClass('App\\Controllers...')
#3 [internal function]: spl_autoload_call('App\\Controllers...')
#4 C:\laragon\www\Project\helpme\system\CodeIgniter.php(797): class_exists('\\App\\Controller...', true)
#5 C:\laragon\www\Project\helpme\system\CodeIgniter.php(406): CodeIgniter\CodeIgniter->startController()
#6 C:\laragon\www\Project\helpme\system\CodeIgniter.php(326): CodeIgniter\CodeIgniter->handleRequest(NULL, Object(Config\Cache), false)
#7 C:\laragon\www\Project\index.php(37): CodeIgniter\CodeIgniter->run()
#8 {main}
CRITICAL - 2022-09-27 02:01:36 --> Invalid file: RTable.php
#0 C:\laragon\www\Project\helpme\system\View\View.php(198): CodeIgniter\Exceptions\FrameworkException::forInvalidFile('RTable.php')
#1 C:\laragon\www\Project\helpme\system\View\View.php(424): CodeIgniter\View\View->render('RTable', NULL, true)
#2 C:\laragon\www\Project\helpme\app\Views\ClientUser\Request.php(55): CodeIgniter\View\View->include('RTable')
#3 C:\laragon\www\Project\helpme\system\View\View.php(210): include('C:\\laragon\\www\\...')
#4 C:\laragon\www\Project\helpme\system\View\View.php(213): CodeIgniter\View\View->CodeIgniter\View\{closure}()
#5 C:\laragon\www\Project\helpme\system\Common.php(1089): CodeIgniter\View\View->render('ClientUser/Requ...', Array, true)
#6 C:\laragon\www\Project\helpme\app\Controllers\RequestController.php(10): view('ClientUser/Requ...')
#7 C:\laragon\www\Project\helpme\system\CodeIgniter.php(832): App\Controllers\RequestController->index()
#8 C:\laragon\www\Project\helpme\system\CodeIgniter.php(419): CodeIgniter\CodeIgniter->runController(Object(App\Controllers\RequestController))
#9 C:\laragon\www\Project\helpme\system\CodeIgniter.php(326): CodeIgniter\CodeIgniter->handleRequest(NULL, Object(Config\Cache), false)
#10 C:\laragon\www\Project\index.php(37): CodeIgniter\CodeIgniter->run()
#11 {main}
CRITICAL - 2022-09-27 02:02:33 --> Invalid file: RTable.php
#0 C:\laragon\www\Project\helpme\system\View\View.php(198): CodeIgniter\Exceptions\FrameworkException::forInvalidFile('RTable.php')
#1 C:\laragon\www\Project\helpme\system\View\View.php(424): CodeIgniter\View\View->render('RTable', NULL, true)
#2 C:\laragon\www\Project\helpme\app\Views\ClientUser\Request.php(55): CodeIgniter\View\View->include('RTable')
#3 C:\laragon\www\Project\helpme\system\View\View.php(210): include('C:\\laragon\\www\\...')
#4 C:\laragon\www\Project\helpme\system\View\View.php(213): CodeIgniter\View\View->CodeIgniter\View\{closure}()
#5 C:\laragon\www\Project\helpme\system\Common.php(1089): CodeIgniter\View\View->render('ClientUser/Requ...', Array, true)
#6 C:\laragon\www\Project\helpme\app\Controllers\RequestController.php(10): view('ClientUser/Requ...')
#7 C:\laragon\www\Project\helpme\system\CodeIgniter.php(832): App\Controllers\RequestController->index()
#8 C:\laragon\www\Project\helpme\system\CodeIgniter.php(419): CodeIgniter\CodeIgniter->runController(Object(App\Controllers\RequestController))
#9 C:\laragon\www\Project\helpme\system\CodeIgniter.php(326): CodeIgniter\CodeIgniter->handleRequest(NULL, Object(Config\Cache), false)
#10 C:\laragon\www\Project\index.php(37): CodeIgniter\CodeIgniter->run()
#11 {main}
CRITICAL - 2022-09-27 02:02:35 --> Invalid file: RTable.php
#0 C:\laragon\www\Project\helpme\system\View\View.php(198): CodeIgniter\Exceptions\FrameworkException::forInvalidFile('RTable.php')
#1 C:\laragon\www\Project\helpme\system\View\View.php(424): CodeIgniter\View\View->render('RTable', NULL, true)
#2 C:\laragon\www\Project\helpme\app\Views\ClientUser\Request.php(55): CodeIgniter\View\View->include('RTable')
#3 C:\laragon\www\Project\helpme\system\View\View.php(210): include('C:\\laragon\\www\\...')
#4 C:\laragon\www\Project\helpme\system\View\View.php(213): CodeIgniter\View\View->CodeIgniter\View\{closure}()
#5 C:\laragon\www\Project\helpme\system\Common.php(1089): CodeIgniter\View\View->render('ClientUser/Requ...', Array, true)
#6 C:\laragon\www\Project\helpme\app\Controllers\RequestController.php(10): view('ClientUser/Requ...')
#7 C:\laragon\www\Project\helpme\system\CodeIgniter.php(832): App\Controllers\RequestController->index()
#8 C:\laragon\www\Project\helpme\system\CodeIgniter.php(419): CodeIgniter\CodeIgniter->runController(Object(App\Controllers\RequestController))
#9 C:\laragon\www\Project\helpme\system\CodeIgniter.php(326): CodeIgniter\CodeIgniter->handleRequest(NULL, Object(Config\Cache), false)
#10 C:\laragon\www\Project\index.php(37): CodeIgniter\CodeIgniter->run()
#11 {main}
CRITICAL - 2022-09-27 02:02:43 --> Invalid file: RTable.php
#0 C:\laragon\www\Project\helpme\system\View\View.php(198): CodeIgniter\Exceptions\FrameworkException::forInvalidFile('RTable.php')
#1 C:\laragon\www\Project\helpme\system\View\View.php(424): CodeIgniter\View\View->render('RTable', NULL, true)
#2 C:\laragon\www\Project\helpme\app\Views\ClientUser\Request.php(55): CodeIgniter\View\View->include('RTable')
#3 C:\laragon\www\Project\helpme\system\View\View.php(210): include('C:\\laragon\\www\\...')
#4 C:\laragon\www\Project\helpme\system\View\View.php(213): CodeIgniter\View\View->CodeIgniter\View\{closure}()
#5 C:\laragon\www\Project\helpme\system\Common.php(1089): CodeIgniter\View\View->render('ClientUser/Requ...', Array, true)
#6 C:\laragon\www\Project\helpme\app\Controllers\RequestController.php(10): view('ClientUser/Requ...')
#7 C:\laragon\www\Project\helpme\system\CodeIgniter.php(832): App\Controllers\RequestController->index()
#8 C:\laragon\www\Project\helpme\system\CodeIgniter.php(419): CodeIgniter\CodeIgniter->runController(Object(App\Controllers\RequestController))
#9 C:\laragon\www\Project\helpme\system\CodeIgniter.php(326): CodeIgniter\CodeIgniter->handleRequest(NULL, Object(Config\Cache), false)
#10 C:\laragon\www\Project\index.php(37): CodeIgniter\CodeIgniter->run()
#11 {main}
CRITICAL - 2022-09-27 02:02:52 --> Invalid file: RTable.php
#0 C:\laragon\www\Project\helpme\system\View\View.php(198): CodeIgniter\Exceptions\FrameworkException::forInvalidFile('RTable.php')
#1 C:\laragon\www\Project\helpme\system\View\View.php(424): CodeIgniter\View\View->render('RTable', NULL, true)
#2 C:\laragon\www\Project\helpme\app\Views\ClientUser\Request.php(55): CodeIgniter\View\View->include('RTable')
#3 C:\laragon\www\Project\helpme\system\View\View.php(210): include('C:\\laragon\\www\\...')
#4 C:\laragon\www\Project\helpme\system\View\View.php(213): CodeIgniter\View\View->CodeIgniter\View\{closure}()
#5 C:\laragon\www\Project\helpme\system\Common.php(1089): CodeIgniter\View\View->render('ClientUser/Requ...', Array, true)
#6 C:\laragon\www\Project\helpme\app\Controllers\RequestController.php(10): view('ClientUser/Requ...')
#7 C:\laragon\www\Project\helpme\system\CodeIgniter.php(832): App\Controllers\RequestController->index()
#8 C:\laragon\www\Project\helpme\system\CodeIgniter.php(419): CodeIgniter\CodeIgniter->runController(Object(App\Controllers\RequestController))
#9 C:\laragon\www\Project\helpme\system\CodeIgniter.php(326): CodeIgniter\CodeIgniter->handleRequest(NULL, Object(Config\Cache), false)
#10 C:\laragon\www\Project\index.php(37): CodeIgniter\CodeIgniter->run()
#11 {main}
CRITICAL - 2022-09-27 02:03:12 --> Invalid file: RTable.php
#0 C:\laragon\www\Project\helpme\system\View\View.php(198): CodeIgniter\Exceptions\FrameworkException::forInvalidFile('RTable.php')
#1 C:\laragon\www\Project\helpme\system\View\View.php(424): CodeIgniter\View\View->render('RTable', NULL, true)
#2 C:\laragon\www\Project\helpme\app\Views\ClientUser\Request.php(55): CodeIgniter\View\View->include('RTable')
#3 C:\laragon\www\Project\helpme\system\View\View.php(210): include('C:\\laragon\\www\\...')
#4 C:\laragon\www\Project\helpme\system\View\View.php(213): CodeIgniter\View\View->CodeIgniter\View\{closure}()
#5 C:\laragon\www\Project\helpme\system\Common.php(1089): CodeIgniter\View\View->render('ClientUser/Requ...', Array, true)
#6 C:\laragon\www\Project\helpme\app\Controllers\RequestController.php(10): view('ClientUser/Requ...')
#7 C:\laragon\www\Project\helpme\system\CodeIgniter.php(832): App\Controllers\RequestController->index()
#8 C:\laragon\www\Project\helpme\system\CodeIgniter.php(419): CodeIgniter\CodeIgniter->runController(Object(App\Controllers\RequestController))
#9 C:\laragon\www\Project\helpme\system\CodeIgniter.php(326): CodeIgniter\CodeIgniter->handleRequest(NULL, Object(Config\Cache), false)
#10 C:\laragon\www\Project\index.php(37): CodeIgniter\CodeIgniter->run()
#11 {main}
CRITICAL - 2022-09-27 02:05:47 --> Invalid file: RTable.php
#0 C:\laragon\www\Project\helpme\system\View\View.php(198): CodeIgniter\Exceptions\FrameworkException::forInvalidFile('RTable.php')
#1 C:\laragon\www\Project\helpme\system\View\View.php(424): CodeIgniter\View\View->render('RTable', NULL, true)
#2 C:\laragon\www\Project\helpme\app\Views\ClientUser\Request.php(55): CodeIgniter\View\View->include('RTable')
#3 C:\laragon\www\Project\helpme\system\View\View.php(210): include('C:\\laragon\\www\\...')
#4 C:\laragon\www\Project\helpme\system\View\View.php(213): CodeIgniter\View\View->CodeIgniter\View\{closure}()
#5 C:\laragon\www\Project\helpme\system\Common.php(1089): CodeIgniter\View\View->render('ClientUser/Requ...', Array, true)
#6 C:\laragon\www\Project\helpme\app\Controllers\RequestController.php(10): view('ClientUser/Requ...')
#7 C:\laragon\www\Project\helpme\system\CodeIgniter.php(832): App\Controllers\RequestController->index()
#8 C:\laragon\www\Project\helpme\system\CodeIgniter.php(419): CodeIgniter\CodeIgniter->runController(Object(App\Controllers\RequestController))
#9 C:\laragon\www\Project\helpme\system\CodeIgniter.php(326): CodeIgniter\CodeIgniter->handleRequest(NULL, Object(Config\Cache), false)
#10 C:\laragon\www\Project\index.php(37): CodeIgniter\CodeIgniter->run()
#11 {main}
CRITICAL - 2022-09-27 02:05:50 --> Invalid file: RTable.php
#0 C:\laragon\www\Project\helpme\system\View\View.php(198): CodeIgniter\Exceptions\FrameworkException::forInvalidFile('RTable.php')
#1 C:\laragon\www\Project\helpme\system\View\View.php(424): CodeIgniter\View\View->render('RTable', NULL, true)
#2 C:\laragon\www\Project\helpme\app\Views\ClientUser\Request.php(55): CodeIgniter\View\View->include('RTable')
#3 C:\laragon\www\Project\helpme\system\View\View.php(210): include('C:\\laragon\\www\\...')
#4 C:\laragon\www\Project\helpme\system\View\View.php(213): CodeIgniter\View\View->CodeIgniter\View\{closure}()
#5 C:\laragon\www\Project\helpme\system\Common.php(1089): CodeIgniter\View\View->render('ClientUser/Requ...', Array, true)
#6 C:\laragon\www\Project\helpme\app\Controllers\RequestController.php(10): view('ClientUser/Requ...')
#7 C:\laragon\www\Project\helpme\system\CodeIgniter.php(832): App\Controllers\RequestController->index()
#8 C:\laragon\www\Project\helpme\system\CodeIgniter.php(419): CodeIgniter\CodeIgniter->runController(Object(App\Controllers\RequestController))
#9 C:\laragon\www\Project\helpme\system\CodeIgniter.php(326): CodeIgniter\CodeIgniter->handleRequest(NULL, Object(Config\Cache), false)
#10 C:\laragon\www\Project\index.php(37): CodeIgniter\CodeIgniter->run()
#11 {main}
CRITICAL - 2022-09-27 02:05:56 --> Invalid file: RTable.php
#0 C:\laragon\www\Project\helpme\system\View\View.php(198): CodeIgniter\Exceptions\FrameworkException::forInvalidFile('RTable.php')
#1 C:\laragon\www\Project\helpme\system\View\View.php(424): CodeIgniter\View\View->render('RTable', NULL, true)
#2 C:\laragon\www\Project\helpme\app\Views\ClientUser\Request.php(55): CodeIgniter\View\View->include('RTable')
#3 C:\laragon\www\Project\helpme\system\View\View.php(210): include('C:\\laragon\\www\\...')
#4 C:\laragon\www\Project\helpme\system\View\View.php(213): CodeIgniter\View\View->CodeIgniter\View\{closure}()
#5 C:\laragon\www\Project\helpme\system\Common.php(1089): CodeIgniter\View\View->render('ClientUser/Requ...', Array, true)
#6 C:\laragon\www\Project\helpme\app\Controllers\RequestController.php(10): view('ClientUser/Requ...')
#7 C:\laragon\www\Project\helpme\system\CodeIgniter.php(832): App\Controllers\RequestController->index()
#8 C:\laragon\www\Project\helpme\system\CodeIgniter.php(419): CodeIgniter\CodeIgniter->runController(Object(App\Controllers\RequestController))
#9 C:\laragon\www\Project\helpme\system\CodeIgniter.php(326): CodeIgniter\CodeIgniter->handleRequest(NULL, Object(Config\Cache), false)
#10 C:\laragon\www\Project\index.php(37): CodeIgniter\CodeIgniter->run()
#11 {main}
CRITICAL - 2022-09-27 02:06:05 --> Invalid file: RTable.php
#0 C:\laragon\www\Project\helpme\system\View\View.php(198): CodeIgniter\Exceptions\FrameworkException::forInvalidFile('RTable.php')
#1 C:\laragon\www\Project\helpme\system\View\View.php(424): CodeIgniter\View\View->render('RTable', NULL, true)
#2 C:\laragon\www\Project\helpme\app\Views\ClientUser\Request.php(55): CodeIgniter\View\View->include('RTable')
#3 C:\laragon\www\Project\helpme\system\View\View.php(210): include('C:\\laragon\\www\\...')
#4 C:\laragon\www\Project\helpme\system\View\View.php(213): CodeIgniter\View\View->CodeIgniter\View\{closure}()
#5 C:\laragon\www\Project\helpme\system\Common.php(1089): CodeIgniter\View\View->render('ClientUser/Requ...', Array, true)
#6 C:\laragon\www\Project\helpme\app\Controllers\RequestController.php(10): view('ClientUser/Requ...')
#7 C:\laragon\www\Project\helpme\system\CodeIgniter.php(832): App\Controllers\RequestController->index()
#8 C:\laragon\www\Project\helpme\system\CodeIgniter.php(419): CodeIgniter\CodeIgniter->runController(Object(App\Controllers\RequestController))
#9 C:\laragon\www\Project\helpme\system\CodeIgniter.php(326): CodeIgniter\CodeIgniter->handleRequest(NULL, Object(Config\Cache), false)
#10 C:\laragon\www\Project\index.php(37): CodeIgniter\CodeIgniter->run()
#11 {main}
