CRITICAL - 2022-09-16 05:46:53 --> Invalid file: RequestTable.php
#0 C:\laragon\www\Project\helpme\system\View\View.php(198): CodeIgniter\Exceptions\FrameworkException::forInvalidFile('RequestTable.ph...')
#1 C:\laragon\www\Project\helpme\system\View\View.php(424): CodeIgniter\View\View->render('RequestTable', NULL, true)
#2 C:\laragon\www\Project\helpme\app\Views\ClientUser\Request.php(55): CodeIgniter\View\View->include('RequestTable')
#3 C:\laragon\www\Project\helpme\system\View\View.php(210): include('C:\\laragon\\www\\...')
#4 C:\laragon\www\Project\helpme\system\View\View.php(213): CodeIgniter\View\View->CodeIgniter\View\{closure}()
#5 C:\laragon\www\Project\helpme\system\Common.php(1089): CodeIgniter\View\View->render('ClientUser/Requ...', Array, true)
#6 C:\laragon\www\Project\helpme\app\Controllers\RequestController.php(10): view('ClientUser/Requ...')
#7 C:\laragon\www\Project\helpme\system\CodeIgniter.php(832): App\Controllers\RequestController->index()
#8 C:\laragon\www\Project\helpme\system\CodeIgniter.php(419): CodeIgniter\CodeIgniter->runController(Object(App\Controllers\RequestController))
#9 C:\laragon\www\Project\helpme\system\CodeIgniter.php(326): CodeIgniter\CodeIgniter->handleRequest(NULL, Object(Config\Cache), false)
#10 C:\laragon\www\Project\index.php(37): CodeIgniter\CodeIgniter->run()
#11 {main}
CRITICAL - 2022-09-16 05:54:05 --> Invalid file: RequestTable.php
#0 C:\laragon\www\Project\helpme\system\View\View.php(198): CodeIgniter\Exceptions\FrameworkException::forInvalidFile('RequestTable.ph...')
#1 C:\laragon\www\Project\helpme\system\View\View.php(424): CodeIgniter\View\View->render('RequestTable', NULL, true)
#2 C:\laragon\www\Project\helpme\app\Views\ClientUser\Request.php(55): CodeIgniter\View\View->include('RequestTable')
#3 C:\laragon\www\Project\helpme\system\View\View.php(210): include('C:\\laragon\\www\\...')
#4 C:\laragon\www\Project\helpme\system\View\View.php(213): CodeIgniter\View\View->CodeIgniter\View\{closure}()
#5 C:\laragon\www\Project\helpme\system\Common.php(1089): CodeIgniter\View\View->render('ClientUser/Requ...', Array, true)
#6 C:\laragon\www\Project\helpme\app\Controllers\RequestController.php(10): view('ClientUser/Requ...')
#7 C:\laragon\www\Project\helpme\system\CodeIgniter.php(832): App\Controllers\RequestController->index()
#8 C:\laragon\www\Project\helpme\system\CodeIgniter.php(419): CodeIgniter\CodeIgniter->runController(Object(App\Controllers\RequestController))
#9 C:\laragon\www\Project\helpme\system\CodeIgniter.php(326): CodeIgniter\CodeIgniter->handleRequest(NULL, Object(Config\Cache), false)
#10 C:\laragon\www\Project\index.php(37): CodeIgniter\CodeIgniter->run()
#11 {main}
CRITICAL - 2022-09-16 05:54:06 --> Invalid file: RequestTable.php
#0 C:\laragon\www\Project\helpme\system\View\View.php(198): CodeIgniter\Exceptions\FrameworkException::forInvalidFile('RequestTable.ph...')
#1 C:\laragon\www\Project\helpme\system\View\View.php(424): CodeIgniter\View\View->render('RequestTable', NULL, true)
#2 C:\laragon\www\Project\helpme\app\Views\ClientUser\Request.php(55): CodeIgniter\View\View->include('RequestTable')
#3 C:\laragon\www\Project\helpme\system\View\View.php(210): include('C:\\laragon\\www\\...')
#4 C:\laragon\www\Project\helpme\system\View\View.php(213): CodeIgniter\View\View->CodeIgniter\View\{closure}()
#5 C:\laragon\www\Project\helpme\system\Common.php(1089): CodeIgniter\View\View->render('ClientUser/Requ...', Array, true)
#6 C:\laragon\www\Project\helpme\app\Controllers\RequestController.php(10): view('ClientUser/Requ...')
#7 C:\laragon\www\Project\helpme\system\CodeIgniter.php(832): App\Controllers\RequestController->index()
#8 C:\laragon\www\Project\helpme\system\CodeIgniter.php(419): CodeIgniter\CodeIgniter->runController(Object(App\Controllers\RequestController))
#9 C:\laragon\www\Project\helpme\system\CodeIgniter.php(326): CodeIgniter\CodeIgniter->handleRequest(NULL, Object(Config\Cache), false)
#10 C:\laragon\www\Project\index.php(37): CodeIgniter\CodeIgniter->run()
#11 {main}
CRITICAL - 2022-09-16 05:54:53 --> Invalid file: RequestTable.php
#0 C:\laragon\www\Project\helpme\system\View\View.php(198): CodeIgniter\Exceptions\FrameworkException::forInvalidFile('RequestTable.ph...')
#1 C:\laragon\www\Project\helpme\system\View\View.php(424): CodeIgniter\View\View->render('RequestTable', NULL, true)
#2 C:\laragon\www\Project\helpme\app\Views\ClientUser\Request.php(55): CodeIgniter\View\View->include('RequestTable')
#3 C:\laragon\www\Project\helpme\system\View\View.php(210): include('C:\\laragon\\www\\...')
#4 C:\laragon\www\Project\helpme\system\View\View.php(213): CodeIgniter\View\View->CodeIgniter\View\{closure}()
#5 C:\laragon\www\Project\helpme\system\Common.php(1089): CodeIgniter\View\View->render('ClientUser/Requ...', Array, true)
#6 C:\laragon\www\Project\helpme\app\Controllers\RequestController.php(10): view('ClientUser/Requ...')
#7 C:\laragon\www\Project\helpme\system\CodeIgniter.php(832): App\Controllers\RequestController->index()
#8 C:\laragon\www\Project\helpme\system\CodeIgniter.php(419): CodeIgniter\CodeIgniter->runController(Object(App\Controllers\RequestController))
#9 C:\laragon\www\Project\helpme\system\CodeIgniter.php(326): CodeIgniter\CodeIgniter->handleRequest(NULL, Object(Config\Cache), false)
#10 C:\laragon\www\Project\index.php(37): CodeIgniter\CodeIgniter->run()
#11 {main}
CRITICAL - 2022-09-16 05:55:09 --> Invalid file: RTable.php
#0 C:\laragon\www\Project\helpme\system\View\View.php(198): CodeIgniter\Exceptions\FrameworkException::forInvalidFile('RTable.php')
#1 C:\laragon\www\Project\helpme\system\View\View.php(424): CodeIgniter\View\View->render('RTable', NULL, true)
#2 C:\laragon\www\Project\helpme\app\Views\ClientUser\Request.php(55): CodeIgniter\View\View->include('RTable')
#3 C:\laragon\www\Project\helpme\system\View\View.php(210): include('C:\\laragon\\www\\...')
#4 C:\laragon\www\Project\helpme\system\View\View.php(213): CodeIgniter\View\View->CodeIgniter\View\{closure}()
#5 C:\laragon\www\Project\helpme\system\Common.php(1089): CodeIgniter\View\View->render('ClientUser/Requ...', Array, true)
#6 C:\laragon\www\Project\helpme\app\Controllers\RequestController.php(10): view('ClientUser/Requ...')
#7 C:\laragon\www\Project\helpme\system\CodeIgniter.php(832): App\Controllers\RequestController->index()
#8 C:\laragon\www\Project\helpme\system\CodeIgniter.php(419): CodeIgniter\CodeIgniter->runController(Object(App\Controllers\RequestController))
#9 C:\laragon\www\Project\helpme\system\CodeIgniter.php(326): CodeIgniter\CodeIgniter->handleRequest(NULL, Object(Config\Cache), false)
#10 C:\laragon\www\Project\index.php(37): CodeIgniter\CodeIgniter->run()
#11 {main}
CRITICAL - 2022-09-16 06:08:37 --> Invalid file: /RTable.php
#0 C:\laragon\www\Project\helpme\system\View\View.php(198): CodeIgniter\Exceptions\FrameworkException::forInvalidFile('/RTable.php')
#1 C:\laragon\www\Project\helpme\system\View\View.php(424): CodeIgniter\View\View->render('/RTable', NULL, true)
#2 C:\laragon\www\Project\helpme\app\Views\ClientUser\Request.php(55): CodeIgniter\View\View->include('/RTable')
#3 C:\laragon\www\Project\helpme\system\View\View.php(210): include('C:\\laragon\\www\\...')
#4 C:\laragon\www\Project\helpme\system\View\View.php(213): CodeIgniter\View\View->CodeIgniter\View\{closure}()
#5 C:\laragon\www\Project\helpme\system\Common.php(1089): CodeIgniter\View\View->render('ClientUser/Requ...', Array, true)
#6 C:\laragon\www\Project\helpme\app\Controllers\RequestController.php(10): view('ClientUser/Requ...')
#7 C:\laragon\www\Project\helpme\system\CodeIgniter.php(832): App\Controllers\RequestController->index()
#8 C:\laragon\www\Project\helpme\system\CodeIgniter.php(419): CodeIgniter\CodeIgniter->runController(Object(App\Controllers\RequestController))
#9 C:\laragon\www\Project\helpme\system\CodeIgniter.php(326): CodeIgniter\CodeIgniter->handleRequest(NULL, Object(Config\Cache), false)
#10 C:\laragon\www\Project\index.php(37): CodeIgniter\CodeIgniter->run()
#11 {main}
CRITICAL - 2022-09-16 06:08:52 --> Invalid file: ClientUsesr/RTable.php
#0 C:\laragon\www\Project\helpme\system\View\View.php(198): CodeIgniter\Exceptions\FrameworkException::forInvalidFile('ClientUsesr/RTa...')
#1 C:\laragon\www\Project\helpme\system\View\View.php(424): CodeIgniter\View\View->render('ClientUsesr/RTa...', NULL, true)
#2 C:\laragon\www\Project\helpme\app\Views\ClientUser\Request.php(55): CodeIgniter\View\View->include('ClientUsesr/RTa...')
#3 C:\laragon\www\Project\helpme\system\View\View.php(210): include('C:\\laragon\\www\\...')
#4 C:\laragon\www\Project\helpme\system\View\View.php(213): CodeIgniter\View\View->CodeIgniter\View\{closure}()
#5 C:\laragon\www\Project\helpme\system\Common.php(1089): CodeIgniter\View\View->render('ClientUser/Requ...', Array, true)
#6 C:\laragon\www\Project\helpme\app\Controllers\RequestController.php(10): view('ClientUser/Requ...')
#7 C:\laragon\www\Project\helpme\system\CodeIgniter.php(832): App\Controllers\RequestController->index()
#8 C:\laragon\www\Project\helpme\system\CodeIgniter.php(419): CodeIgniter\CodeIgniter->runController(Object(App\Controllers\RequestController))
#9 C:\laragon\www\Project\helpme\system\CodeIgniter.php(326): CodeIgniter\CodeIgniter->handleRequest(NULL, Object(Config\Cache), false)
#10 C:\laragon\www\Project\index.php(37): CodeIgniter\CodeIgniter->run()
#11 {main}
CRITICAL - 2022-09-16 07:45:13 --> Class 'App\Controllers\RequestModel' not found
#0 C:\laragon\www\Project\helpme\system\CodeIgniter.php(832): App\Controllers\ClientController->regis()
#1 C:\laragon\www\Project\helpme\system\CodeIgniter.php(419): CodeIgniter\CodeIgniter->runController(Object(App\Controllers\ClientController))
#2 C:\laragon\www\Project\helpme\system\CodeIgniter.php(326): CodeIgniter\CodeIgniter->handleRequest(NULL, Object(Config\Cache), false)
#3 C:\laragon\www\Project\index.php(37): CodeIgniter\CodeIgniter->run()
#4 {main}
CRITICAL - 2022-09-16 07:56:44 --> Use of undefined constant pending - assumed 'pending' (this will throw an Error in a future version of PHP)
#0 C:\laragon\www\Project\helpme\app\Controllers\RequestController.php(70): CodeIgniter\Debug\Exceptions->errorHandler(2, 'Use of undefine...', 'C:\\laragon\\www\\...', 70, Array)
#1 C:\laragon\www\Project\helpme\system\CodeIgniter.php(832): App\Controllers\RequestController->FileStore()
#2 C:\laragon\www\Project\helpme\system\CodeIgniter.php(419): CodeIgniter\CodeIgniter->runController(Object(App\Controllers\RequestController))
#3 C:\laragon\www\Project\helpme\system\CodeIgniter.php(326): CodeIgniter\CodeIgniter->handleRequest(NULL, Object(Config\Cache), false)
#4 C:\laragon\www\Project\index.php(37): CodeIgniter\CodeIgniter->run()
#5 {main}
CRITICAL - 2022-09-16 08:05:33 --> Use of undefined constant pending - assumed 'pending' (this will throw an Error in a future version of PHP)
#0 C:\laragon\www\Project\helpme\app\Controllers\RequestController.php(71): CodeIgniter\Debug\Exceptions->errorHandler(2, 'Use of undefine...', 'C:\\laragon\\www\\...', 71, Array)
#1 C:\laragon\www\Project\helpme\system\CodeIgniter.php(832): App\Controllers\RequestController->FileStore()
#2 C:\laragon\www\Project\helpme\system\CodeIgniter.php(419): CodeIgniter\CodeIgniter->runController(Object(App\Controllers\RequestController))
#3 C:\laragon\www\Project\helpme\system\CodeIgniter.php(326): CodeIgniter\CodeIgniter->handleRequest(NULL, Object(Config\Cache), false)
#4 C:\laragon\www\Project\index.php(37): CodeIgniter\CodeIgniter->run()
#5 {main}
CRITICAL - 2022-09-16 08:06:08 --> Use of undefined constant pending - assumed 'pending' (this will throw an Error in a future version of PHP)
#0 C:\laragon\www\Project\helpme\app\Controllers\RequestController.php(71): CodeIgniter\Debug\Exceptions->errorHandler(2, 'Use of undefine...', 'C:\\laragon\\www\\...', 71, Array)
#1 C:\laragon\www\Project\helpme\system\CodeIgniter.php(832): App\Controllers\RequestController->FileStore()
#2 C:\laragon\www\Project\helpme\system\CodeIgniter.php(419): CodeIgniter\CodeIgniter->runController(Object(App\Controllers\RequestController))
#3 C:\laragon\www\Project\helpme\system\CodeIgniter.php(326): CodeIgniter\CodeIgniter->handleRequest(NULL, Object(Config\Cache), false)
#4 C:\laragon\www\Project\index.php(37): CodeIgniter\CodeIgniter->run()
#5 {main}
CRITICAL - 2022-09-16 08:07:57 --> syntax error, unexpected ')'
#0 C:\laragon\www\Project\helpme\system\Router\Router.php(175): CodeIgniter\Router\Router->autoRoute('RequestControll...')
#1 C:\laragon\www\Project\helpme\system\CodeIgniter.php(726): CodeIgniter\Router\Router->handle('RequestControll...')
#2 C:\laragon\www\Project\helpme\system\CodeIgniter.php(368): CodeIgniter\CodeIgniter->tryToRouteIt(Object(CodeIgniter\Router\RouteCollection))
#3 C:\laragon\www\Project\helpme\system\CodeIgniter.php(326): CodeIgniter\CodeIgniter->handleRequest(NULL, Object(Config\Cache), false)
#4 C:\laragon\www\Project\index.php(37): CodeIgniter\CodeIgniter->run()
#5 {main}
CRITICAL - 2022-09-16 08:09:16 --> Use of undefined constant pending - assumed 'pending' (this will throw an Error in a future version of PHP)
#0 C:\laragon\www\Project\helpme\app\Controllers\RequestController.php(62): CodeIgniter\Debug\Exceptions->errorHandler(2, 'Use of undefine...', 'C:\\laragon\\www\\...', 62, Array)
#1 C:\laragon\www\Project\helpme\system\CodeIgniter.php(832): App\Controllers\RequestController->FileStore()
#2 C:\laragon\www\Project\helpme\system\CodeIgniter.php(419): CodeIgniter\CodeIgniter->runController(Object(App\Controllers\RequestController))
#3 C:\laragon\www\Project\helpme\system\CodeIgniter.php(326): CodeIgniter\CodeIgniter->handleRequest(NULL, Object(Config\Cache), false)
#4 C:\laragon\www\Project\index.php(37): CodeIgniter\CodeIgniter->run()
#5 {main}
CRITICAL - 2022-09-16 08:12:37 --> Call to a member function get() on null
#0 C:\laragon\www\Project\helpme\system\CodeIgniter.php(832): App\Controllers\RequestController->FileStore()
#1 C:\laragon\www\Project\helpme\system\CodeIgniter.php(419): CodeIgniter\CodeIgniter->runController(Object(App\Controllers\RequestController))
#2 C:\laragon\www\Project\helpme\system\CodeIgniter.php(326): CodeIgniter\CodeIgniter->handleRequest(NULL, Object(Config\Cache), false)
#3 C:\laragon\www\Project\index.php(37): CodeIgniter\CodeIgniter->run()
#4 {main}
CRITICAL - 2022-09-16 08:12:50 --> Call to a member function get() on null
#0 C:\laragon\www\Project\helpme\system\CodeIgniter.php(832): App\Controllers\RequestController->FileStore()
#1 C:\laragon\www\Project\helpme\system\CodeIgniter.php(419): CodeIgniter\CodeIgniter->runController(Object(App\Controllers\RequestController))
#2 C:\laragon\www\Project\helpme\system\CodeIgniter.php(326): CodeIgniter\CodeIgniter->handleRequest(NULL, Object(Config\Cache), false)
#3 C:\laragon\www\Project\index.php(37): CodeIgniter\CodeIgniter->run()
#4 {main}
CRITICAL - 2022-09-16 08:13:30 --> Use of undefined constant pending - assumed 'pending' (this will throw an Error in a future version of PHP)
#0 C:\laragon\www\Project\helpme\app\Controllers\RequestController.php(76): CodeIgniter\Debug\Exceptions->errorHandler(2, 'Use of undefine...', 'C:\\laragon\\www\\...', 76, Array)
#1 C:\laragon\www\Project\helpme\system\CodeIgniter.php(832): App\Controllers\RequestController->FileStore()
#2 C:\laragon\www\Project\helpme\system\CodeIgniter.php(419): CodeIgniter\CodeIgniter->runController(Object(App\Controllers\RequestController))
#3 C:\laragon\www\Project\helpme\system\CodeIgniter.php(326): CodeIgniter\CodeIgniter->handleRequest(NULL, Object(Config\Cache), false)
#4 C:\laragon\www\Project\index.php(37): CodeIgniter\CodeIgniter->run()
#5 {main}
CRITICAL - 2022-09-16 08:14:19 --> Use of undefined constant pending - assumed 'pending' (this will throw an Error in a future version of PHP)
#0 C:\laragon\www\Project\helpme\app\Controllers\RequestController.php(77): CodeIgniter\Debug\Exceptions->errorHandler(2, 'Use of undefine...', 'C:\\laragon\\www\\...', 77, Array)
#1 C:\laragon\www\Project\helpme\system\CodeIgniter.php(832): App\Controllers\RequestController->FileStore()
#2 C:\laragon\www\Project\helpme\system\CodeIgniter.php(419): CodeIgniter\CodeIgniter->runController(Object(App\Controllers\RequestController))
#3 C:\laragon\www\Project\helpme\system\CodeIgniter.php(326): CodeIgniter\CodeIgniter->handleRequest(NULL, Object(Config\Cache), false)
#4 C:\laragon\www\Project\index.php(37): CodeIgniter\CodeIgniter->run()
#5 {main}
CRITICAL - 2022-09-16 08:15:33 --> Use of undefined constant pending - assumed 'pending' (this will throw an Error in a future version of PHP)
#0 C:\laragon\www\Project\helpme\app\Controllers\RequestController.php(78): CodeIgniter\Debug\Exceptions->errorHandler(2, 'Use of undefine...', 'C:\\laragon\\www\\...', 78, Array)
#1 C:\laragon\www\Project\helpme\system\CodeIgniter.php(832): App\Controllers\RequestController->FileStore()
#2 C:\laragon\www\Project\helpme\system\CodeIgniter.php(419): CodeIgniter\CodeIgniter->runController(Object(App\Controllers\RequestController))
#3 C:\laragon\www\Project\helpme\system\CodeIgniter.php(326): CodeIgniter\CodeIgniter->handleRequest(NULL, Object(Config\Cache), false)
#4 C:\laragon\www\Project\index.php(37): CodeIgniter\CodeIgniter->run()
#5 {main}
CRITICAL - 2022-09-16 08:16:40 --> Use of undefined constant pending - assumed 'pending' (this will throw an Error in a future version of PHP)
#0 C:\laragon\www\Project\helpme\app\Controllers\RequestController.php(78): CodeIgniter\Debug\Exceptions->errorHandler(2, 'Use of undefine...', 'C:\\laragon\\www\\...', 78, Array)
#1 C:\laragon\www\Project\helpme\system\CodeIgniter.php(832): App\Controllers\RequestController->FileStore()
#2 C:\laragon\www\Project\helpme\system\CodeIgniter.php(419): CodeIgniter\CodeIgniter->runController(Object(App\Controllers\RequestController))
#3 C:\laragon\www\Project\helpme\system\CodeIgniter.php(326): CodeIgniter\CodeIgniter->handleRequest(NULL, Object(Config\Cache), false)
#4 C:\laragon\www\Project\index.php(37): CodeIgniter\CodeIgniter->run()
#5 {main}
CRITICAL - 2022-09-16 08:17:08 --> Use of undefined constant pending - assumed 'pending' (this will throw an Error in a future version of PHP)
#0 C:\laragon\www\Project\helpme\app\Controllers\RequestController.php(71): CodeIgniter\Debug\Exceptions->errorHandler(2, 'Use of undefine...', 'C:\\laragon\\www\\...', 71, Array)
#1 C:\laragon\www\Project\helpme\system\CodeIgniter.php(832): App\Controllers\RequestController->FileStore()
#2 C:\laragon\www\Project\helpme\system\CodeIgniter.php(419): CodeIgniter\CodeIgniter->runController(Object(App\Controllers\RequestController))
#3 C:\laragon\www\Project\helpme\system\CodeIgniter.php(326): CodeIgniter\CodeIgniter->handleRequest(NULL, Object(Config\Cache), false)
#4 C:\laragon\www\Project\index.php(37): CodeIgniter\CodeIgniter->run()
#5 {main}
CRITICAL - 2022-09-16 08:17:22 --> Use of undefined constant pending - assumed 'pending' (this will throw an Error in a future version of PHP)
#0 C:\laragon\www\Project\helpme\app\Controllers\RequestController.php(79): CodeIgniter\Debug\Exceptions->errorHandler(2, 'Use of undefine...', 'C:\\laragon\\www\\...', 79, Array)
#1 C:\laragon\www\Project\helpme\system\CodeIgniter.php(832): App\Controllers\RequestController->FileStore()
#2 C:\laragon\www\Project\helpme\system\CodeIgniter.php(419): CodeIgniter\CodeIgniter->runController(Object(App\Controllers\RequestController))
#3 C:\laragon\www\Project\helpme\system\CodeIgniter.php(326): CodeIgniter\CodeIgniter->handleRequest(NULL, Object(Config\Cache), false)
#4 C:\laragon\www\Project\index.php(37): CodeIgniter\CodeIgniter->run()
#5 {main}
CRITICAL - 2022-09-16 08:37:11 --> Use of undefined constant decline - assumed 'decline' (this will throw an Error in a future version of PHP)
#0 C:\laragon\www\Project\helpme\app\Controllers\ClientController.php(244): CodeIgniter\Debug\Exceptions->errorHandler(2, 'Use of undefine...', 'C:\\laragon\\www\\...', 244, Array)
#1 C:\laragon\www\Project\helpme\system\CodeIgniter.php(832): App\Controllers\ClientController->regedit('12')
#2 C:\laragon\www\Project\helpme\system\CodeIgniter.php(419): CodeIgniter\CodeIgniter->runController(Object(App\Controllers\ClientController))
#3 C:\laragon\www\Project\helpme\system\CodeIgniter.php(326): CodeIgniter\CodeIgniter->handleRequest(NULL, Object(Config\Cache), false)
#4 C:\laragon\www\Project\index.php(37): CodeIgniter\CodeIgniter->run()
#5 {main}
CRITICAL - 2022-09-16 08:44:11 --> Use of undefined constant decline - assumed 'decline' (this will throw an Error in a future version of PHP)
#0 C:\laragon\www\Project\helpme\app\Controllers\ClientController.php(244): CodeIgniter\Debug\Exceptions->errorHandler(2, 'Use of undefine...', 'C:\\laragon\\www\\...', 244, Array)
#1 C:\laragon\www\Project\helpme\system\CodeIgniter.php(832): App\Controllers\ClientController->decline('12')
#2 C:\laragon\www\Project\helpme\system\CodeIgniter.php(419): CodeIgniter\CodeIgniter->runController(Object(App\Controllers\ClientController))
#3 C:\laragon\www\Project\helpme\system\CodeIgniter.php(326): CodeIgniter\CodeIgniter->handleRequest(NULL, Object(Config\Cache), false)
#4 C:\laragon\www\Project\index.php(37): CodeIgniter\CodeIgniter->run()
#5 {main}
CRITICAL - 2022-09-16 09:17:47 --> syntax error, unexpected ';', expecting ']'
#0 C:\laragon\www\Project\helpme\system\Router\Router.php(175): CodeIgniter\Router\Router->autoRoute('ClientControlle...')
#1 C:\laragon\www\Project\helpme\system\CodeIgniter.php(726): CodeIgniter\Router\Router->handle('ClientControlle...')
#2 C:\laragon\www\Project\helpme\system\CodeIgniter.php(368): CodeIgniter\CodeIgniter->tryToRouteIt(Object(CodeIgniter\Router\RouteCollection))
#3 C:\laragon\www\Project\helpme\system\CodeIgniter.php(326): CodeIgniter\CodeIgniter->handleRequest(NULL, Object(Config\Cache), false)
#4 C:\laragon\www\Project\index.php(37): CodeIgniter\CodeIgniter->run()
#5 {main}
CRITICAL - 2022-09-16 09:17:48 --> syntax error, unexpected ';', expecting ']'
#0 C:\laragon\www\Project\helpme\system\Autoloader\Autoloader.php(241): CodeIgniter\Autoloader\Autoloader->includeFile('C:\\laragon\\www\\...')
#1 C:\laragon\www\Project\helpme\system\Autoloader\Autoloader.php(219): CodeIgniter\Autoloader\Autoloader->loadInNamespace('App\\Controllers...')
#2 [internal function]: CodeIgniter\Autoloader\Autoloader->loadClass('App\\Controllers...')
#3 [internal function]: spl_autoload_call('App\\Controllers...')
#4 C:\laragon\www\Project\helpme\system\CodeIgniter.php(797): class_exists('\\App\\Controller...', true)
#5 C:\laragon\www\Project\helpme\system\CodeIgniter.php(406): CodeIgniter\CodeIgniter->startController()
#6 C:\laragon\www\Project\helpme\system\CodeIgniter.php(326): CodeIgniter\CodeIgniter->handleRequest(NULL, Object(Config\Cache), false)
#7 C:\laragon\www\Project\index.php(37): CodeIgniter\CodeIgniter->run()
#8 {main}
CRITICAL - 2022-09-16 09:19:36 --> syntax error, unexpected ';', expecting ']'
#0 C:\laragon\www\Project\helpme\system\Autoloader\Autoloader.php(241): CodeIgniter\Autoloader\Autoloader->includeFile('C:\\laragon\\www\\...')
#1 C:\laragon\www\Project\helpme\system\Autoloader\Autoloader.php(219): CodeIgniter\Autoloader\Autoloader->loadInNamespace('App\\Controllers...')
#2 [internal function]: CodeIgniter\Autoloader\Autoloader->loadClass('App\\Controllers...')
#3 [internal function]: spl_autoload_call('App\\Controllers...')
#4 C:\laragon\www\Project\helpme\system\CodeIgniter.php(797): class_exists('\\App\\Controller...', true)
#5 C:\laragon\www\Project\helpme\system\CodeIgniter.php(406): CodeIgniter\CodeIgniter->startController()
#6 C:\laragon\www\Project\helpme\system\CodeIgniter.php(326): CodeIgniter\CodeIgniter->handleRequest(NULL, Object(Config\Cache), false)
#7 C:\laragon\www\Project\index.php(37): CodeIgniter\CodeIgniter->run()
#8 {main}
CRITICAL - 2022-09-16 09:20:45 --> syntax error, unexpected ';', expecting ']'
#0 C:\laragon\www\Project\helpme\system\Autoloader\Autoloader.php(241): CodeIgniter\Autoloader\Autoloader->includeFile('C:\\laragon\\www\\...')
#1 C:\laragon\www\Project\helpme\system\Autoloader\Autoloader.php(219): CodeIgniter\Autoloader\Autoloader->loadInNamespace('App\\Controllers...')
#2 [internal function]: CodeIgniter\Autoloader\Autoloader->loadClass('App\\Controllers...')
#3 [internal function]: spl_autoload_call('App\\Controllers...')
#4 C:\laragon\www\Project\helpme\system\CodeIgniter.php(797): class_exists('\\App\\Controller...', true)
#5 C:\laragon\www\Project\helpme\system\CodeIgniter.php(406): CodeIgniter\CodeIgniter->startController()
#6 C:\laragon\www\Project\helpme\system\CodeIgniter.php(326): CodeIgniter\CodeIgniter->handleRequest(NULL, Object(Config\Cache), false)
#7 C:\laragon\www\Project\index.php(37): CodeIgniter\CodeIgniter->run()
#8 {main}
