CRITICAL - 2022-04-09 22:04:36 --> Invalid argument supplied for foreach()
#0 C:\Users\carpel\Desktop\Project\app\Views\clientlist.php(27): CodeIgniter\Debug\Exceptions->errorHandler(2, 'Invalid argumen...', 'C:\\Users\\carpel...', 27, Array)
#1 C:\Users\carpel\Desktop\Project\system\View\View.php(210): include('C:\\Users\\carpel...')
#2 C:\Users\carpel\Desktop\Project\system\View\View.php(213): CodeIgniter\View\View->CodeIgniter\View\{closure}()
#3 C:\Users\carpel\Desktop\Project\system\Common.php(1089): CodeIgniter\View\View->render('clientlist', Array, true)
#4 C:\Users\carpel\Desktop\Project\app\Controllers\ClientController.php(16): view('clientlist', Array)
#5 C:\Users\carpel\Desktop\Project\system\CodeIgniter.php(832): App\Controllers\ClientController->list()
#6 C:\Users\carpel\Desktop\Project\system\CodeIgniter.php(419): CodeIgniter\CodeIgniter->runController(Object(App\Controllers\ClientController))
#7 C:\Users\carpel\Desktop\Project\system\CodeIgniter.php(326): CodeIgniter\CodeIgniter->handleRequest(NULL, Object(Config\Cache), false)
#8 C:\Users\carpel\Desktop\Project\public\index.php(37): CodeIgniter\CodeIgniter->run()
#9 C:\Users\carpel\Desktop\Project\system\Commands\Server\rewrite.php(43): require_once('C:\\Users\\carpel...')
#10 {main}
CRITICAL - 2022-04-09 22:05:46 --> Cannot declare class App\Controllers\client because the name is already in use
#0 [internal function]: CodeIgniter\Debug\Exceptions->shutdownHandler()
#1 {main}
CRITICAL - 2022-04-09 22:06:09 --> Cannot declare class App\Controllers\client because the name is already in use
#0 [internal function]: CodeIgniter\Debug\Exceptions->shutdownHandler()
#1 {main}
CRITICAL - 2022-04-09 22:48:45 --> Cannot declare class App\Controllers\client because the name is already in use
#0 [internal function]: CodeIgniter\Debug\Exceptions->shutdownHandler()
#1 {main}
CRITICAL - 2022-04-09 22:49:30 --> Cannot declare class App\Controllers\client because the name is already in use
#0 [internal function]: CodeIgniter\Debug\Exceptions->shutdownHandler()
#1 {main}
CRITICAL - 2022-04-09 22:49:31 --> Cannot declare class App\Controllers\client because the name is already in use
#0 [internal function]: CodeIgniter\Debug\Exceptions->shutdownHandler()
#1 {main}
CRITICAL - 2022-04-09 22:49:32 --> Cannot declare class App\Controllers\client because the name is already in use
#0 [internal function]: CodeIgniter\Debug\Exceptions->shutdownHandler()
#1 {main}
CRITICAL - 2022-04-09 22:49:47 --> Cannot declare class App\Controllers\client because the name is already in use
#0 [internal function]: CodeIgniter\Debug\Exceptions->shutdownHandler()
#1 {main}
CRITICAL - 2022-04-09 22:49:48 --> Cannot declare class App\Controllers\client because the name is already in use
#0 [internal function]: CodeIgniter\Debug\Exceptions->shutdownHandler()
#1 {main}
CRITICAL - 2022-04-09 22:49:48 --> Cannot declare class App\Controllers\client because the name is already in use
#0 [internal function]: CodeIgniter\Debug\Exceptions->shutdownHandler()
#1 {main}
CRITICAL - 2022-04-09 22:49:48 --> Cannot declare class App\Controllers\client because the name is already in use
#0 [internal function]: CodeIgniter\Debug\Exceptions->shutdownHandler()
#1 {main}
CRITICAL - 2022-04-09 22:50:23 --> Cannot declare class App\Controllers\client because the name is already in use
#0 [internal function]: CodeIgniter\Debug\Exceptions->shutdownHandler()
#1 {main}
CRITICAL - 2022-04-09 22:50:23 --> Cannot declare class App\Controllers\client because the name is already in use
#0 [internal function]: CodeIgniter\Debug\Exceptions->shutdownHandler()
#1 {main}
CRITICAL - 2022-04-09 22:50:24 --> Cannot declare class App\Controllers\client because the name is already in use
#0 [internal function]: CodeIgniter\Debug\Exceptions->shutdownHandler()
#1 {main}
CRITICAL - 2022-04-09 22:50:24 --> Cannot declare class App\Controllers\client because the name is already in use
#0 [internal function]: CodeIgniter\Debug\Exceptions->shutdownHandler()
#1 {main}
CRITICAL - 2022-04-09 22:50:24 --> Cannot declare class App\Controllers\client because the name is already in use
#0 [internal function]: CodeIgniter\Debug\Exceptions->shutdownHandler()
#1 {main}
CRITICAL - 2022-04-09 22:56:53 --> Cannot declare class App\Controllers\client because the name is already in use
#0 [internal function]: CodeIgniter\Debug\Exceptions->shutdownHandler()
#1 {main}
CRITICAL - 2022-04-09 22:56:53 --> Cannot declare class App\Controllers\client because the name is already in use
#0 [internal function]: CodeIgniter\Debug\Exceptions->shutdownHandler()
#1 {main}
CRITICAL - 2022-04-09 22:56:53 --> Cannot declare class App\Controllers\client because the name is already in use
#0 [internal function]: CodeIgniter\Debug\Exceptions->shutdownHandler()
#1 {main}
CRITICAL - 2022-04-09 22:58:11 --> Cannot declare class App\Controllers\client because the name is already in use
#0 [internal function]: CodeIgniter\Debug\Exceptions->shutdownHandler()
#1 {main}
CRITICAL - 2022-04-09 22:58:12 --> Cannot declare class App\Controllers\client because the name is already in use
#0 [internal function]: CodeIgniter\Debug\Exceptions->shutdownHandler()
#1 {main}
CRITICAL - 2022-04-09 22:58:12 --> Cannot declare class App\Controllers\client because the name is already in use
#0 [internal function]: CodeIgniter\Debug\Exceptions->shutdownHandler()
#1 {main}
CRITICAL - 2022-04-09 22:58:12 --> Cannot declare class App\Controllers\client because the name is already in use
#0 [internal function]: CodeIgniter\Debug\Exceptions->shutdownHandler()
#1 {main}
CRITICAL - 2022-04-09 22:58:12 --> Cannot declare class App\Controllers\client because the name is already in use
#0 [internal function]: CodeIgniter\Debug\Exceptions->shutdownHandler()
#1 {main}
CRITICAL - 2022-04-09 22:58:13 --> Cannot declare class App\Controllers\client because the name is already in use
#0 [internal function]: CodeIgniter\Debug\Exceptions->shutdownHandler()
#1 {main}
CRITICAL - 2022-04-09 22:58:13 --> Cannot declare class App\Controllers\client because the name is already in use
#0 [internal function]: CodeIgniter\Debug\Exceptions->shutdownHandler()
#1 {main}
CRITICAL - 2022-04-09 22:58:13 --> Cannot declare class App\Controllers\client because the name is already in use
#0 [internal function]: CodeIgniter\Debug\Exceptions->shutdownHandler()
#1 {main}
CRITICAL - 2022-04-09 22:58:13 --> Cannot declare class App\Controllers\client because the name is already in use
#0 [internal function]: CodeIgniter\Debug\Exceptions->shutdownHandler()
#1 {main}
CRITICAL - 2022-04-09 22:58:13 --> Cannot declare class App\Controllers\client because the name is already in use
#0 [internal function]: CodeIgniter\Debug\Exceptions->shutdownHandler()
#1 {main}
CRITICAL - 2022-04-09 22:58:13 --> Cannot declare class App\Controllers\client because the name is already in use
#0 [internal function]: CodeIgniter\Debug\Exceptions->shutdownHandler()
#1 {main}
CRITICAL - 2022-04-09 22:58:14 --> Cannot declare class App\Controllers\client because the name is already in use
#0 [internal function]: CodeIgniter\Debug\Exceptions->shutdownHandler()
#1 {main}
CRITICAL - 2022-04-09 22:58:14 --> Cannot declare class App\Controllers\client because the name is already in use
#0 [internal function]: CodeIgniter\Debug\Exceptions->shutdownHandler()
#1 {main}
CRITICAL - 2022-04-09 22:58:14 --> Cannot declare class App\Controllers\client because the name is already in use
#0 [internal function]: CodeIgniter\Debug\Exceptions->shutdownHandler()
#1 {main}
CRITICAL - 2022-04-09 22:59:08 --> Cannot declare class App\Controllers\client because the name is already in use
#0 [internal function]: CodeIgniter\Debug\Exceptions->shutdownHandler()
#1 {main}
CRITICAL - 2022-04-09 23:00:10 --> Cannot declare class App\Controllers\client because the name is already in use
#0 [internal function]: CodeIgniter\Debug\Exceptions->shutdownHandler()
#1 {main}
CRITICAL - 2022-04-09 23:00:10 --> Cannot declare class App\Controllers\client because the name is already in use
#0 [internal function]: CodeIgniter\Debug\Exceptions->shutdownHandler()
#1 {main}
CRITICAL - 2022-04-09 23:00:11 --> Cannot declare class App\Controllers\client because the name is already in use
#0 [internal function]: CodeIgniter\Debug\Exceptions->shutdownHandler()
#1 {main}
CRITICAL - 2022-04-09 23:00:11 --> Cannot declare class App\Controllers\client because the name is already in use
#0 [internal function]: CodeIgniter\Debug\Exceptions->shutdownHandler()
#1 {main}
CRITICAL - 2022-04-09 23:00:11 --> Cannot declare class App\Controllers\client because the name is already in use
#0 [internal function]: CodeIgniter\Debug\Exceptions->shutdownHandler()
#1 {main}
CRITICAL - 2022-04-09 23:13:34 --> Invalid file: listclient.php
#0 C:\Users\carpel\Desktop\Project\system\View\View.php(198): CodeIgniter\Exceptions\FrameworkException::forInvalidFile('listclient.php')
#1 C:\Users\carpel\Desktop\Project\system\Common.php(1089): CodeIgniter\View\View->render('listclient', Array, true)
#2 C:\Users\carpel\Desktop\Project\app\Controllers\ClientLogController.php(65): view('listclient', Array)
#3 C:\Users\carpel\Desktop\Project\system\CodeIgniter.php(832): App\Controllers\ClientLogController->listclient()
#4 C:\Users\carpel\Desktop\Project\system\CodeIgniter.php(419): CodeIgniter\CodeIgniter->runController(Object(App\Controllers\ClientLogController))
#5 C:\Users\carpel\Desktop\Project\system\CodeIgniter.php(326): CodeIgniter\CodeIgniter->handleRequest(NULL, Object(Config\Cache), false)
#6 C:\Users\carpel\Desktop\Project\public\index.php(37): CodeIgniter\CodeIgniter->run()
#7 C:\Users\carpel\Desktop\Project\system\Commands\Server\rewrite.php(43): require_once('C:\\Users\\carpel...')
#8 {main}
CRITICAL - 2022-04-09 23:16:39 --> Invalid file: listclient.php
#0 C:\Users\carpel\Desktop\Project\system\View\View.php(198): CodeIgniter\Exceptions\FrameworkException::forInvalidFile('listclient.php')
#1 C:\Users\carpel\Desktop\Project\system\Common.php(1089): CodeIgniter\View\View->render('listclient', Array, true)
#2 C:\Users\carpel\Desktop\Project\app\Controllers\ClientLogController.php(65): view('listclient', Array)
#3 C:\Users\carpel\Desktop\Project\system\CodeIgniter.php(832): App\Controllers\ClientLogController->listclient()
#4 C:\Users\carpel\Desktop\Project\system\CodeIgniter.php(419): CodeIgniter\CodeIgniter->runController(Object(App\Controllers\ClientLogController))
#5 C:\Users\carpel\Desktop\Project\system\CodeIgniter.php(326): CodeIgniter\CodeIgniter->handleRequest(NULL, Object(Config\Cache), false)
#6 C:\Users\carpel\Desktop\Project\public\index.php(37): CodeIgniter\CodeIgniter->run()
#7 C:\Users\carpel\Desktop\Project\system\Commands\Server\rewrite.php(43): require_once('C:\\Users\\carpel...')
#8 {main}
CRITICAL - 2022-04-09 23:17:15 --> syntax error, unexpected '=>' (T_DOUBLE_ARROW), expecting ']'
#0 C:\Users\carpel\Desktop\Project\system\Autoloader\Autoloader.php(241): CodeIgniter\Autoloader\Autoloader->includeFile('C:\\Users\\carpel...')
#1 C:\Users\carpel\Desktop\Project\system\Autoloader\Autoloader.php(219): CodeIgniter\Autoloader\Autoloader->loadInNamespace('App\\Controllers...')
#2 [internal function]: CodeIgniter\Autoloader\Autoloader->loadClass('App\\Controllers...')
#3 [internal function]: spl_autoload_call('App\\Controllers...')
#4 C:\Users\carpel\Desktop\Project\system\CodeIgniter.php(797): class_exists('\\App\\Controller...', true)
#5 C:\Users\carpel\Desktop\Project\system\CodeIgniter.php(406): CodeIgniter\CodeIgniter->startController()
#6 C:\Users\carpel\Desktop\Project\system\CodeIgniter.php(326): CodeIgniter\CodeIgniter->handleRequest(NULL, Object(Config\Cache), false)
#7 C:\Users\carpel\Desktop\Project\public\index.php(37): CodeIgniter\CodeIgniter->run()
#8 C:\Users\carpel\Desktop\Project\system\Commands\Server\rewrite.php(43): require_once('C:\\Users\\carpel...')
#9 {main}
