CRITICAL - 2022-05-23 12:08:48 --> Invalid file: changepass.php
#0 C:\Users\carpel\Desktop\Project\system\View\View.php(198): CodeIgniter\Exceptions\FrameworkException::forInvalidFile('changepass.php')
#1 C:\Users\carpel\Desktop\Project\system\Common.php(1089): CodeIgniter\View\View->render('changepass', Array, true)
#2 C:\Users\carpel\Desktop\Project\app\Controllers\UserController.php(25): view('changepass', Array)
#3 C:\Users\carpel\Desktop\Project\system\CodeIgniter.php(832): App\Controllers\UserController->passwordreset('hNMTuWKdgys8xFa...')
#4 C:\Users\carpel\Desktop\Project\system\CodeIgniter.php(419): CodeIgniter\CodeIgniter->runController(Object(App\Controllers\UserController))
#5 C:\Users\carpel\Desktop\Project\system\CodeIgniter.php(326): CodeIgniter\CodeIgniter->handleRequest(NULL, Object(Config\Cache), false)
#6 C:\Users\carpel\Desktop\Project\public\index.php(37): CodeIgniter\CodeIgniter->run()
#7 C:\Users\carpel\Desktop\Project\system\Commands\Server\rewrite.php(43): require_once('C:\\Users\\carpel...')
#8 {main}
CRITICAL - 2022-05-23 12:14:48 --> There is no data to update.
#0 C:\Users\carpel\Desktop\Project\system\BaseModel.php(1574): CodeIgniter\Database\Exceptions\DataException::forEmptyDataset('update')
#1 C:\Users\carpel\Desktop\Project\system\BaseModel.php(832): CodeIgniter\BaseModel->transformDataToArray(NULL, 'update')
#2 C:\Users\carpel\Desktop\Project\system\Model.php(651): CodeIgniter\BaseModel->update(Array, NULL)
#3 C:\Users\carpel\Desktop\Project\app\Controllers\UserController.php(46): CodeIgniter\Model->update(Array)
#4 C:\Users\carpel\Desktop\Project\system\CodeIgniter.php(832): App\Controllers\UserController->changep()
#5 C:\Users\carpel\Desktop\Project\system\CodeIgniter.php(419): CodeIgniter\CodeIgniter->runController(Object(App\Controllers\UserController))
#6 C:\Users\carpel\Desktop\Project\system\CodeIgniter.php(326): CodeIgniter\CodeIgniter->handleRequest(NULL, Object(Config\Cache), false)
#7 C:\Users\carpel\Desktop\Project\public\index.php(37): CodeIgniter\CodeIgniter->run()
#8 C:\Users\carpel\Desktop\Project\system\Commands\Server\rewrite.php(43): require_once('C:\\Users\\carpel...')
#9 {main}
CRITICAL - 2022-05-23 12:26:27 --> syntax error, unexpected '=>' (T_DOUBLE_ARROW), expecting ')'
#0 C:\Users\carpel\Desktop\Project\system\Autoloader\Autoloader.php(241): CodeIgniter\Autoloader\Autoloader->includeFile('C:\\Users\\carpel...')
#1 C:\Users\carpel\Desktop\Project\system\Autoloader\Autoloader.php(219): CodeIgniter\Autoloader\Autoloader->loadInNamespace('App\\Controllers...')
#2 [internal function]: CodeIgniter\Autoloader\Autoloader->loadClass('App\\Controllers...')
#3 [internal function]: spl_autoload_call('App\\Controllers...')
#4 C:\Users\carpel\Desktop\Project\system\CodeIgniter.php(797): class_exists('\\App\\Controller...', true)
#5 C:\Users\carpel\Desktop\Project\system\CodeIgniter.php(406): CodeIgniter\CodeIgniter->startController()
#6 C:\Users\carpel\Desktop\Project\system\CodeIgniter.php(326): CodeIgniter\CodeIgniter->handleRequest(NULL, Object(Config\Cache), false)
#7 C:\Users\carpel\Desktop\Project\public\index.php(37): CodeIgniter\CodeIgniter->run()
#8 C:\Users\carpel\Desktop\Project\system\Commands\Server\rewrite.php(43): require_once('C:\\Users\\carpel...')
#9 {main}
CRITICAL - 2022-05-23 12:26:55 --> syntax error, unexpected '=>' (T_DOUBLE_ARROW), expecting ')'
#0 C:\Users\carpel\Desktop\Project\system\Autoloader\Autoloader.php(241): CodeIgniter\Autoloader\Autoloader->includeFile('C:\\Users\\carpel...')
#1 C:\Users\carpel\Desktop\Project\system\Autoloader\Autoloader.php(219): CodeIgniter\Autoloader\Autoloader->loadInNamespace('App\\Controllers...')
#2 [internal function]: CodeIgniter\Autoloader\Autoloader->loadClass('App\\Controllers...')
#3 [internal function]: spl_autoload_call('App\\Controllers...')
#4 C:\Users\carpel\Desktop\Project\system\CodeIgniter.php(797): class_exists('\\App\\Controller...', true)
#5 C:\Users\carpel\Desktop\Project\system\CodeIgniter.php(406): CodeIgniter\CodeIgniter->startController()
#6 C:\Users\carpel\Desktop\Project\system\CodeIgniter.php(326): CodeIgniter\CodeIgniter->handleRequest(NULL, Object(Config\Cache), false)
#7 C:\Users\carpel\Desktop\Project\public\index.php(37): CodeIgniter\CodeIgniter->run()
#8 C:\Users\carpel\Desktop\Project\system\Commands\Server\rewrite.php(43): require_once('C:\\Users\\carpel...')
#9 {main}
CRITICAL - 2022-05-23 12:27:00 --> syntax error, unexpected '=>' (T_DOUBLE_ARROW), expecting ')'
#0 C:\Users\carpel\Desktop\Project\system\Autoloader\Autoloader.php(241): CodeIgniter\Autoloader\Autoloader->includeFile('C:\\Users\\carpel...')
#1 C:\Users\carpel\Desktop\Project\system\Autoloader\Autoloader.php(219): CodeIgniter\Autoloader\Autoloader->loadInNamespace('App\\Controllers...')
#2 [internal function]: CodeIgniter\Autoloader\Autoloader->loadClass('App\\Controllers...')
#3 [internal function]: spl_autoload_call('App\\Controllers...')
#4 C:\Users\carpel\Desktop\Project\system\CodeIgniter.php(797): class_exists('\\App\\Controller...', true)
#5 C:\Users\carpel\Desktop\Project\system\CodeIgniter.php(406): CodeIgniter\CodeIgniter->startController()
#6 C:\Users\carpel\Desktop\Project\system\CodeIgniter.php(326): CodeIgniter\CodeIgniter->handleRequest(NULL, Object(Config\Cache), false)
#7 C:\Users\carpel\Desktop\Project\public\index.php(37): CodeIgniter\CodeIgniter->run()
#8 C:\Users\carpel\Desktop\Project\system\Commands\Server\rewrite.php(43): require_once('C:\\Users\\carpel...')
#9 {main}
CRITICAL - 2022-05-23 12:27:02 --> syntax error, unexpected '=>' (T_DOUBLE_ARROW), expecting ')'
#0 C:\Users\carpel\Desktop\Project\system\Autoloader\Autoloader.php(241): CodeIgniter\Autoloader\Autoloader->includeFile('C:\\Users\\carpel...')
#1 C:\Users\carpel\Desktop\Project\system\Autoloader\Autoloader.php(219): CodeIgniter\Autoloader\Autoloader->loadInNamespace('App\\Controllers...')
#2 [internal function]: CodeIgniter\Autoloader\Autoloader->loadClass('App\\Controllers...')
#3 [internal function]: spl_autoload_call('App\\Controllers...')
#4 C:\Users\carpel\Desktop\Project\system\CodeIgniter.php(797): class_exists('\\App\\Controller...', true)
#5 C:\Users\carpel\Desktop\Project\system\CodeIgniter.php(406): CodeIgniter\CodeIgniter->startController()
#6 C:\Users\carpel\Desktop\Project\system\CodeIgniter.php(326): CodeIgniter\CodeIgniter->handleRequest(NULL, Object(Config\Cache), false)
#7 C:\Users\carpel\Desktop\Project\public\index.php(37): CodeIgniter\CodeIgniter->run()
#8 C:\Users\carpel\Desktop\Project\system\Commands\Server\rewrite.php(43): require_once('C:\\Users\\carpel...')
#9 {main}
CRITICAL - 2022-05-23 12:27:04 --> syntax error, unexpected '=>' (T_DOUBLE_ARROW), expecting ')'
#0 C:\Users\carpel\Desktop\Project\system\Autoloader\Autoloader.php(241): CodeIgniter\Autoloader\Autoloader->includeFile('C:\\Users\\carpel...')
#1 C:\Users\carpel\Desktop\Project\system\Autoloader\Autoloader.php(219): CodeIgniter\Autoloader\Autoloader->loadInNamespace('App\\Controllers...')
#2 [internal function]: CodeIgniter\Autoloader\Autoloader->loadClass('App\\Controllers...')
#3 [internal function]: spl_autoload_call('App\\Controllers...')
#4 C:\Users\carpel\Desktop\Project\system\CodeIgniter.php(797): class_exists('\\App\\Controller...', true)
#5 C:\Users\carpel\Desktop\Project\system\CodeIgniter.php(406): CodeIgniter\CodeIgniter->startController()
#6 C:\Users\carpel\Desktop\Project\system\CodeIgniter.php(326): CodeIgniter\CodeIgniter->handleRequest(NULL, Object(Config\Cache), false)
#7 C:\Users\carpel\Desktop\Project\public\index.php(37): CodeIgniter\CodeIgniter->run()
#8 C:\Users\carpel\Desktop\Project\system\Commands\Server\rewrite.php(43): require_once('C:\\Users\\carpel...')
#9 {main}
CRITICAL - 2022-05-23 12:27:05 --> syntax error, unexpected '=>' (T_DOUBLE_ARROW), expecting ')'
#0 C:\Users\carpel\Desktop\Project\system\Autoloader\Autoloader.php(241): CodeIgniter\Autoloader\Autoloader->includeFile('C:\\Users\\carpel...')
#1 C:\Users\carpel\Desktop\Project\system\Autoloader\Autoloader.php(219): CodeIgniter\Autoloader\Autoloader->loadInNamespace('App\\Controllers...')
#2 [internal function]: CodeIgniter\Autoloader\Autoloader->loadClass('App\\Controllers...')
#3 [internal function]: spl_autoload_call('App\\Controllers...')
#4 C:\Users\carpel\Desktop\Project\system\CodeIgniter.php(797): class_exists('\\App\\Controller...', true)
#5 C:\Users\carpel\Desktop\Project\system\CodeIgniter.php(406): CodeIgniter\CodeIgniter->startController()
#6 C:\Users\carpel\Desktop\Project\system\CodeIgniter.php(326): CodeIgniter\CodeIgniter->handleRequest(NULL, Object(Config\Cache), false)
#7 C:\Users\carpel\Desktop\Project\public\index.php(37): CodeIgniter\CodeIgniter->run()
#8 C:\Users\carpel\Desktop\Project\system\Commands\Server\rewrite.php(43): require_once('C:\\Users\\carpel...')
#9 {main}
CRITICAL - 2022-05-23 12:27:26 --> syntax error, unexpected '=>' (T_DOUBLE_ARROW), expecting ')'
#0 C:\Users\carpel\Desktop\Project\system\Autoloader\Autoloader.php(241): CodeIgniter\Autoloader\Autoloader->includeFile('C:\\Users\\carpel...')
#1 C:\Users\carpel\Desktop\Project\system\Autoloader\Autoloader.php(219): CodeIgniter\Autoloader\Autoloader->loadInNamespace('App\\Controllers...')
#2 [internal function]: CodeIgniter\Autoloader\Autoloader->loadClass('App\\Controllers...')
#3 [internal function]: spl_autoload_call('App\\Controllers...')
#4 C:\Users\carpel\Desktop\Project\system\CodeIgniter.php(797): class_exists('\\App\\Controller...', true)
#5 C:\Users\carpel\Desktop\Project\system\CodeIgniter.php(406): CodeIgniter\CodeIgniter->startController()
#6 C:\Users\carpel\Desktop\Project\system\CodeIgniter.php(326): CodeIgniter\CodeIgniter->handleRequest(NULL, Object(Config\Cache), false)
#7 C:\Users\carpel\Desktop\Project\public\index.php(37): CodeIgniter\CodeIgniter->run()
#8 C:\Users\carpel\Desktop\Project\system\Commands\Server\rewrite.php(43): require_once('C:\\Users\\carpel...')
#9 {main}
CRITICAL - 2022-05-23 12:27:29 --> Invalid file: add_todo .php
#0 C:\Users\carpel\Desktop\Project\system\View\View.php(198): CodeIgniter\Exceptions\FrameworkException::forInvalidFile('add_todo .php')
#1 C:\Users\carpel\Desktop\Project\system\View\View.php(424): CodeIgniter\View\View->render('add_todo ', NULL, true)
#2 C:\Users\carpel\Desktop\Project\app\Views\FirstDistrict\Dashboard\Dashboard.php(9): CodeIgniter\View\View->include('add_todo ')
#3 C:\Users\carpel\Desktop\Project\system\View\View.php(210): include('C:\\Users\\carpel...')
#4 C:\Users\carpel\Desktop\Project\system\View\View.php(213): CodeIgniter\View\View->CodeIgniter\View\{closure}()
#5 C:\Users\carpel\Desktop\Project\system\Common.php(1089): CodeIgniter\View\View->render('FirstDistrict/D...', Array, true)
#6 C:\Users\carpel\Desktop\Project\app\Controllers\Home.php(9): view('FirstDistrict/D...')
#7 C:\Users\carpel\Desktop\Project\system\CodeIgniter.php(832): App\Controllers\Home->index()
#8 C:\Users\carpel\Desktop\Project\system\CodeIgniter.php(419): CodeIgniter\CodeIgniter->runController(Object(App\Controllers\Home))
#9 C:\Users\carpel\Desktop\Project\system\CodeIgniter.php(326): CodeIgniter\CodeIgniter->handleRequest(NULL, Object(Config\Cache), false)
#10 C:\Users\carpel\Desktop\Project\public\index.php(37): CodeIgniter\CodeIgniter->run()
#11 C:\Users\carpel\Desktop\Project\system\Commands\Server\rewrite.php(43): require_once('C:\\Users\\carpel...')
#12 {main}
CRITICAL - 2022-05-23 12:27:32 --> Invalid file: add_todo .php
#0 C:\Users\carpel\Desktop\Project\system\View\View.php(198): CodeIgniter\Exceptions\FrameworkException::forInvalidFile('add_todo .php')
#1 C:\Users\carpel\Desktop\Project\system\View\View.php(424): CodeIgniter\View\View->render('add_todo ', NULL, true)
#2 C:\Users\carpel\Desktop\Project\app\Views\FirstDistrict\Dashboard\Dashboard.php(9): CodeIgniter\View\View->include('add_todo ')
#3 C:\Users\carpel\Desktop\Project\system\View\View.php(210): include('C:\\Users\\carpel...')
#4 C:\Users\carpel\Desktop\Project\system\View\View.php(213): CodeIgniter\View\View->CodeIgniter\View\{closure}()
#5 C:\Users\carpel\Desktop\Project\system\Common.php(1089): CodeIgniter\View\View->render('FirstDistrict/D...', Array, true)
#6 C:\Users\carpel\Desktop\Project\app\Controllers\Home.php(9): view('FirstDistrict/D...')
#7 C:\Users\carpel\Desktop\Project\system\CodeIgniter.php(832): App\Controllers\Home->index()
#8 C:\Users\carpel\Desktop\Project\system\CodeIgniter.php(419): CodeIgniter\CodeIgniter->runController(Object(App\Controllers\Home))
#9 C:\Users\carpel\Desktop\Project\system\CodeIgniter.php(326): CodeIgniter\CodeIgniter->handleRequest(NULL, Object(Config\Cache), false)
#10 C:\Users\carpel\Desktop\Project\public\index.php(37): CodeIgniter\CodeIgniter->run()
#11 C:\Users\carpel\Desktop\Project\system\Commands\Server\rewrite.php(43): require_once('C:\\Users\\carpel...')
#12 {main}
CRITICAL - 2022-05-23 12:27:36 --> syntax error, unexpected '=>' (T_DOUBLE_ARROW), expecting ')'
#0 C:\Users\carpel\Desktop\Project\system\Autoloader\Autoloader.php(241): CodeIgniter\Autoloader\Autoloader->includeFile('C:\\Users\\carpel...')
#1 C:\Users\carpel\Desktop\Project\system\Autoloader\Autoloader.php(219): CodeIgniter\Autoloader\Autoloader->loadInNamespace('App\\Controllers...')
#2 [internal function]: CodeIgniter\Autoloader\Autoloader->loadClass('App\\Controllers...')
#3 [internal function]: spl_autoload_call('App\\Controllers...')
#4 C:\Users\carpel\Desktop\Project\system\CodeIgniter.php(797): class_exists('\\App\\Controller...', true)
#5 C:\Users\carpel\Desktop\Project\system\CodeIgniter.php(406): CodeIgniter\CodeIgniter->startController()
#6 C:\Users\carpel\Desktop\Project\system\CodeIgniter.php(326): CodeIgniter\CodeIgniter->handleRequest(NULL, Object(Config\Cache), false)
#7 C:\Users\carpel\Desktop\Project\public\index.php(37): CodeIgniter\CodeIgniter->run()
#8 C:\Users\carpel\Desktop\Project\system\Commands\Server\rewrite.php(43): require_once('C:\\Users\\carpel...')
#9 {main}
CRITICAL - 2022-05-23 12:27:36 --> syntax error, unexpected '=>' (T_DOUBLE_ARROW), expecting ')'
#0 C:\Users\carpel\Desktop\Project\system\Autoloader\Autoloader.php(241): CodeIgniter\Autoloader\Autoloader->includeFile('C:\\Users\\carpel...')
#1 C:\Users\carpel\Desktop\Project\system\Autoloader\Autoloader.php(219): CodeIgniter\Autoloader\Autoloader->loadInNamespace('App\\Controllers...')
#2 [internal function]: CodeIgniter\Autoloader\Autoloader->loadClass('App\\Controllers...')
#3 [internal function]: spl_autoload_call('App\\Controllers...')
#4 C:\Users\carpel\Desktop\Project\system\CodeIgniter.php(797): class_exists('\\App\\Controller...', true)
#5 C:\Users\carpel\Desktop\Project\system\CodeIgniter.php(406): CodeIgniter\CodeIgniter->startController()
#6 C:\Users\carpel\Desktop\Project\system\CodeIgniter.php(326): CodeIgniter\CodeIgniter->handleRequest(NULL, Object(Config\Cache), false)
#7 C:\Users\carpel\Desktop\Project\public\index.php(37): CodeIgniter\CodeIgniter->run()
#8 C:\Users\carpel\Desktop\Project\system\Commands\Server\rewrite.php(43): require_once('C:\\Users\\carpel...')
#9 {main}
CRITICAL - 2022-05-23 12:27:50 --> syntax error, unexpected '=>' (T_DOUBLE_ARROW), expecting ')'
#0 C:\Users\carpel\Desktop\Project\system\Autoloader\Autoloader.php(241): CodeIgniter\Autoloader\Autoloader->includeFile('C:\\Users\\carpel...')
#1 C:\Users\carpel\Desktop\Project\system\Autoloader\Autoloader.php(219): CodeIgniter\Autoloader\Autoloader->loadInNamespace('App\\Controllers...')
#2 [internal function]: CodeIgniter\Autoloader\Autoloader->loadClass('App\\Controllers...')
#3 [internal function]: spl_autoload_call('App\\Controllers...')
#4 C:\Users\carpel\Desktop\Project\system\CodeIgniter.php(797): class_exists('\\App\\Controller...', true)
#5 C:\Users\carpel\Desktop\Project\system\CodeIgniter.php(406): CodeIgniter\CodeIgniter->startController()
#6 C:\Users\carpel\Desktop\Project\system\CodeIgniter.php(326): CodeIgniter\CodeIgniter->handleRequest(NULL, Object(Config\Cache), false)
#7 C:\Users\carpel\Desktop\Project\public\index.php(37): CodeIgniter\CodeIgniter->run()
#8 C:\Users\carpel\Desktop\Project\system\Commands\Server\rewrite.php(43): require_once('C:\\Users\\carpel...')
#9 {main}
CRITICAL - 2022-05-23 12:40:09 --> syntax error, unexpected '=>' (T_DOUBLE_ARROW)
#0 C:\Users\carpel\Desktop\Project\system\Autoloader\Autoloader.php(241): CodeIgniter\Autoloader\Autoloader->includeFile('C:\\Users\\carpel...')
#1 C:\Users\carpel\Desktop\Project\system\Autoloader\Autoloader.php(219): CodeIgniter\Autoloader\Autoloader->loadInNamespace('App\\Controllers...')
#2 [internal function]: CodeIgniter\Autoloader\Autoloader->loadClass('App\\Controllers...')
#3 [internal function]: spl_autoload_call('App\\Controllers...')
#4 C:\Users\carpel\Desktop\Project\system\CodeIgniter.php(797): class_exists('\\App\\Controller...', true)
#5 C:\Users\carpel\Desktop\Project\system\CodeIgniter.php(406): CodeIgniter\CodeIgniter->startController()
#6 C:\Users\carpel\Desktop\Project\system\CodeIgniter.php(326): CodeIgniter\CodeIgniter->handleRequest(NULL, Object(Config\Cache), false)
#7 C:\Users\carpel\Desktop\Project\public\index.php(37): CodeIgniter\CodeIgniter->run()
#8 C:\Users\carpel\Desktop\Project\system\Commands\Server\rewrite.php(43): require_once('C:\\Users\\carpel...')
#9 {main}
CRITICAL - 2022-05-23 12:40:23 --> syntax error, unexpected '=>' (T_DOUBLE_ARROW)
#0 C:\Users\carpel\Desktop\Project\system\Autoloader\Autoloader.php(241): CodeIgniter\Autoloader\Autoloader->includeFile('C:\\Users\\carpel...')
#1 C:\Users\carpel\Desktop\Project\system\Autoloader\Autoloader.php(219): CodeIgniter\Autoloader\Autoloader->loadInNamespace('App\\Controllers...')
#2 [internal function]: CodeIgniter\Autoloader\Autoloader->loadClass('App\\Controllers...')
#3 [internal function]: spl_autoload_call('App\\Controllers...')
#4 C:\Users\carpel\Desktop\Project\system\CodeIgniter.php(797): class_exists('\\App\\Controller...', true)
#5 C:\Users\carpel\Desktop\Project\system\CodeIgniter.php(406): CodeIgniter\CodeIgniter->startController()
#6 C:\Users\carpel\Desktop\Project\system\CodeIgniter.php(326): CodeIgniter\CodeIgniter->handleRequest(NULL, Object(Config\Cache), false)
#7 C:\Users\carpel\Desktop\Project\public\index.php(37): CodeIgniter\CodeIgniter->run()
#8 C:\Users\carpel\Desktop\Project\system\Commands\Server\rewrite.php(43): require_once('C:\\Users\\carpel...')
#9 {main}
CRITICAL - 2022-05-23 12:40:33 --> syntax error, unexpected '=>' (T_DOUBLE_ARROW)
#0 C:\Users\carpel\Desktop\Project\system\Autoloader\Autoloader.php(241): CodeIgniter\Autoloader\Autoloader->includeFile('C:\\Users\\carpel...')
#1 C:\Users\carpel\Desktop\Project\system\Autoloader\Autoloader.php(219): CodeIgniter\Autoloader\Autoloader->loadInNamespace('App\\Controllers...')
#2 [internal function]: CodeIgniter\Autoloader\Autoloader->loadClass('App\\Controllers...')
#3 [internal function]: spl_autoload_call('App\\Controllers...')
#4 C:\Users\carpel\Desktop\Project\system\CodeIgniter.php(797): class_exists('\\App\\Controller...', true)
#5 C:\Users\carpel\Desktop\Project\system\CodeIgniter.php(406): CodeIgniter\CodeIgniter->startController()
#6 C:\Users\carpel\Desktop\Project\system\CodeIgniter.php(326): CodeIgniter\CodeIgniter->handleRequest(NULL, Object(Config\Cache), false)
#7 C:\Users\carpel\Desktop\Project\public\index.php(37): CodeIgniter\CodeIgniter->run()
#8 C:\Users\carpel\Desktop\Project\system\Commands\Server\rewrite.php(43): require_once('C:\\Users\\carpel...')
#9 {main}
CRITICAL - 2022-05-23 12:40:47 --> syntax error, unexpected ';', expecting ']'
#0 C:\Users\carpel\Desktop\Project\system\Autoloader\Autoloader.php(241): CodeIgniter\Autoloader\Autoloader->includeFile('C:\\Users\\carpel...')
#1 C:\Users\carpel\Desktop\Project\system\Autoloader\Autoloader.php(219): CodeIgniter\Autoloader\Autoloader->loadInNamespace('App\\Controllers...')
#2 [internal function]: CodeIgniter\Autoloader\Autoloader->loadClass('App\\Controllers...')
#3 [internal function]: spl_autoload_call('App\\Controllers...')
#4 C:\Users\carpel\Desktop\Project\system\CodeIgniter.php(797): class_exists('\\App\\Controller...', true)
#5 C:\Users\carpel\Desktop\Project\system\CodeIgniter.php(406): CodeIgniter\CodeIgniter->startController()
#6 C:\Users\carpel\Desktop\Project\system\CodeIgniter.php(326): CodeIgniter\CodeIgniter->handleRequest(NULL, Object(Config\Cache), false)
#7 C:\Users\carpel\Desktop\Project\public\index.php(37): CodeIgniter\CodeIgniter->run()
#8 C:\Users\carpel\Desktop\Project\system\Commands\Server\rewrite.php(43): require_once('C:\\Users\\carpel...')
#9 {main}
CRITICAL - 2022-05-23 12:41:00 --> syntax error, unexpected '=>' (T_DOUBLE_ARROW)
#0 C:\Users\carpel\Desktop\Project\system\Autoloader\Autoloader.php(241): CodeIgniter\Autoloader\Autoloader->includeFile('C:\\Users\\carpel...')
#1 C:\Users\carpel\Desktop\Project\system\Autoloader\Autoloader.php(219): CodeIgniter\Autoloader\Autoloader->loadInNamespace('App\\Controllers...')
#2 [internal function]: CodeIgniter\Autoloader\Autoloader->loadClass('App\\Controllers...')
#3 [internal function]: spl_autoload_call('App\\Controllers...')
#4 C:\Users\carpel\Desktop\Project\system\CodeIgniter.php(797): class_exists('\\App\\Controller...', true)
#5 C:\Users\carpel\Desktop\Project\system\CodeIgniter.php(406): CodeIgniter\CodeIgniter->startController()
#6 C:\Users\carpel\Desktop\Project\system\CodeIgniter.php(326): CodeIgniter\CodeIgniter->handleRequest(NULL, Object(Config\Cache), false)
#7 C:\Users\carpel\Desktop\Project\public\index.php(37): CodeIgniter\CodeIgniter->run()
#8 C:\Users\carpel\Desktop\Project\system\Commands\Server\rewrite.php(43): require_once('C:\\Users\\carpel...')
#9 {main}
